Log file open, 06/07/22 16:38:31
LogWindows: Failed to load 'aqProf.dll' (GetLastError=126)
LogWindows: File 'aqProf.dll' does not exist
LogWindows: Failed to load 'VSPerf140.dll' (GetLastError=126)
LogWindows: File 'VSPerf140.dll' does not exist
LogWindows: Failed to load 'VtuneApi.dll' (GetLastError=126)
LogWindows: File 'VtuneApi.dll' does not exist
LogWindows: Failed to load 'VtuneApi32e.dll' (GetLastError=126)
LogWindows: File 'VtuneApi32e.dll' does not exist
LogInit: Display: Running engine for game: NeuralCar
LogPlatformFile: Not using cached read wrapper
LogTaskGraph: Started task graph with 5 named threads and 47 total threads with 3 sets of task threads.
LogStats: Stats thread started at 1.420345
LogD3D11RHI: Loaded GFSDK_Aftermath_Lib.x64.dll
LogICUInternationalization: Display: ICU TimeZone Detection - Raw Offset: +3:00, Platform Override: ''
LogPluginManager: Mounting plugin Paper2D
LogPluginManager: Mounting plugin AISupport
LogPluginManager: Mounting plugin LightPropagationVolume
LogPluginManager: Mounting plugin CLionSourceCodeAccess
LogPluginManager: Mounting plugin CodeLiteSourceCodeAccess
LogPluginManager: Mounting plugin GitSourceControl
LogPluginManager: Mounting plugin KDevelopSourceCodeAccess
LogPluginManager: Mounting plugin NullSourceCodeAccess
LogPluginManager: Mounting plugin PerforceSourceControl
LogPluginManager: Mounting plugin SubversionSourceControl
LogPluginManager: Mounting plugin UObjectPlugin
LogPluginManager: Mounting plugin VisualStudioCodeSourceCodeAccess
LogPluginManager: Mounting plugin VisualStudioSourceCodeAccess
LogPluginManager: Mounting plugin XCodeSourceCodeAccess
LogPluginManager: Mounting plugin AssetManagerEditor
LogPluginManager: Mounting plugin CryptoKeys
LogPluginManager: Mounting plugin DataValidation
LogPluginManager: Mounting plugin FacialAnimation
LogPluginManager: Mounting plugin GameplayTagsEditor
LogPluginManager: Mounting plugin MacGraphicsSwitching
LogPluginManager: Mounting plugin MeshEditor
LogPluginManager: Mounting plugin MobileLauncherProfileWizard
LogPluginManager: Mounting plugin PluginBrowser
LogPluginManager: Mounting plugin SpeedTreeImporter
LogPluginManager: Mounting plugin DatasmithContent
LogPluginManager: Mounting plugin AlembicImporter
LogPluginManager: Mounting plugin AppleImageUtils
LogPluginManager: Mounting plugin AppleVision
LogPluginManager: Mounting plugin BackChannel
LogPluginManager: Mounting plugin CharacterAI
LogPluginManager: Mounting plugin GeometryCache
LogPluginManager: Mounting plugin HTML5Networking
LogPluginManager: Mounting plugin ProxyLODPlugin
LogPluginManager: Mounting plugin RawInput
LogPluginManager: Mounting plugin MagicLeap
LogPluginManager: Mounting plugin MagicLeapEmulator
LogPluginManager: Mounting plugin MagicLeapMedia
LogPluginManager: Mounting plugin AndroidMedia
LogPluginManager: Mounting plugin AvfMedia
LogPluginManager: Mounting plugin ImgMedia
LogPluginManager: Mounting plugin LinearTimecode
LogPluginManager: Mounting plugin MediaCompositing
LogPluginManager: Mounting plugin MediaPlayerEditor
LogPluginManager: Mounting plugin WmfMedia
LogPluginManager: Mounting plugin TcpMessaging
LogPluginManager: Mounting plugin UdpMessaging
LogPluginManager: Mounting plugin ActorSequence
LogPluginManager: Mounting plugin LevelSequenceEditor
LogPluginManager: Mounting plugin MatineeToLevelSequence
LogPluginManager: Mounting plugin NetcodeUnitTest
LogPluginManager: Mounting plugin NUTUnrealEngine4
LogPluginManager: Mounting plugin OnlineSubsystemGooglePlay
LogPluginManager: Mounting plugin OnlineSubsystemIOS
LogPluginManager: Mounting plugin OnlineSubsystem
LogPluginManager: Mounting plugin OnlineSubsystemNull
LogPluginManager: Mounting plugin OnlineSubsystemUtils
LogPluginManager: Mounting plugin LauncherChunkInstaller
LogPluginManager: Mounting plugin AndroidDeviceProfileSelector
LogPluginManager: Mounting plugin AndroidMoviePlayer
LogPluginManager: Mounting plugin AndroidPermission
LogPluginManager: Mounting plugin AppleMoviePlayer
LogPluginManager: Mounting plugin ArchVisCharacter
LogPluginManager: Mounting plugin AudioCapture
LogPluginManager: Mounting plugin CableComponent
LogPluginManager: Mounting plugin CustomMeshComponent
LogPluginManager: Mounting plugin EditableMesh
LogPluginManager: Mounting plugin ExampleDeviceProfileSelector
LogPluginManager: Mounting plugin GoogleCloudMessaging
LogPluginManager: Mounting plugin ImmediatePhysics
LogPluginManager: Mounting plugin IOSDeviceProfileSelector
LogPluginManager: Mounting plugin LinuxDeviceProfileSelector
LogPluginManager: Mounting plugin LocationServicesBPLibrary
LogPluginManager: Mounting plugin MobilePatchingUtils
LogPluginManager: Mounting plugin OculusVR
LogPluginManager: Plugin shader directory ../../../Engine/Plugins/Runtime/Oculus/OculusVR/Shaders found
LogPluginManager: Mapping shader source directory ../../../Engine/Plugins/Runtime/Oculus/OculusVR/Shaders to virtual directory /Plugin/OculusVR
LogPluginManager: Mounting plugin PhysXVehicles
LogPluginManager: Mounting plugin ProceduralMeshComponent
LogPluginManager: Mounting plugin RuntimePhysXCooking
LogPluginManager: Mounting plugin SteamVR
LogPluginManager: Mounting plugin WindowsMoviePlayer
LogStreaming: Display: Took  1.250s to configure plugins.
LogInit: Using libcurl 7.55.1-DEV
LogInit:  - built for x86_64-pc-win32
LogInit:  - supports SSL with OpenSSL/1.0.2h
LogInit:  - supports HTTP deflate (compression) using libz 1.2.8
LogInit:  - other features:
LogInit:      CURL_VERSION_SSL
LogInit:      CURL_VERSION_LIBZ
LogInit:      CURL_VERSION_IPV6
LogInit:      CURL_VERSION_ASYNCHDNS
LogInit:      CURL_VERSION_LARGEFILE
LogInit:      CURL_VERSION_IDN
LogInit:  CurlRequestOptions (configurable via config and command line):
LogInit:  - bVerifyPeer = false  - Libcurl will NOT verify peer certificate
LogInit:  - bUseHttpProxy = false  - Libcurl will NOT use HTTP proxy
LogInit:  - bDontReuseConnections = false  - Libcurl will reuse connections
LogInit:  - CertBundlePath = nullptr  - Libcurl will use whatever was configured at build time.
LogInit:  - MaxHostConnections = 16  - Libcurl will limit the number of connections to a host
LogInit:  - LocalHostAddr = Default
LogInit:  - BufferSize = 65536
LogInit: WinSock: version 1.1 (2.2), MaxSocks=32767, MaxUdp=65467
LogInit: Build: ++UE4+Release-4.20-CL-4369336
LogInit: Engine Version: 4.20.3-4369336+++UE4+Release-4.20
LogInit: Compatible Engine Version: 4.20.0-4212847+++UE4+Release-4.20
LogInit: Net CL: 4212847
LogInit: OS: Windows 10 (), CPU: Intel(R) Core(TM) i9-9900K CPU @ 3.60GHz, GPU: NVIDIA GeForce RTX 2070
LogInit: Compiled (64-bit): Sep 17 2018 12:26:19
LogInit: Compiled with Visual C++: 19.13.26129.00
LogInit: Build Configuration: Development
LogInit: Branch Name: ++UE4+Release-4.20
LogInit: Command Line:  
LogInit: Base Directory: C:/Program Files/Epic Games/UE_4.20/Engine/Binaries/Win64/
LogInit: Installed Engine Build: 1
LogDevObjectVersion: Number of dev versions registered: 20
LogDevObjectVersion:   Dev-Blueprints (B0D832E4-1F89-4F0D-ACCF-7EB736FD4AA2): 10
LogDevObjectVersion:   Dev-Build (E1C64328-A22C-4D53-A36C-8E866417BD8C): 0
LogDevObjectVersion:   Dev-Core (375EC13C-06E4-48FB-B500-84F0262A717E): 2
LogDevObjectVersion:   Dev-Editor (E4B068ED-F494-42E9-A231-DA0B2E46BB41): 24
LogDevObjectVersion:   Dev-Framework (CFFC743F-43B0-4480-9391-14DF171D2073): 34
LogDevObjectVersion:   Dev-Mobile (B02B49B5-BB20-44E9-A304-32B752E40360): 2
LogDevObjectVersion:   Dev-Networking (A4E4105C-59A1-49B5-A7C5-40C4547EDFEE): 0
LogDevObjectVersion:   Dev-Online (39C831C9-5AE6-47DC-9A44-9C173E1C8E7C): 0
LogDevObjectVersion:   Dev-Physics (78F01B33-EBEA-4F98-B9B4-84EACCB95AA2): 0
LogDevObjectVersion:   Dev-Platform (6631380F-2D4D-43E0-8009-CF276956A95A): 0
LogDevObjectVersion:   Dev-Rendering (12F88B9F-8875-4AFC-A67C-D90C383ABD29): 26
LogDevObjectVersion:   Dev-Sequencer (7B5AE74C-D270-4C10-A958-57980B212A5A): 9
LogDevObjectVersion:   Dev-VR (D7296918-1DD6-4BDD-9DE2-64A83CC13884): 2
LogDevObjectVersion:   Dev-LoadTimes (C2A15278-BFE7-4AFE-6C17-90FF531DF755): 1
LogDevObjectVersion:   Private-Geometry (6EACA3D4-40EC-4CC1-B786-8BED09428FC5): 3
LogDevObjectVersion:   Dev-AnimPhys (29E575DD-E0A3-4627-9D10-D276232CDCEA): 17
LogDevObjectVersion:   Dev-ReflectionCapture (6B266CEC-1EC7-4B8F-A30B-E4D90942FC07): 1
LogDevObjectVersion:   Dev-Automation (0DF73D61-A23F-47EA-B727-89E90C41499A): 1
LogDevObjectVersion:   FortniteMain (601D1886-AC64-4F84-AA16-D3DE0DEAC7D6): 12
LogDevObjectVersion:   Dev-Enterprise (9DFFBCD6-494F-0158-E221-12823C92A888): 1
LogStreaming: Display: Took  0.000s to delete old logs.
LogInit: Presizing for max 8388607 objects, including 0 objects not considered by GC, pre-allocating 0 bytes for permanent pool.
LogInit: Object subsystem initialized
[2022.06.07-13.38.32:865][  0]LogInit: Selected Device Profile: [Windows]
[2022.06.07-13.38.32:865][  0]LogInit: Applying CVar settings loaded from the selected device profile: [Windows]
[2022.06.07-13.38.32:911][  0]LogHAL: Display: Platform has ~ 32 GB [34270646272 / 34359738368 / 32], which maps to Largest [LargestMinGB=32, LargerMinGB=12, DefaultMinGB=8, SmallerMinGB=6, SmallestMinGB=0)
[2022.06.07-13.38.32:911][  0]LogInit: Setting Device Profile CVar: [[r.Vulkan.UseRealUBs:1]]
[2022.06.07-13.38.32:911][  0]LogInit: Going up to parent DeviceProfile []
[2022.06.07-13.38.32:913][  0]LogInit: Computer: DESKTOP-D64GIAF
[2022.06.07-13.38.32:913][  0]LogInit: User: Admin
[2022.06.07-13.38.32:913][  0]LogInit: CPU Page size=4096, Cores=8
[2022.06.07-13.38.32:913][  0]LogInit: High frequency timer resolution =10.000000 MHz
[2022.06.07-13.38.32:914][  0]LogMemory: Memory total: Physical=31.9GB (32GB approx)
[2022.06.07-13.38.32:914][  0]LogMemory: Platform Memory Stats for Windows
[2022.06.07-13.38.32:914][  0]LogMemory: Process Physical Memory: 104.20 MB used, 104.21 MB peak
[2022.06.07-13.38.32:914][  0]LogMemory: Process Virtual Memory: 92.25 MB used, 92.25 MB peak
[2022.06.07-13.38.32:914][  0]LogMemory: Physical Memory: 8591.93 MB used,  24091.10 MB free, 32683.04 MB total
[2022.06.07-13.38.32:914][  0]LogMemory: Virtual Memory: 4663.33 MB used,  24091.10 MB free, 134217728.00 MB total
[2022.06.07-13.38.33:063][  0]LogInit: Using OS detected language (ru-RU).
[2022.06.07-13.38.33:063][  0]LogInit: Using OS detected locale (ru-RU).
[2022.06.07-13.38.33:064][  0]LogTextLocalizationManager: No specific localization for 'ru-RU' exists, so the 'ru' localization will be used.
[2022.06.07-13.38.33:082][  0]LogStreaming: Display: Took  0.018s to InitEngineTextLocalization.
[2022.06.07-13.38.33:082][  0]LogInit: Setting process to per monitor DPI aware
[2022.06.07-13.38.33:155][  0]LogSlate: New Slate User Created.  User Index 0, Is Virtual User: 0
[2022.06.07-13.38.33:155][  0]LogSlate: Slate User Registered.  User Index 0, Is Virtual User: 0
[2022.06.07-13.38.34:636][  0]LogHMD: Failed to initialize OpenVR with code 110
[2022.06.07-13.38.34:636][  0]LogD3D11RHI: D3D11 adapters:
[2022.06.07-13.38.34:722][  0]LogD3D11RHI:    0. 'NVIDIA GeForce RTX 2070' (Feature Level 11_0)
[2022.06.07-13.38.34:722][  0]LogD3D11RHI:       8031/0/16341 MB DedicatedVideo/DedicatedSystem/SharedSystem, Outputs:2, VendorId:0x10de
[2022.06.07-13.38.34:724][  0]LogD3D11RHI:    1. 'Microsoft Basic Render Driver' (Feature Level 11_0)
[2022.06.07-13.38.34:724][  0]LogD3D11RHI:       0/0/16341 MB DedicatedVideo/DedicatedSystem/SharedSystem, Outputs:0, VendorId:0x1414
[2022.06.07-13.38.34:724][  0]LogD3D11RHI: Chosen D3D11 Adapter: 0
[2022.06.07-13.38.34:729][  0]LogD3D11RHI: Creating new Direct3DDevice
[2022.06.07-13.38.34:729][  0]LogD3D11RHI:     GPU DeviceId: 0x1f07 (for the marketing name, search the web for "GPU Device Id")
[2022.06.07-13.38.34:730][  0]LogWindows: EnumDisplayDevices:
[2022.06.07-13.38.34:730][  0]LogWindows:    0. 'NVIDIA GeForce RTX 2070' (P:1 D:1)
[2022.06.07-13.38.34:730][  0]LogWindows:    1. 'NVIDIA GeForce RTX 2070' (P:0 D:1)
[2022.06.07-13.38.34:730][  0]LogWindows:    2. 'NVIDIA GeForce RTX 2070' (P:0 D:0)
[2022.06.07-13.38.34:730][  0]LogWindows:    3. 'NVIDIA GeForce RTX 2070' (P:0 D:0)
[2022.06.07-13.38.34:730][  0]LogWindows: DebugString: FoundDriverCount:4 
[2022.06.07-13.38.34:730][  0]LogD3D11RHI:     Adapter Name: NVIDIA GeForce RTX 2070
[2022.06.07-13.38.34:731][  0]LogD3D11RHI:   Driver Version: 512.95 (internal:30.0.15.1295, unified:512.95)
[2022.06.07-13.38.34:731][  0]LogD3D11RHI:      Driver Date: 5-19-2022
[2022.06.07-13.38.34:731][  0]LogRHI: Texture pool is 5621 MB (70% of 8031 MB)
[2022.06.07-13.38.34:783][  0]LogD3D11RHI: Async texture creation enabled
[2022.06.07-13.38.34:811][  0]LogD3D11RHI: GPU Timing Frequency: 1000.000000 (Debug: 2 2)
[2022.06.07-13.38.34:814][  0]LogD3D11RHI: HDR output is supported on display 0 (NvId: 0x80061086).
[2022.06.07-13.38.34:816][  0]LogShaderCompilers: Guid format shader working directory is 19 characters bigger than the processId version (D:/UnrealProjectD/NeuralCar/Intermediate/Shaders/WorkingDirectory/8544/).
[2022.06.07-13.38.34:816][  0]LogShaderCompilers: Cleaned the shader compiler working directory 'C:/Users/Admin/AppData/Local/Temp/UnrealShaderWorkingDir/1BD9E8644A4D433C890A6DB3A320E450/'.
[2022.06.07-13.38.35:176][  0]LogTemp: Display: Loaded TP AllDesktopTargetPlatform
[2022.06.07-13.38.35:188][  0]LogTemp: Display: Loaded TP MacClientTargetPlatform
[2022.06.07-13.38.35:199][  0]LogTemp: Display: Loaded TP MacNoEditorTargetPlatform
[2022.06.07-13.38.35:211][  0]LogTemp: Display: Loaded TP MacServerTargetPlatform
[2022.06.07-13.38.35:224][  0]LogTemp: Display: Loaded TP MacTargetPlatform
[2022.06.07-13.38.35:236][  0]LogTemp: Display: Loaded TP WindowsClientTargetPlatform
[2022.06.07-13.38.35:249][  0]LogTemp: Display: Loaded TP WindowsNoEditorTargetPlatform
[2022.06.07-13.38.35:260][  0]LogTemp: Display: Loaded TP WindowsServerTargetPlatform
[2022.06.07-13.38.35:268][  0]LogTemp: Display: Loaded TP WindowsTargetPlatform
[2022.06.07-13.38.35:329][  0]LogTemp: Display: Loaded TP AndroidTargetPlatform
[2022.06.07-13.38.35:329][  0]LogTemp: Display: Loaded TP AndroidTargetPlatform
[2022.06.07-13.38.35:329][  0]LogTemp: Display: Loaded TP AndroidTargetPlatform
[2022.06.07-13.38.35:329][  0]LogTemp: Display: Loaded TP AndroidTargetPlatform
[2022.06.07-13.38.35:329][  0]LogTemp: Display: Loaded TP AndroidTargetPlatform
[2022.06.07-13.38.35:329][  0]LogTemp: Display: Loaded TP AndroidTargetPlatform
[2022.06.07-13.38.35:329][  0]LogTemp: Display: Loaded TP AndroidTargetPlatform
[2022.06.07-13.38.35:329][  0]LogTemp: Display: Loaded TP AndroidTargetPlatform
[2022.06.07-13.38.35:329][  0]LogTemp: Display: Loaded TP AndroidTargetPlatform
[2022.06.07-13.38.35:329][  0]LogTemp: Display: Loaded TP AndroidTargetPlatform
[2022.06.07-13.38.35:329][  0]LogTemp: Display: Loaded TP AndroidTargetPlatform
[2022.06.07-13.38.35:329][  0]LogTemp: Display: Loaded TP AndroidTargetPlatform
[2022.06.07-13.38.35:329][  0]LogTemp: Display: Loaded TP AndroidTargetPlatform
[2022.06.07-13.38.35:329][  0]LogTemp: Display: Loaded TP AndroidTargetPlatform
[2022.06.07-13.38.35:329][  0]LogTemp: Display: Loaded TP AndroidTargetPlatform
[2022.06.07-13.38.35:329][  0]LogTemp: Display: Loaded TP AndroidTargetPlatform
[2022.06.07-13.38.35:329][  0]LogTemp: Display: Loaded TP AndroidTargetPlatform
[2022.06.07-13.38.35:329][  0]LogTemp: Display: Loaded TP AndroidTargetPlatform
[2022.06.07-13.38.35:332][  0]LogTemp: Display: Loaded TP HTML5TargetPlatform
[2022.06.07-13.38.35:393][  0]LogTemp: Display: Loaded TP IOSTargetPlatform
[2022.06.07-13.38.35:393][  0]LogTemp: Display: Loaded TP IOSTargetPlatform
[2022.06.07-13.38.35:413][  0]LogTemp: Display: Loaded TP TVOSTargetPlatform
[2022.06.07-13.38.35:413][  0]LogTemp: Display: Loaded TP TVOSTargetPlatform
[2022.06.07-13.38.35:424][  0]LogTemp: Display: Loaded TP LinuxClientTargetPlatform
[2022.06.07-13.38.35:435][  0]LogTemp: Display: Loaded TP LinuxNoEditorTargetPlatform
[2022.06.07-13.38.35:446][  0]LogTemp: Display: Loaded TP LinuxServerTargetPlatform
[2022.06.07-13.38.35:458][  0]LogTemp: Display: Loaded TP LinuxTargetPlatform
[2022.06.07-13.38.35:466][  0]LogTemp: Display: Loaded TP LuminTargetPlatform
[2022.06.07-13.38.35:466][  0]LogTargetPlatformManager: Display: Building Assets For Windows
[2022.06.07-13.38.35:579][  0]LogXGEController: Cleaning working directory: C:/Users/Admin/AppData/Local/Temp/UnrealXGEWorkingDir/
[2022.06.07-13.38.35:580][  0]LogXGEController: Cannot use XGE Controller as Incredibuild is not installed on this machine.
[2022.06.07-13.38.35:580][  0]LogShaderCompilers: Cannot use XGE Shader Compiler as Incredibuild is not installed on this machine.
[2022.06.07-13.38.35:580][  0]LogShaderCompilers: Display: Using Local Shader Compiler.
[2022.06.07-13.38.37:095][  0]LogDerivedDataCache: Display: Max Cache Size: 512 MB
[2022.06.07-13.38.37:432][  0]LogDerivedDataCache: Loaded boot cache 0.34s 71MB C:/Users/Admin/AppData/Local/UnrealEngine/4.20/DerivedDataCache/Boot.ddc.
[2022.06.07-13.38.37:432][  0]LogDerivedDataCache: Display: Loaded Boot cache: C:/Users/Admin/AppData/Local/UnrealEngine/4.20/DerivedDataCache/Boot.ddc
[2022.06.07-13.38.37:432][  0]LogDerivedDataCache: FDerivedDataBackendGraph:  Pak pak cache file D:/UnrealProjectD/NeuralCar/DerivedDataCache/DDC.ddp not found, will not use a pak cache.
[2022.06.07-13.38.37:432][  0]LogDerivedDataCache: Unable to find inner node Pak for hierarchical cache Hierarchy.
[2022.06.07-13.38.37:432][  0]LogDerivedDataCache: FDerivedDataBackendGraph:  CompressedPak pak cache file D:/UnrealProjectD/NeuralCar/DerivedDataCache/Compressed.ddp not found, will not use a pak cache.
[2022.06.07-13.38.37:432][  0]LogDerivedDataCache: Unable to find inner node CompressedPak for hierarchical cache Hierarchy.
[2022.06.07-13.38.37:455][  0]LogDerivedDataCache: Display: Pak cache opened for reading ../../../Engine/DerivedDataCache/Compressed.ddp.
[2022.06.07-13.38.37:467][  0]LogDerivedDataCache: Using Local data cache path C:/Users/Admin/AppData/Local/UnrealEngine/Common/DerivedDataCache: Writable
[2022.06.07-13.38.37:467][  0]LogDerivedDataCache: Shared data cache path not found in *engine.ini, will not use an Shared cache.
[2022.06.07-13.38.37:467][  0]LogDerivedDataCache: Unable to find inner node Shared for hierarchical cache Hierarchy.
[2022.06.07-13.38.37:483][  0]LogMaterial: Verifying Global Shaders for PCD3D_SM5
[2022.06.07-13.38.37:489][  0]LogSlate: Using FreeType 2.6.0
[2022.06.07-13.38.37:499][  0]LogSlate: SlateFontServices - WITH_FREETYPE: 1, WITH_HARFBUZZ: 1
[2022.06.07-13.38.37:645][  0]LogAssetRegistry: FAssetRegistry took 0.0294 seconds to start up
[2022.06.07-13.38.37:939][  0]LogInit: Selected Device Profile: [Windows]
[2022.06.07-13.38.38:161][  0]LogSimplygon: Simplygon DLL not present - disabling.
[2022.06.07-13.38.38:183][  0]LogMeshReduction: Using SimplygonSwarm for distributed automatic mesh merging
[2022.06.07-13.38.38:183][  0]LogMeshReduction: Using ProxyLODMeshReduction for automatic mesh merging
[2022.06.07-13.38.38:184][  0]LogMeshReduction: Using QuadricMeshReduction for automatic static mesh reduction
[2022.06.07-13.38.38:184][  0]LogMeshReduction: No automatic skeletal mesh reduction module available
[2022.06.07-13.38.38:250][  0]LogNetVersion: NeuralCar 1.0.0, NetCL: 4212847, EngineNetVer: 5, GameNetVer: 0 (Checksum: 965436850)
[2022.06.07-13.38.39:625][  0]LogPackageLocalizationCache: Processed 11 localized package path(s) for 2 prioritized culture(s) in 0.689084 seconds
[2022.06.07-13.38.39:636][  0]LogUObjectArray: 38425 objects as part of root set at end of initial load.
[2022.06.07-13.38.39:636][  0]LogUObjectAllocator: 6690864 out of 0 bytes used by permanent object pool.
[2022.06.07-13.38.39:636][  0]LogUObjectArray: CloseDisregardForGC: 0/0 objects in disregard for GC pool
[2022.06.07-13.38.41:470][  0]LogTcpMessaging: Initializing TcpMessaging bridge
[2022.06.07-13.38.41:491][  0]LogUdpMessaging: Initializing bridge on interface 0.0.0.0:0 to multicast group 230.0.0.1:6666.
[2022.06.07-13.38.41:767][  0]SourceControl: Source control is disabled
[2022.06.07-13.38.41:767][  0]SourceControl: Source control is disabled
[2022.06.07-13.38.41:780][  0]SourceControl: Source control is disabled
[2022.06.07-13.38.41:785][  0]SourceControl: Source control is disabled
[2022.06.07-13.38.42:096][  0]LogAndroidPermission: UAndroidPermissionCallbackProxy::GetInstance
[2022.06.07-13.38.42:221][  0]LogOcInput: OculusInput pre-init called
[2022.06.07-13.38.42:316][  0]LogEngine: Initializing Engine...
[2022.06.07-13.38.42:318][  0]LogHMD: Failed to initialize OpenVR with code 110
[2022.06.07-13.38.42:321][  0]LogStats: UGameplayTagsManager::ConstructGameplayTagTree: ImportINI prefixes -  0.001 s
[2022.06.07-13.38.42:321][  0]LogStats: UGameplayTagsManager::ConstructGameplayTagTree: Construct from data asset -  0.000 s
[2022.06.07-13.38.42:321][  0]LogStats: UGameplayTagsManager::ConstructGameplayTagTree: ImportINI -  0.000 s
[2022.06.07-13.38.42:321][  0]LogStats: UGameplayTagsManager::ConstructGameplayTagTree: GameplayTagTreeChangedEvent.Broadcast -  0.000 s
[2022.06.07-13.38.42:500][  0]LogInit: Initializing FReadOnlyCVARCache
[2022.06.07-13.38.42:542][  0]LogAIModule: Creating AISystem for world Untitled
[2022.06.07-13.38.42:600][  0]LogInit: XAudio2 using 'Динамики (Realtek(R) Audio)' : 2 channels at 48 kHz using 32 bits per sample (channel mask 0x3)
[2022.06.07-13.38.42:632][  0]LogInit: FAudioDevice initialized.
[2022.06.07-13.38.42:633][  0]LogNetVersion: Set ProjectVersion to 1.0.0.0. Version Checksum will be recalculated on next use.
[2022.06.07-13.38.42:696][  0]LogDerivedDataCache: Saved boot cache 0.06s 71MB C:/Users/Admin/AppData/Local/UnrealEngine/4.20/DerivedDataCache/Boot.ddc.
[2022.06.07-13.38.42:699][  0]LogInit: Texture streaming: Enabled
[2022.06.07-13.38.42:721][  0]LogEngineSessionManager: EngineSessionManager initialized
[2022.06.07-13.38.42:855][  0]LogInit: Transaction tracking system initialized
[2022.06.07-13.38.42:909][  0]BlueprintLog: New page: Editor Load
[2022.06.07-13.38.43:131][  0]LocalizationService: Localization service is disabled
[2022.06.07-13.38.43:529][  0]LogCook: Display: Max memory allowance for cook 16384mb min free memory 0mb
[2022.06.07-13.38.43:529][  0]LogFileCache: Scanning file cache for directory 'D:/UnrealProjectD/NeuralCar/Content/' took 0.01s
[2022.06.07-13.38.43:529][  0]LogCook: Display: Mobile HDR setting 1
[2022.06.07-13.38.43:530][  0]LogGameplayTags: Display: UGameplayTagsManager::DoneAddingNativeTags. DelegateIsBound: 0
[2022.06.07-13.38.43:530][  0]LogStats: UGameplayTagsManager::ConstructGameplayTagTree: ImportINI prefixes -  0.000 s
[2022.06.07-13.38.43:530][  0]LogStats: UGameplayTagsManager::ConstructGameplayTagTree: Construct from data asset -  0.000 s
[2022.06.07-13.38.43:530][  0]LogStats: UGameplayTagsManager::ConstructGameplayTagTree: ImportINI -  0.000 s
[2022.06.07-13.38.43:530][  0]LogStats: UGameplayTagsManager::ConstructGameplayTagTree: GameplayTagTreeChangedEvent.Broadcast -  0.000 s
[2022.06.07-13.38.43:836][  0]SourceControl: Source control is disabled
[2022.06.07-13.38.43:836][  0]Cmd: MAP LOAD FILE="D:/UnrealProjectD/NeuralCar/Content/VehicleBP/Maps/VehicleExampleMap.umap" TEMPLATE=0 SHOWPROGRESS=1 FEATURELEVEL=3
[2022.06.07-13.38.43:837][  0]LightingResults: New page: Lighting Build
[2022.06.07-13.38.43:852][  0]MapCheck: New page: Map Check
[2022.06.07-13.38.43:852][  0]LightingResults: New page: Lighting Build
[2022.06.07-13.38.45:290][  0]LogAIModule: Creating AISystem for world VehicleExampleMap
[2022.06.07-13.38.45:396][  0]LogEditorServer: Finished looking for orphan Actors (0.000 secs)
[2022.06.07-13.38.45:429][  0]Cmd: MAP CHECKDEP NOCLEARLOG
[2022.06.07-13.38.45:491][  0]MapCheck: Map check complete: 0 Error(s), 0 Warning(s), took 61,063ms to complete.
[2022.06.07-13.38.45:491][  0]LogFileHelpers: Loading map 'VehicleExampleMap' took 1.655
[2022.06.07-13.38.45:651][  0]LogSlate: Updating window title bar state: overlay mode, drag disabled, window buttons hidden, title bar hidden
[2022.06.07-13.38.45:658][  0]LogSlate: Updating window title bar state: overlay mode, drag disabled, window buttons hidden, title bar hidden
[2022.06.07-13.38.45:664][  0]LogSlate: Updating window title bar state: overlay mode, drag disabled, window buttons hidden, title bar hidden
[2022.06.07-13.38.45:668][  0]LogSlate: Updating window title bar state: overlay mode, drag disabled, window buttons hidden, title bar hidden
[2022.06.07-13.38.45:684][  0]LogCollectionManager: Loaded 0 collections in 0.001258 seconds
[2022.06.07-13.38.45:742][  0]LogFileCache: Scanning file cache for directory 'D:/UnrealProjectD/NeuralCar/Saved/Collections/' took 0.01s
[2022.06.07-13.38.45:742][  0]LogFileCache: Scanning file cache for directory 'D:/UnrealProjectD/NeuralCar/Content/Developers/Admin/Collections/' took 0.01s
[2022.06.07-13.38.45:742][  0]LogFileCache: Scanning file cache for directory 'D:/UnrealProjectD/NeuralCar/Content/Collections/' took 0.01s
[2022.06.07-13.38.45:742][  0]LogCollectionManager: Rebuilt the GUID cache for 0 collections in 0.000000 seconds
[2022.06.07-13.38.45:752][  0]LogContentBrowser: Native class hierarchy populated in 0.0083 seconds. Added 2574 classes and 606 folders.
[2022.06.07-13.38.45:765][  0]LogContentBrowser: Native class hierarchy updated for 'WidgetCarousel' in 0.0002 seconds. Added 0 classes and 0 folders.
[2022.06.07-13.38.46:035][  0]LogContentBrowser: Native class hierarchy updated for 'AddContentDialog' in 0.0002 seconds. Added 0 classes and 0 folders.
[2022.06.07-13.38.46:047][  0]LogContentBrowser: Native class hierarchy updated for 'SceneOutliner' in 0.0002 seconds. Added 1 classes and 2 folders.
[2022.06.07-13.38.46:267][  0]LogSlate: Took 0.004078 seconds to synchronously load lazily loaded font '../../../Engine/Content/Slate/Fonts/Roboto-Regular.ttf' (155K)
[2022.06.07-13.38.46:272][  0]LogSlate: Took 0.003666 seconds to synchronously load lazily loaded font '../../../Engine/Content/Slate/Fonts/Roboto-Bold.ttf' (160K)
[2022.06.07-13.38.46:280][  0]LogSlate: Took 0.003623 seconds to synchronously load lazily loaded font '../../../Engine/Content/Editor/Slate/Fonts/FontAwesome.ttf' (139K)
[2022.06.07-13.38.46:287][  0]LogSlate: Took 0.004461 seconds to synchronously load lazily loaded font '../../../Engine/Content/Slate/Fonts/DroidSansMono.ttf' (77K)
[2022.06.07-13.38.46:400][  0]LogRenderer: Reallocating scene render targets to support 1256x792 Format 10 NumSamples 1 (Frame:1).
[2022.06.07-13.38.46:578][  0]LogContentBrowser: Native class hierarchy updated for 'HierarchicalLODOutliner' in 0.0002 seconds. Added 0 classes and 0 folders.
[2022.06.07-13.38.46:578][  0]LogLoad: (Engine Initialization) Total time: 20.53 seconds
[2022.06.07-13.38.46:578][  0]LogLoad: (Engine Initialization) Total Blueprint compile time: 0.00 seconds
[2022.06.07-13.38.46:591][  0]LogRawInputWindows: Warning: Found device 0 devices
[2022.06.07-13.38.46:591][  0]LogRawInputWindows: Warning: Found device 0 devices
[2022.06.07-13.38.46:591][  0]LogRawInputWindows: Warning: Device was registered succesfully but not connected (Usage:4 UsagePage:1)
[2022.06.07-13.38.46:591][  0]LogRawInputWindows: Warning: Found device 1 devices
[2022.06.07-13.38.46:592][  0]LogRawInputWindows: Warning: Device was registered succesfully but not connected (Usage:5 UsagePage:1)
[2022.06.07-13.38.46:609][  0]LogAssetRegistry: Asset discovery search completed in 8.9871 seconds
[2022.06.07-13.38.46:610][  0]LogCollectionManager: Rebuilt the object cache for 0 collections in 0.000000 seconds (found 0 objects)
[2022.06.07-13.38.46:610][  0]LogCollectionManager: Fixed up redirectors for 0 collections in 0.000147 seconds (updated 0 objects)
[2022.06.07-13.38.46:612][  0]LogContentStreaming: Texture pool size now 1000 MB
[2022.06.07-13.38.46:645][  0]LogSlate: Took 0.008604 seconds to synchronously load lazily loaded font '../../../Engine/Content/Slate/Fonts/Roboto-Light.ttf' (167K)
[2022.06.07-13.39.07:344][443]LogEditorViewport: Clicking on Actor (LMB): Sedan_C (Sedan)
[2022.06.07-13.39.08:995][595]LogSlate: Took 0.008859 seconds to synchronously load lazily loaded font '../../../Engine/Content/Slate/Fonts/Roboto-Italic.ttf' (157K)
[2022.06.07-13.39.10:736][785]LogSlate: FSceneViewport::OnFocusLost() reason 0
[2022.06.07-13.39.32:554][211]LogEditorViewport: Clicking on Actor (LMB): BP_Sky_Sphere_C (SkyShereBlueprint)
[2022.06.07-13.39.35:402][539]LogEditorViewport: Clicking on Actor (LMB): Sedan_C (Sedan)
[2022.06.07-13.39.40:965][ 67]LogSlate: FSceneViewport::OnFocusLost() reason 2
[2022.06.07-13.39.41:347][108]LogEditorViewport: Clicking on Actor (LMB): BP_Sky_Sphere_C (SkyShereBlueprint)
[2022.06.07-13.39.42:237][196]LogSlate: FSceneViewport::OnFocusLost() reason 0
[2022.06.07-13.39.42:328][207]LogTemp: Repeating last play command: Simulate
[2022.06.07-13.39.42:344][207]LogBlueprintUserMessages: Early PlayInEditor Detection: Level '/Game/VehicleBP/Maps/VehicleExampleMap.VehicleExampleMap:PersistentLevel' has LevelScriptBlueprint '/Game/VehicleBP/Maps/VehicleExampleMap.VehicleExampleMap:PersistentLevel.VehicleExampleMap' with GeneratedClass '/Game/VehicleBP/Maps/VehicleExampleMap.VehicleExampleMap_C' with ClassGeneratedBy '/Game/VehicleBP/Maps/VehicleExampleMap.VehicleExampleMap:PersistentLevel.VehicleExampleMap'
[2022.06.07-13.39.42:344][207]LogPlayLevel: PlayLevel: No blueprints needed recompiling
[2022.06.07-13.39.42:359][207]PIE: New page: SIE session: VehicleExampleMap (7 июня 2022 г., 19:39:42)
[2022.06.07-13.39.42:359][207]LogPlayLevel: Creating play world package: /Game/VehicleBP/Maps/UEDPIE_0_VehicleExampleMap
[2022.06.07-13.39.42:393][207]LogPlayLevel: PIE: StaticDuplicateObject took: (0.033335s)
[2022.06.07-13.39.42:393][207]LogAIModule: Creating AISystem for world VehicleExampleMap
[2022.06.07-13.39.42:394][207]LogPlayLevel: PIE: World Init took: (0.000858s)
[2022.06.07-13.39.42:394][207]LogPlayLevel: PIE: Created PIE world by copying editor world from /Game/VehicleBP/Maps/VehicleExampleMap.VehicleExampleMap to /Game/VehicleBP/Maps/UEDPIE_0_VehicleExampleMap.VehicleExampleMap (0.034652s)
[2022.06.07-13.39.42:448][207]LogInit: XAudio2 using 'Динамики (Realtek(R) Audio)' : 2 channels at 48 kHz using 32 bits per sample (channel mask 0x3)
[2022.06.07-13.39.42:476][207]LogInit: FAudioDevice initialized.
[2022.06.07-13.39.42:518][207]LogLoad: Game class is 'VehicleGameMode_C'
[2022.06.07-13.39.42:535][207]LogWorld: Bringing World /Game/VehicleBP/Maps/UEDPIE_0_VehicleExampleMap.VehicleExampleMap up for play (max tick rate 0) at 2022.06.07-16.39.42
[2022.06.07-13.39.42:544][207]LogWorld: Bringing up level for play took: 0.021733
[2022.06.07-13.39.42:562][207]LogContentBrowser: Native class hierarchy updated for 'MovieSceneCapture' in 0.0002 seconds. Added 10 classes and 0 folders.
[2022.06.07-13.39.42:655][207]PIE: Play in editor start time for /Game/VehicleBP/Maps/UEDPIE_0_VehicleExampleMap -0,367
[2022.06.07-13.39.42:669][207]LogBlueprintUserMessages: Late PlayInEditor Detection: Level '/Game/VehicleBP/Maps/VehicleExampleMap.VehicleExampleMap:PersistentLevel' has LevelScriptBlueprint '/Game/VehicleBP/Maps/VehicleExampleMap.VehicleExampleMap:PersistentLevel.VehicleExampleMap' with GeneratedClass '/Game/VehicleBP/Maps/VehicleExampleMap.VehicleExampleMap_C' with ClassGeneratedBy '/Game/VehicleBP/Maps/VehicleExampleMap.VehicleExampleMap:PersistentLevel.VehicleExampleMap'
[2022.06.07-13.39.46:441][352]LogBlueprintUserMessages: [SedanNN13] Авария 13  Очков:12
[2022.06.07-13.39.46:464][353]LogBlueprintUserMessages: [SedanNN16] Авария 16  Очков:12
[2022.06.07-13.39.46:836][369]LogBlueprintUserMessages: [SedanNN12] Авария 12  Очков:13
[2022.06.07-13.39.46:890][370]LogBlueprintUserMessages: [SedanNN14] Авария 14  Очков:13
[2022.06.07-13.39.47:685][393]LogBlueprintUserMessages: [SedanNN22] Авария 22  Очков:15
[2022.06.07-13.39.47:880][398]LogBlueprintUserMessages: [SedanNN10] Авария 10  Очков:15
[2022.06.07-13.39.48:077][407]LogBlueprintUserMessages: [SedanNN3] Авария N3  Очков:15
[2022.06.07-13.39.48:290][418]LogBlueprintUserMessages: [SedanNN26] Авария 26  Очков:16
[2022.06.07-13.39.48:521][430]LogBlueprintUserMessages: [SedanNN11] Авария 11  Очков:16
[2022.06.07-13.39.48:581][433]LogBlueprintUserMessages: [SedanNN24] Авария 24  Очков:16
[2022.06.07-13.39.48:637][436]LogBlueprintUserMessages: [SedanNN25] Авария 25  Очков:16
[2022.06.07-13.39.49:055][459]LogBlueprintUserMessages: [SedanNN8] Авария N8  Очков:17
[2022.06.07-13.39.49:237][469]LogBlueprintUserMessages: [SedanNN31] Авария 31  Очков:17
[2022.06.07-13.39.49:715][497]LogBlueprintUserMessages: [SedanNN19] Авария 19  Очков:17
[2022.06.07-13.39.50:375][538]LogBlueprintUserMessages: [SedanNN27] Авария 27  Очков:19
[2022.06.07-13.40.29:510][ 41]LogSlate: FSceneViewport::OnFocusLost() reason 2
[2022.06.07-13.40.30:035][102]Cmd: STAT FPS
[2022.06.07-13.40.38:332][628]LogSlate: FSceneViewport::OnFocusLost() reason 0
[2022.06.07-13.40.38:426][637]LogBlueprintUserMessages: Early EndPlayMap Detection: Level '/Game/VehicleBP/Maps/VehicleExampleMap.VehicleExampleMap:PersistentLevel' has LevelScriptBlueprint '/Game/VehicleBP/Maps/VehicleExampleMap.VehicleExampleMap:PersistentLevel.VehicleExampleMap' with GeneratedClass '/Game/VehicleBP/Maps/VehicleExampleMap.VehicleExampleMap_C' with ClassGeneratedBy '/Game/VehicleBP/Maps/VehicleExampleMap.VehicleExampleMap:PersistentLevel.VehicleExampleMap'
[2022.06.07-13.40.38:434][637]LogSlate: Updating window title bar state: overlay mode, drag disabled, window buttons hidden, title bar hidden
[2022.06.07-13.40.38:475][637]LogPlayLevel: Display: Shutting down PIE online subsystems
[2022.06.07-13.40.38:475][637]LogBlueprintUserMessages: Late EndPlayMap Detection: Level '/Game/VehicleBP/Maps/VehicleExampleMap.VehicleExampleMap:PersistentLevel' has LevelScriptBlueprint '/Game/VehicleBP/Maps/VehicleExampleMap.VehicleExampleMap:PersistentLevel.VehicleExampleMap' with GeneratedClass '/Game/VehicleBP/Maps/VehicleExampleMap.VehicleExampleMap_C' with ClassGeneratedBy '/Game/VehicleBP/Maps/VehicleExampleMap.VehicleExampleMap:PersistentLevel.VehicleExampleMap'
[2022.06.07-13.40.38:519][637]LogSlate: Updating window title bar state: overlay mode, drag disabled, window buttons hidden, title bar hidden
[2022.06.07-13.40.38:535][638]LogPlayLevel: Display: Destroying online subsystem :Context_2
[2022.06.07-13.40.44:127][289]LogEditorViewport: Clicking on Actor (LMB): Sedan_C (Sedan)
[2022.06.07-13.40.46:231][531]LogSlate: FSceneViewport::OnFocusLost() reason 0
[2022.06.07-13.41.27:245][439]LogSlate: Took 0.000162 seconds to synchronously load lazily loaded font '../../../Engine/Content/Slate/Fonts/Roboto-Light.ttf' (167K)
[2022.06.07-13.41.27:253][439]LogAssetEditorManager: Opening Asset editor for Blueprint /Game/NeuralComponent/NeuralComponent.NeuralComponent
[2022.06.07-13.41.27:664][439]LogContentBrowser: Native class hierarchy updated for 'BlueprintGraph' in 0.0004 seconds. Added 116 classes and 0 folders.
[2022.06.07-13.41.28:278][439]LogSlate: Took 0.006785 seconds to synchronously load lazily loaded font '../../../Engine/Content/Slate/Fonts/Roboto-BoldCondensed.ttf' (158K)
[2022.06.07-13.41.44:353][191]LogSlate: Window 'NeuralComponent' being destroyed
[2022.06.07-13.41.44:358][191]LogSlate: Window 'NeuralComponent' being destroyed
[2022.06.07-13.43.09:933][930]LogSlate: FSceneViewport::OnFocusLost() reason 0
[2022.06.07-13.43.11:516][940]LogSlate: Window 'Save Content' being destroyed
[2022.06.07-13.43.11:863][940]LogSlate: Window 'Output Log' being destroyed
[2022.06.07-13.43.11:867][940]LogSlate: Window 'NeuralCar - Unreal Editor' being destroyed
[2022.06.07-13.43.12:077][941]Cmd: QUIT_EDITOR
[2022.06.07-13.43.12:226][941]LogExit: Preparing to exit.
[2022.06.07-13.43.12:670][941]LogExit: Editor shut down
[2022.06.07-13.43.12:670][941]LogExit: Transaction tracking system shut down
[2022.06.07-13.43.13:245][941]LogExit: Object subsystem successfully closed.
[2022.06.07-13.43.13:271][941]LogShaderCompilers: Display: Shaders left to compile 0
[2022.06.07-13.43.13:273][941]LogD3D11RHI: Shutdown
[2022.06.07-13.43.13:273][941]LogD3D11RHI: CleanupD3DDevice
[2022.06.07-13.43.13:275][941]LogD3D11RHI: ~FD3D11DynamicRHI
[2022.06.07-13.43.13:304][941]LogModuleManager: Shutting down and abandoning module BlueprintGraph (618)
[2022.06.07-13.43.13:304][941]LogModuleManager: Shutting down and abandoning module MovieSceneCapture (616)
[2022.06.07-13.43.13:304][941]LogModuleManager: Shutting down and abandoning module Voice (614)
[2022.06.07-13.43.13:304][941]LogModuleManager: Shutting down and abandoning module HierarchicalLODOutliner (612)
[2022.06.07-13.43.13:304][941]LogModuleManager: Shutting down and abandoning module SceneOutliner (610)
[2022.06.07-13.43.13:304][941]LogModuleManager: Shutting down and abandoning module AddContentDialog (608)
[2022.06.07-13.43.13:306][941]LogModuleManager: Shutting down and abandoning module WidgetCarousel (607)
[2022.06.07-13.43.13:306][941]LogModuleManager: Shutting down and abandoning module EditorWidgets (604)
[2022.06.07-13.43.13:306][941]LogModuleManager: Shutting down and abandoning module CollectionManager (602)
[2022.06.07-13.43.13:306][941]LogModuleManager: Shutting down and abandoning module StatsViewer (600)
[2022.06.07-13.43.13:306][941]LogModuleManager: Shutting down and abandoning module FoliageEdit (598)
[2022.06.07-13.43.13:306][941]LogModuleManager: Shutting down and abandoning module LandscapeEditor (596)
[2022.06.07-13.43.13:307][941]LogModuleManager: Shutting down and abandoning module MeshPaintMode (594)
[2022.06.07-13.43.13:308][941]LogModuleManager: Shutting down and abandoning module SceneDepthPickerMode (592)
[2022.06.07-13.43.13:308][941]LogModuleManager: Shutting down and abandoning module ActorPickerMode (590)
[2022.06.07-13.43.13:308][941]LogModuleManager: Shutting down and abandoning module GeometryMode (588)
[2022.06.07-13.43.13:308][941]LogModuleManager: Shutting down and abandoning module TextureAlignMode (586)
[2022.06.07-13.43.13:308][941]LogModuleManager: Shutting down and abandoning module BspMode (584)
[2022.06.07-13.43.13:308][941]LogModuleManager: Shutting down and abandoning module PIEPreviewDeviceProfileSelector (582)
[2022.06.07-13.43.13:308][941]LogModuleManager: Shutting down and abandoning module SequenceRecorderSections (580)
[2022.06.07-13.43.13:308][941]LogModuleManager: Shutting down and abandoning module AutomationWorker (578)
[2022.06.07-13.43.13:308][941]LogModuleManager: Shutting down and abandoning module AudioCaptureEditor (576)
[2022.06.07-13.43.13:308][941]LogModuleManager: Shutting down and abandoning module SequenceRecorder (575)
[2022.06.07-13.43.13:308][941]LogModuleManager: Shutting down and abandoning module MatineeToLevelSequence (572)
[2022.06.07-13.43.13:308][941]LogModuleManager: Shutting down and abandoning module LevelSequenceEditor (570)
[2022.06.07-13.43.13:308][941]LogModuleManager: Shutting down and abandoning module PlacementMode (569)
[2022.06.07-13.43.13:308][941]LogModuleManager: Shutting down and abandoning module MaterialEditor (568)
[2022.06.07-13.43.13:310][941]LogModuleManager: Shutting down and abandoning module WmfMediaFactory (564)
[2022.06.07-13.43.13:310][941]LogModuleManager: Shutting down and abandoning module WmfMediaEditor (562)
[2022.06.07-13.43.13:310][941]LogModuleManager: Shutting down and abandoning module MediaPlayerEditor (560)
[2022.06.07-13.43.13:310][941]LogModuleManager: Shutting down and abandoning module OpenExrWrapper (558)
[2022.06.07-13.43.13:310][941]LogModuleManager: Shutting down and abandoning module ImgMediaFactory (556)
[2022.06.07-13.43.13:310][941]LogModuleManager: Shutting down and abandoning module ImgMediaEditor (554)
[2022.06.07-13.43.13:310][941]LogModuleManager: Shutting down and abandoning module AvfMediaFactory (552)
[2022.06.07-13.43.13:310][941]LogModuleManager: Shutting down and abandoning module AvfMediaEditor (550)
[2022.06.07-13.43.13:310][941]LogModuleManager: Shutting down and abandoning module AndroidMediaFactory (548)
[2022.06.07-13.43.13:310][941]LogModuleManager: Shutting down and abandoning module AndroidMediaEditor (546)
[2022.06.07-13.43.13:310][941]LogModuleManager: Shutting down and abandoning module MagicLeapCameraPreviewFactory (544)
[2022.06.07-13.43.13:310][941]LogModuleManager: Shutting down and abandoning module MagicLeapMediaFactory (542)
[2022.06.07-13.43.13:310][941]LogModuleManager: Shutting down and abandoning module MagicLeapMediaEditor (540)
[2022.06.07-13.43.13:310][941]LogModuleManager: Shutting down and abandoning module CharacterAI (538)
[2022.06.07-13.43.13:310][941]LogModuleManager: Shutting down and abandoning module SmartSnapping (536)
[2022.06.07-13.43.13:310][941]LogModuleManager: Shutting down and abandoning module SessionServices (534)
[2022.06.07-13.43.13:310][941]LogModuleManager: Shutting down and abandoning module ViewportSnapping (532)
[2022.06.07-13.43.13:310][941]LogModuleManager: Shutting down and abandoning module ViewportInteraction (530)
[2022.06.07-13.43.13:310][941]LogModuleManager: Shutting down and abandoning module ClothPainter (528)
[2022.06.07-13.43.13:311][941]LogModuleManager: Shutting down and abandoning module SkeletalMeshEditor (527)
[2022.06.07-13.43.13:312][941]LogModuleManager: Shutting down and abandoning module LogVisualizer (524)
[2022.06.07-13.43.13:313][941]LogModuleManager: Shutting down and abandoning module IntroTutorials (522)
[2022.06.07-13.43.13:313][941]LogModuleManager: Shutting down and abandoning module GameProjectGeneration (521)
[2022.06.07-13.43.13:313][941]LogModuleManager: Shutting down and abandoning module LuminPlatformEditor (518)
[2022.06.07-13.43.13:313][941]LogModuleManager: Shutting down and abandoning module IOSPlatformEditor (516)
[2022.06.07-13.43.13:313][941]LogModuleManager: Shutting down and abandoning module HTML5PlatformEditor (514)
[2022.06.07-13.43.13:313][941]LogModuleManager: Shutting down and abandoning module AndroidPlatformEditor (512)
[2022.06.07-13.43.13:313][941]LogModuleManager: Shutting down and abandoning module AndroidDeviceDetection (511)
[2022.06.07-13.43.13:341][941]LogModuleManager: Shutting down and abandoning module WindowsPlatformEditor (508)
[2022.06.07-13.43.13:341][941]LogModuleManager: Shutting down and abandoning module LuminRuntimeSettings (506)
[2022.06.07-13.43.13:341][941]LogModuleManager: Shutting down and abandoning module IOSRuntimeSettings (504)
[2022.06.07-13.43.13:341][941]LogModuleManager: Shutting down and abandoning module AndroidRuntimeSettings (502)
[2022.06.07-13.43.13:341][941]LogModuleManager: Shutting down and abandoning module InputBindingEditor (500)
[2022.06.07-13.43.13:341][941]LogModuleManager: Shutting down and abandoning module MergeActors (498)
[2022.06.07-13.43.13:341][941]LogModuleManager: Shutting down and abandoning module LocalizationDashboard (496)
[2022.06.07-13.43.13:343][941]LogModuleManager: Shutting down and abandoning module LocalizationService (495)
[2022.06.07-13.43.13:343][941]LogModuleManager: Shutting down and abandoning module HardwareTargeting (492)
[2022.06.07-13.43.13:343][941]LogModuleManager: Shutting down and abandoning module DeviceProfileEditor (490)
[2022.06.07-13.43.13:343][941]LogModuleManager: Shutting down and abandoning module UndoHistory (488)
[2022.06.07-13.43.13:343][941]LogModuleManager: Shutting down and abandoning module XmlParser (486)
[2022.06.07-13.43.13:343][941]LogModuleManager: Shutting down and abandoning module Blutility (484)
[2022.06.07-13.43.13:343][941]LogModuleManager: Shutting down and abandoning module ProjectSettingsViewer (482)
[2022.06.07-13.43.13:343][941]LogModuleManager: Shutting down and abandoning module ProjectTargetPlatformEditor (481)
[2022.06.07-13.43.13:343][941]LogModuleManager: Shutting down and abandoning module EditorSettingsViewer (478)
[2022.06.07-13.43.13:343][941]LogModuleManager: Shutting down and abandoning module SettingsEditor (476)
[2022.06.07-13.43.13:343][941]LogModuleManager: Shutting down and abandoning module ProjectLauncher (474)
[2022.06.07-13.43.13:343][941]LogModuleManager: Shutting down and abandoning module SessionFrontend (472)
[2022.06.07-13.43.13:343][941]LogModuleManager: Shutting down and abandoning module ProfilerClient (470)
[2022.06.07-13.43.13:343][941]LogModuleManager: Shutting down and abandoning module DeviceManager (468)
[2022.06.07-13.43.13:343][941]LogModuleManager: Shutting down and abandoning module TargetDeviceServices (467)
[2022.06.07-13.43.13:398][941]LogModuleManager: Shutting down and abandoning module AutomationController (464)
[2022.06.07-13.43.13:398][941]LogModuleManager: Shutting down and abandoning module AutomationWindow (462)
[2022.06.07-13.43.13:398][941]LogModuleManager: Shutting down and abandoning module Layers (460)
[2022.06.07-13.43.13:400][941]LogModuleManager: Shutting down and abandoning module ComponentVisualizers (458)
[2022.06.07-13.43.13:400][941]LogModuleManager: Shutting down and abandoning module DetailCustomizations (456)
[2022.06.07-13.43.13:400][941]LogModuleManager: Shutting down and abandoning module PackagesDialog (454)
[2022.06.07-13.43.13:400][941]LogModuleManager: Shutting down and abandoning module Persona (452)
[2022.06.07-13.43.13:401][941]LogModuleManager: Shutting down and abandoning module AdvancedPreviewScene (451)
[2022.06.07-13.43.13:401][941]LogModuleManager: Shutting down and abandoning module AnimGraph (449)
[2022.06.07-13.43.13:401][941]LogModuleManager: Shutting down and abandoning module Kismet (446)
[2022.06.07-13.43.13:405][941]LogModuleManager: Shutting down and abandoning module GraphEditor (444)
[2022.06.07-13.43.13:405][941]LogModuleManager: Shutting down and abandoning module ClassViewer (442)
[2022.06.07-13.43.13:405][941]LogModuleManager: Shutting down and abandoning module Toolbox (440)
[2022.06.07-13.43.13:405][941]LogModuleManager: Shutting down and abandoning module ModuleUI (438)
[2022.06.07-13.43.13:405][941]LogModuleManager: Shutting down and abandoning module MovieSceneTools (436)
[2022.06.07-13.43.13:405][941]LogModuleManager: Shutting down and abandoning module OutputLog (434)
[2022.06.07-13.43.13:405][941]LogModuleManager: Shutting down and abandoning module GammaUI (432)
[2022.06.07-13.43.13:405][941]LogModuleManager: Shutting down and abandoning module Documentation (430)
[2022.06.07-13.43.13:405][941]LogModuleManager: Shutting down and abandoning module MovieSceneTracks (428)
[2022.06.07-13.43.13:406][941]LogModuleManager: Shutting down and abandoning module MovieScene (426)
[2022.06.07-13.43.13:406][941]LogModuleManager: Shutting down and abandoning module StreamingPauseRendering (424)
[2022.06.07-13.43.13:406][941]LogModuleManager: Shutting down and abandoning module LauncherPlatform (422)
[2022.06.07-13.43.13:406][941]LogModuleManager: Shutting down and abandoning module AnalyticsET (420)
[2022.06.07-13.43.13:406][941]LogModuleManager: Shutting down and abandoning module PortalServices (418)
[2022.06.07-13.43.13:406][941]LogModuleManager: Shutting down and abandoning module PortalRpc (416)
[2022.06.07-13.43.13:406][941]LogModuleManager: Shutting down and abandoning module MessagingRpc (414)
[2022.06.07-13.43.13:406][941]LogModuleManager: Shutting down and abandoning module AIModule (412)
[2022.06.07-13.43.13:406][941]LogModuleManager: Shutting down and abandoning module GameplayDebugger (411)
[2022.06.07-13.43.13:406][941]LogModuleManager: Shutting down and abandoning module AITestSuite (409)
[2022.06.07-13.43.13:406][941]LogModuleManager: Shutting down and abandoning module NavigationSystem (407)
[2022.06.07-13.43.13:406][941]LogModuleManager: Shutting down and abandoning module DesktopPlatform (404)
[2022.06.07-13.43.13:406][941]LogModuleManager: Shutting down and abandoning module ProfilerService (402)
[2022.06.07-13.43.13:531][941]LogModuleManager: Shutting down and abandoning module TaskGraph (400)
[2022.06.07-13.43.13:531][941]LogModuleManager: Shutting down and abandoning module SteamVRController (398)
[2022.06.07-13.43.13:531][941]LogModuleManager: Shutting down and abandoning module ProceduralMeshComponentEditor (396)
[2022.06.07-13.43.13:531][941]LogModuleManager: Shutting down and abandoning module ProceduralMeshComponent (394)
[2022.06.07-13.43.13:531][941]LogModuleManager: Shutting down and abandoning module OculusInput (392)
[2022.06.07-13.43.13:531][941]LogModuleManager: Shutting down and abandoning module MobilePatchingUtils (390)
[2022.06.07-13.43.13:531][941]LogModuleManager: Shutting down and abandoning module EditableMesh (388)
[2022.06.07-13.43.13:537][941]LogModuleManager: Shutting down and abandoning module CustomMeshComponent (386)
[2022.06.07-13.43.13:537][941]LogModuleManager: Shutting down and abandoning module CableComponent (384)
[2022.06.07-13.43.13:537][941]LogModuleManager: Shutting down and abandoning module AudioCapture (382)
[2022.06.07-13.43.13:537][941]LogModuleManager: Shutting down and abandoning module ArchVisCharacter (380)
[2022.06.07-13.43.13:537][941]LogModuleManager: Shutting down and abandoning module AndroidPermission (378)
[2022.06.07-13.43.13:537][941]LogModuleManager: Shutting down and abandoning module NUTUnrealEngine4 (376)
[2022.06.07-13.43.13:537][941]LogModuleManager: Shutting down and abandoning module NetcodeUnitTest (374)
[2022.06.07-13.43.13:537][941]LogModuleManager: Shutting down and abandoning module MediaCompositingEditor (372)
[2022.06.07-13.43.13:537][941]LogModuleManager: Shutting down and abandoning module MediaCompositing (370)
[2022.06.07-13.43.13:537][941]LogModuleManager: Shutting down and abandoning module LinearTimecode (368)
[2022.06.07-13.43.13:537][941]LogModuleManager: Shutting down and abandoning module ImgMedia (366)
[2022.06.07-13.43.13:540][941]LogModuleManager: Shutting down and abandoning module RawInput (364)
[2022.06.07-13.43.13:541][941]LogModuleManager: Shutting down and abandoning module HTML5Networking (362)
[2022.06.07-13.43.13:541][941]LogModuleManager: Shutting down and abandoning module GeometryCacheTracks (360)
[2022.06.07-13.43.13:541][941]LogModuleManager: Shutting down and abandoning module GeometryCacheSequencer (358)
[2022.06.07-13.43.13:541][941]LogModuleManager: Shutting down and abandoning module BackChannel (356)
[2022.06.07-13.43.13:541][941]LogModuleManager: Shutting down and abandoning module AppleVision (354)
[2022.06.07-13.43.13:541][941]LogModuleManager: Shutting down and abandoning module AppleImageUtils (352)
[2022.06.07-13.43.13:541][941]LogModuleManager: Shutting down and abandoning module AlembicImporter (350)
[2022.06.07-13.43.13:541][941]LogModuleManager: Shutting down and abandoning module AlembicLibrary (349)
[2022.06.07-13.43.13:541][941]LogModuleManager: Shutting down and abandoning module GeometryCache (348)
[2022.06.07-13.43.13:541][941]LogModuleManager: Shutting down and abandoning module GeometryCacheEd (347)
[2022.06.07-13.43.13:541][941]LogModuleManager: Shutting down and abandoning module DatasmithContentEditor (342)
[2022.06.07-13.43.13:541][941]LogModuleManager: Shutting down and abandoning module DatasmithContent (340)
[2022.06.07-13.43.13:542][941]LogModuleManager: Shutting down and abandoning module SpeedTreeImporter (338)
[2022.06.07-13.43.13:542][941]LogModuleManager: Shutting down and abandoning module PluginBrowser (336)
[2022.06.07-13.43.13:542][941]LogModuleManager: Shutting down and abandoning module MobileLauncherProfileWizard (334)
[2022.06.07-13.43.13:542][941]LogModuleManager: Shutting down and abandoning module PolygonModeling (332)
[2022.06.07-13.43.13:542][941]LogModuleManager: Shutting down and abandoning module MeshEditor (330)
[2022.06.07-13.43.13:542][941]LogModuleManager: Shutting down and abandoning module CryptoKeysOpenSSL (328)
[2022.06.07-13.43.13:542][941]LogModuleManager: Shutting down and abandoning module CryptoKeys (326)
[2022.06.07-13.43.13:542][941]LogModuleManager: Shutting down and abandoning module VisualStudioSourceCodeAccess (324)
[2022.06.07-13.43.13:542][941]LogModuleManager: Shutting down and abandoning module VisualStudioCodeSourceCodeAccess (322)
[2022.06.07-13.43.13:542][941]LogModuleManager: Shutting down and abandoning module UObjectPlugin (320)
[2022.06.07-13.43.13:542][941]LogModuleManager: Shutting down and abandoning module SubversionSourceControl (318)
[2022.06.07-13.43.13:542][941]LogModuleManager: Shutting down and abandoning module PerforceSourceControl (316)
[2022.06.07-13.43.13:543][941]LogModuleManager: Shutting down and abandoning module GitSourceControl (314)
[2022.06.07-13.43.13:543][941]LogModuleManager: Shutting down and abandoning module SourceControl (313)
[2022.06.07-13.43.13:543][941]LogModuleManager: Shutting down and abandoning module CLionSourceCodeAccess (310)
[2022.06.07-13.43.13:543][941]LogModuleManager: Shutting down and abandoning module LightPropagationVolumeEditor (308)
[2022.06.07-13.43.13:543][941]LogModuleManager: Shutting down and abandoning module PaperTiledImporter (306)
[2022.06.07-13.43.13:543][941]LogModuleManager: Shutting down and abandoning module PaperSpriteSheetImporter (304)
[2022.06.07-13.43.13:543][941]LogModuleManager: Shutting down and abandoning module Paper2DEditor (302)
[2022.06.07-13.43.13:543][941]LogModuleManager: Shutting down and abandoning module MeshPaint (301)
[2022.06.07-13.43.13:543][941]LogModuleManager: Shutting down and abandoning module RuntimePhysXCooking (298)
[2022.06.07-13.43.13:543][941]LogModuleManager: Shutting down and abandoning module PhysXVehiclesEditor (296)
[2022.06.07-13.43.13:543][941]LogModuleManager: Shutting down and abandoning module PhysXVehicles (294)
[2022.06.07-13.43.13:543][941]LogModuleManager: Shutting down and abandoning module OculusEditor (292)
[2022.06.07-13.43.13:544][941]LogModuleManager: Shutting down and abandoning module LocationServicesBPLibrary (290)
[2022.06.07-13.43.13:544][941]LogModuleManager: Shutting down and abandoning module ImmediatePhysicsEditor (288)
[2022.06.07-13.43.13:544][941]LogModuleManager: Shutting down and abandoning module ImmediatePhysics (286)
[2022.06.07-13.43.13:544][941]LogModuleManager: Shutting down and abandoning module ActorSequence (284)
[2022.06.07-13.43.13:544][941]LogModuleManager: Shutting down and abandoning module UdpMessaging (282)
[2022.06.07-13.43.13:644][941]LogModuleManager: Shutting down and abandoning module TcpMessaging (280)
[2022.06.07-13.43.13:745][941]LogModuleManager: Shutting down and abandoning module MagicLeapAudio (278)
[2022.06.07-13.43.13:745][941]LogModuleManager: Shutting down and abandoning module GameplayTagsEditor (276)
[2022.06.07-13.43.13:750][941]LogModuleManager: Shutting down and abandoning module FacialAnimationEditor (274)
[2022.06.07-13.43.13:750][941]LogModuleManager: Shutting down and abandoning module FacialAnimation (272)
[2022.06.07-13.43.13:750][941]LogModuleManager: Shutting down and abandoning module DataValidation (270)
[2022.06.07-13.43.13:750][941]LogModuleManager: Shutting down and abandoning module AssetManagerEditor (268)
[2022.06.07-13.43.13:751][941]LogModuleManager: Shutting down and abandoning module LevelEditor (267)
[2022.06.07-13.43.13:751][941]LogModuleManager: Shutting down and abandoning module PixelInspectorModule (266)
[2022.06.07-13.43.13:751][941]LogModuleManager: Shutting down and abandoning module CommonMenuExtensions (264)
[2022.06.07-13.43.13:751][941]LogModuleManager: Shutting down and abandoning module MainFrame (262)
[2022.06.07-13.43.13:751][941]LogModuleManager: Shutting down and abandoning module HotReload (261)
[2022.06.07-13.43.13:752][941]LogModuleManager: Shutting down and abandoning module ContentBrowser (257)
[2022.06.07-13.43.13:752][941]LogModuleManager: Shutting down and abandoning module TreeMap (255)
[2022.06.07-13.43.13:752][941]LogModuleManager: Shutting down and abandoning module LightPropagationVolumeRuntime (252)
[2022.06.07-13.43.13:752][941]LogModuleManager: Shutting down and abandoning module AISupportModule (250)
[2022.06.07-13.43.13:752][941]LogModuleManager: Shutting down and abandoning module Paper2D (248)
[2022.06.07-13.43.13:752][941]LogModuleManager: Shutting down and abandoning module WindowsMoviePlayer (246)
[2022.06.07-13.43.13:752][941]LogModuleManager: Shutting down and abandoning module WmfMedia (244)
[2022.06.07-13.43.13:754][941]LogModuleManager: Shutting down and abandoning module Media (243)
[2022.06.07-13.43.13:760][941]LogModuleManager: Shutting down and abandoning module PacketHandler (240)
[2022.06.07-13.43.13:760][941]LogModuleManager: Shutting down and abandoning module ClothingSystemEditor (238)
[2022.06.07-13.43.13:760][941]LogModuleManager: Shutting down and abandoning module ClothingSystemRuntime (236)
[2022.06.07-13.43.13:761][941]LogModuleManager: Shutting down and abandoning module MediaAssets (234)
[2022.06.07-13.43.13:761][941]LogModuleManager: Shutting down and abandoning module Overlay (232)
[2022.06.07-13.43.13:761][941]LogModuleManager: Shutting down and abandoning module OverlayEditor (231)
[2022.06.07-13.43.13:761][941]LogModuleManager: Shutting down and abandoning module VREditor (228)
[2022.06.07-13.43.13:761][941]LogModuleManager: Shutting down and abandoning module StringTableEditor (226)
[2022.06.07-13.43.13:761][941]LogModuleManager: Shutting down and abandoning module GameplayTasksEditor (224)
[2022.06.07-13.43.13:761][941]LogModuleManager: Shutting down and abandoning module BehaviorTreeEditor (222)
[2022.06.07-13.43.13:762][941]LogModuleManager: Shutting down and abandoning module FunctionalTesting (220)
[2022.06.07-13.43.13:762][941]LogModuleManager: Shutting down and abandoning module CollisionAnalyzer (218)
[2022.06.07-13.43.13:762][941]LogModuleManager: Shutting down and abandoning module WorkspaceMenuStructure (217)
[2022.06.07-13.43.13:762][941]LogModuleManager: Shutting down and abandoning module UMG (214)
[2022.06.07-13.43.13:762][941]LogModuleManager: Shutting down and abandoning module UMGEditor (213)
[2022.06.07-13.43.13:763][941]LogModuleManager: Shutting down and abandoning module Sequencer (212)
[2022.06.07-13.43.13:764][941]LogModuleManager: Shutting down and abandoning module MessageLog (209)
[2022.06.07-13.43.13:764][941]LogModuleManager: Shutting down and abandoning module SlateReflector (204)
[2022.06.07-13.43.13:765][941]LogModuleManager: Shutting down and abandoning module Slate (202)
[2022.06.07-13.43.13:765][941]LogModuleManager: Shutting down and abandoning module EditorStyle (200)
[2022.06.07-13.43.13:766][941]LogModuleManager: Shutting down and abandoning module MRMesh (198)
[2022.06.07-13.43.13:766][941]LogModuleManager: Shutting down and abandoning module SourceCodeAccess (196)
[2022.06.07-13.43.13:766][941]LogModuleManager: Shutting down and abandoning module HeadMountedDisplay (194)
[2022.06.07-13.43.13:766][941]LogModuleManager: Shutting down and abandoning module XAudio2 (192)
[2022.06.07-13.43.13:766][941]LogModuleManager: Shutting down and abandoning module Networking (190)
[2022.06.07-13.43.13:766][941]LogModuleManager: Shutting down and abandoning module Core (188)
[2022.06.07-13.43.13:766][941]LogModuleManager: Shutting down and abandoning module LevelSequence (186)
[2022.06.07-13.43.13:766][941]LogModuleManager: Shutting down and abandoning module KismetCompiler (184)
[2022.06.07-13.43.13:766][941]LogModuleManager: Shutting down and abandoning module MeshUtilities (182)
[2022.06.07-13.43.13:766][941]LogModuleManager: Shutting down and abandoning module MeshMergeUtilities (181)
[2022.06.07-13.43.13:766][941]LogModuleManager: Shutting down and abandoning module MeshReductionInterface (180)
[2022.06.07-13.43.13:766][941]LogModuleManager: Shutting down and abandoning module SimplygonSwarm (179)
[2022.06.07-13.43.13:766][941]LogModuleManager: Shutting down and abandoning module ProxyLODMeshReduction (177)
[2022.06.07-13.43.13:767][941]LogModuleManager: Shutting down and abandoning module SimplygonMeshReduction (175)
[2022.06.07-13.43.13:767][941]LogModuleManager: Shutting down and abandoning module QuadricMeshReduction (173)
[2022.06.07-13.43.13:767][941]LogModuleManager: Shutting down and abandoning module MaterialBaking (169)
[2022.06.07-13.43.13:767][941]LogModuleManager: Shutting down and abandoning module DirectoryWatcher (165)
[2022.06.07-13.43.13:767][941]LogModuleManager: Shutting down and abandoning module DerivedDataCache (162)
[2022.06.07-13.43.13:849][941]LogDerivedDataCache: Shutdown
[2022.06.07-13.43.13:849][941]LogModuleManager: Shutting down and abandoning module XGEController (160)
[2022.06.07-13.43.13:849][941]LogXGEController: Cleaning working directory: C:/Users/Admin/AppData/Local/Temp/UnrealXGEWorkingDir/
[2022.06.07-13.43.13:850][941]LogModuleManager: Shutting down and abandoning module TargetPlatform (158)
[2022.06.07-13.43.13:850][941]LogModuleManager: Shutting down and abandoning module VulkanShaderFormat (157)
[2022.06.07-13.43.13:850][941]LogModuleManager: Shutting down and abandoning module ShaderFormatVectorVM (155)
[2022.06.07-13.43.13:850][941]LogModuleManager: Shutting down and abandoning module ShaderFormatOpenGL (153)
[2022.06.07-13.43.13:855][941]LogModuleManager: Shutting down and abandoning module ShaderFormatD3D (151)
[2022.06.07-13.43.13:855][941]LogModuleManager: Shutting down and abandoning module MetalShaderFormat (149)
[2022.06.07-13.43.13:855][941]LogModuleManager: Shutting down and abandoning module TextureFormatUncompressed (147)
[2022.06.07-13.43.13:855][941]LogModuleManager: Shutting down and abandoning module TextureFormatPVR (145)
[2022.06.07-13.43.13:855][941]LogModuleManager: Shutting down and abandoning module TextureFormatDXT (143)
[2022.06.07-13.43.13:855][941]LogModuleManager: Shutting down and abandoning module TextureFormatIntelISPCTexComp (141)
[2022.06.07-13.43.13:855][941]LogModuleManager: Shutting down and abandoning module TextureFormatASTC (139)
[2022.06.07-13.43.13:855][941]LogModuleManager: Shutting down and abandoning module ImageWrapper (138)
[2022.06.07-13.43.13:855][941]LogModuleManager: Shutting down and abandoning module TextureFormatAndroid (135)
[2022.06.07-13.43.13:855][941]LogModuleManager: Shutting down and abandoning module AudioFormatOpus (133)
[2022.06.07-13.43.13:855][941]LogModuleManager: Shutting down and abandoning module AudioFormatOgg (131)
[2022.06.07-13.43.13:855][941]LogModuleManager: Shutting down and abandoning module AudioFormatADPCM (129)
[2022.06.07-13.43.13:855][941]LogModuleManager: Shutting down and abandoning module LuminTargetPlatform (127)
[2022.06.07-13.43.13:855][941]LogModuleManager: Shutting down and abandoning module LinuxTargetPlatform (125)
[2022.06.07-13.43.13:855][941]LogModuleManager: Shutting down and abandoning module LinuxServerTargetPlatform (123)
[2022.06.07-13.43.13:855][941]LogModuleManager: Shutting down and abandoning module LinuxNoEditorTargetPlatform (121)
[2022.06.07-13.43.13:855][941]LogModuleManager: Shutting down and abandoning module LinuxClientTargetPlatform (119)
[2022.06.07-13.43.13:855][941]LogModuleManager: Shutting down and abandoning module TVOSTargetPlatform (117)
[2022.06.07-13.43.13:856][941]LogModuleManager: Shutting down and abandoning module Messaging (115)
[2022.06.07-13.43.13:856][941]LogModuleManager: Shutting down and abandoning module IOSTargetPlatform (113)
[2022.06.07-13.43.13:856][941]LogModuleManager: Shutting down and abandoning module HTML5TargetPlatform (111)
[2022.06.07-13.43.13:856][941]LogModuleManager: Shutting down and abandoning module AndroidTargetPlatform (109)
[2022.06.07-13.43.13:860][941]LogModuleManager: Shutting down and abandoning module WindowsTargetPlatform (107)
[2022.06.07-13.43.13:860][941]LogModuleManager: Shutting down and abandoning module WindowsServerTargetPlatform (105)
[2022.06.07-13.43.13:860][941]LogModuleManager: Shutting down and abandoning module WindowsNoEditorTargetPlatform (103)
[2022.06.07-13.43.13:860][941]LogModuleManager: Shutting down and abandoning module WindowsClientTargetPlatform (101)
[2022.06.07-13.43.13:860][941]LogModuleManager: Shutting down and abandoning module MacTargetPlatform (99)
[2022.06.07-13.43.13:860][941]LogModuleManager: Shutting down and abandoning module MacServerTargetPlatform (97)
[2022.06.07-13.43.13:860][941]LogModuleManager: Shutting down and abandoning module MacNoEditorTargetPlatform (95)
[2022.06.07-13.43.13:860][941]LogModuleManager: Shutting down and abandoning module MacClientTargetPlatform (93)
[2022.06.07-13.43.13:860][941]LogModuleManager: Shutting down and abandoning module AllDesktopTargetPlatform (91)
[2022.06.07-13.43.13:860][941]LogModuleManager: Shutting down and abandoning module InputCore (88)
[2022.06.07-13.43.13:860][941]LogModuleManager: Shutting down and abandoning module Settings (86)
[2022.06.07-13.43.13:860][941]LogModuleManager: Shutting down and abandoning module PhysXCooking (84)
[2022.06.07-13.43.13:860][941]LogModuleManager: Shutting down and abandoning module SteamVR (82)
[2022.06.07-13.43.13:860][941]LogModuleManager: Shutting down and abandoning module OculusHMD (80)
[2022.06.07-13.43.13:860][941]LogModuleManager: Shutting down and abandoning module ExampleDeviceProfileSelector (78)
[2022.06.07-13.43.13:860][941]LogModuleManager: Shutting down and abandoning module LauncherChunkInstaller (76)
[2022.06.07-13.43.13:860][941]LogModuleManager: Shutting down and abandoning module OnlineBlueprintSupport (74)
[2022.06.07-13.43.13:860][941]LogModuleManager: Shutting down and abandoning module OnlineSubsystem (70)
[2022.06.07-13.43.13:861][941]LogModuleManager: Shutting down and abandoning module XMPP (65)
[2022.06.07-13.43.13:861][941]LogModuleManager: Shutting down and abandoning module WebSockets (64)
[2022.06.07-13.43.13:886][941]LogModuleManager: Shutting down and abandoning module HTTP (61)
[2022.06.07-13.43.13:886][941]LogHttp: Display: Http module shutting down, but needs to wait on 1 outstanding Http requests:
[2022.06.07-13.43.13:886][941]LogHttp: Display: 	verb=[POST] url=[https://datarouter.ol.epicgames.com/datarouter/api/v1/public/data?SessionID=%7B6D25EE27-4703-EC77-5DB2-1FA1545EDC24%7D&AppID=UEEditor.Rocket.Release&AppVersion=4.20.3-4369336%2B%2B%2BUE4%2BRelease-4.20&UserID=0476ee8a420b7a20cab273a5f8b05d56%7C7f3f167daf384797b56d38b99b8bd9f3%7Cab4e915a-5b18-4605-a28b-c04c0053b0d7&AppEnvironment=datacollector-binary&UploadType=eteventstream] status=Processing
[2022.06.07-13.43.13:911][941]LogModuleManager: Shutting down and abandoning module SSL (60)
[2022.06.07-13.43.13:912][941]LogModuleManager: Shutting down and abandoning module MagicLeapEmulator (56)
[2022.06.07-13.43.13:912][941]LogModuleManager: Shutting down and abandoning module MagicLeapPrivileges (54)
[2022.06.07-13.43.13:912][941]LogModuleManager: Shutting down and abandoning module MagicLeapIdentity (52)
[2022.06.07-13.43.13:912][941]LogModuleManager: Shutting down and abandoning module MagicLeapHelperVulkan (50)
[2022.06.07-13.43.13:912][941]LogModuleManager: Shutting down and abandoning module MagicLeapHelperOpenGL (48)
[2022.06.07-13.43.13:912][941]LogModuleManager: Shutting down and abandoning module MagicLeapSecureStorage (46)
[2022.06.07-13.43.13:912][941]LogModuleManager: Shutting down and abandoning module MagicLeapGestures (44)
[2022.06.07-13.43.13:912][941]LogModuleManager: Shutting down and abandoning module MagicLeapEyeTracker (42)
[2022.06.07-13.43.13:912][941]LogModuleManager: Shutting down and abandoning module MagicLeapController (40)
[2022.06.07-13.43.13:912][941]LogSlate: Slate User Destroyed.  User Index 0, Is Virtual User: 0
[2022.06.07-13.43.13:912][941]LogModuleManager: Shutting down and abandoning module MagicLeap (38)
[2022.06.07-13.43.13:912][941]LogModuleManager: Shutting down and abandoning module AnimationModifiers (36)
[2022.06.07-13.43.13:914][941]LogModuleManager: Shutting down and abandoning module PropertyEditor (35)
[2022.06.07-13.43.13:914][941]LogModuleManager: Shutting down and abandoning module AudioEditor (32)
[2022.06.07-13.43.13:914][941]LogModuleManager: Shutting down and abandoning module TextureCompressor (30)
[2022.06.07-13.43.13:914][941]LogModuleManager: Shutting down and abandoning module ShaderCore (28)
[2022.06.07-13.43.13:914][941]LogModuleManager: Shutting down and abandoning module Landscape (26)
[2022.06.07-13.43.13:914][941]LogModuleManager: Shutting down and abandoning module SlateRHIRenderer (24)
[2022.06.07-13.43.13:914][941]LogModuleManager: Shutting down and abandoning module OpenGLDrv (22)
[2022.06.07-13.43.13:914][941]LogModuleManager: Shutting down and abandoning module D3D11RHI (20)
[2022.06.07-13.43.13:914][941]LogModuleManager: Shutting down and abandoning module AnimGraphRuntime (18)
[2022.06.07-13.43.13:914][941]LogModuleManager: Shutting down and abandoning module Renderer (16)
[2022.06.07-13.43.13:914][941]LogModuleManager: Shutting down and abandoning module Engine (14)
[2022.06.07-13.43.13:914][941]LogModuleManager: Shutting down and abandoning module CoreUObject (12)
[2022.06.07-13.43.13:914][941]LogModuleManager: Shutting down and abandoning module NetworkFile (10)
[2022.06.07-13.43.13:914][941]LogModuleManager: Shutting down and abandoning module CookedIterativeFile (8)
[2022.06.07-13.43.13:914][941]LogModuleManager: Shutting down and abandoning module StreamingFile (6)
[2022.06.07-13.43.13:914][941]LogModuleManager: Shutting down and abandoning module SandboxFile (4)
[2022.06.07-13.43.13:914][941]LogModuleManager: Shutting down and abandoning module PakFile (2)
[2022.06.07-13.43.13:923][941]LogExit: Exiting.
[2022.06.07-13.43.13:934][941]Log file closed, 06/07/22 16:43:13
