Log file open, 06/04/22 16:19:02
LogWindows: Failed to load 'aqProf.dll' (GetLastError=126)
LogWindows: File 'aqProf.dll' does not exist
LogWindows: Failed to load 'VSPerf140.dll' (GetLastError=126)
LogWindows: File 'VSPerf140.dll' does not exist
LogWindows: Failed to load 'VtuneApi.dll' (GetLastError=126)
LogWindows: File 'VtuneApi.dll' does not exist
LogWindows: Failed to load 'VtuneApi32e.dll' (GetLastError=126)
LogWindows: File 'VtuneApi32e.dll' does not exist
LogInit: Display: Running engine for game: NeuralCar
LogPlatformFile: Not using cached read wrapper
LogTaskGraph: Started task graph with 5 named threads and 47 total threads with 3 sets of task threads.
LogStats: Stats thread started at 1.296048
LogD3D11RHI: Loaded GFSDK_Aftermath_Lib.x64.dll
LogICUInternationalization: Display: ICU TimeZone Detection - Raw Offset: +3:00, Platform Override: ''
LogPluginManager: Mounting plugin Paper2D
LogPluginManager: Mounting plugin AISupport
LogPluginManager: Mounting plugin LightPropagationVolume
LogPluginManager: Mounting plugin CLionSourceCodeAccess
LogPluginManager: Mounting plugin CodeLiteSourceCodeAccess
LogPluginManager: Mounting plugin GitSourceControl
LogPluginManager: Mounting plugin KDevelopSourceCodeAccess
LogPluginManager: Mounting plugin NullSourceCodeAccess
LogPluginManager: Mounting plugin PerforceSourceControl
LogPluginManager: Mounting plugin SubversionSourceControl
LogPluginManager: Mounting plugin UObjectPlugin
LogPluginManager: Mounting plugin VisualStudioCodeSourceCodeAccess
LogPluginManager: Mounting plugin VisualStudioSourceCodeAccess
LogPluginManager: Mounting plugin XCodeSourceCodeAccess
LogPluginManager: Mounting plugin AssetManagerEditor
LogPluginManager: Mounting plugin CryptoKeys
LogPluginManager: Mounting plugin DataValidation
LogPluginManager: Mounting plugin FacialAnimation
LogPluginManager: Mounting plugin GameplayTagsEditor
LogPluginManager: Mounting plugin MacGraphicsSwitching
LogPluginManager: Mounting plugin MeshEditor
LogPluginManager: Mounting plugin MobileLauncherProfileWizard
LogPluginManager: Mounting plugin PluginBrowser
LogPluginManager: Mounting plugin SpeedTreeImporter
LogPluginManager: Mounting plugin DatasmithContent
LogPluginManager: Mounting plugin AlembicImporter
LogPluginManager: Mounting plugin AppleImageUtils
LogPluginManager: Mounting plugin AppleVision
LogPluginManager: Mounting plugin BackChannel
LogPluginManager: Mounting plugin CharacterAI
LogPluginManager: Mounting plugin GeometryCache
LogPluginManager: Mounting plugin HTML5Networking
LogPluginManager: Mounting plugin ProxyLODPlugin
LogPluginManager: Mounting plugin RawInput
LogPluginManager: Mounting plugin MagicLeap
LogPluginManager: Mounting plugin MagicLeapEmulator
LogPluginManager: Mounting plugin MagicLeapMedia
LogPluginManager: Mounting plugin AndroidMedia
LogPluginManager: Mounting plugin AvfMedia
LogPluginManager: Mounting plugin ImgMedia
LogPluginManager: Mounting plugin LinearTimecode
LogPluginManager: Mounting plugin MediaCompositing
LogPluginManager: Mounting plugin MediaPlayerEditor
LogPluginManager: Mounting plugin WmfMedia
LogPluginManager: Mounting plugin TcpMessaging
LogPluginManager: Mounting plugin UdpMessaging
LogPluginManager: Mounting plugin ActorSequence
LogPluginManager: Mounting plugin LevelSequenceEditor
LogPluginManager: Mounting plugin MatineeToLevelSequence
LogPluginManager: Mounting plugin NetcodeUnitTest
LogPluginManager: Mounting plugin NUTUnrealEngine4
LogPluginManager: Mounting plugin OnlineSubsystemGooglePlay
LogPluginManager: Mounting plugin OnlineSubsystemIOS
LogPluginManager: Mounting plugin OnlineSubsystem
LogPluginManager: Mounting plugin OnlineSubsystemNull
LogPluginManager: Mounting plugin OnlineSubsystemUtils
LogPluginManager: Mounting plugin LauncherChunkInstaller
LogPluginManager: Mounting plugin AndroidDeviceProfileSelector
LogPluginManager: Mounting plugin AndroidMoviePlayer
LogPluginManager: Mounting plugin AndroidPermission
LogPluginManager: Mounting plugin AppleMoviePlayer
LogPluginManager: Mounting plugin ArchVisCharacter
LogPluginManager: Mounting plugin AudioCapture
LogPluginManager: Mounting plugin CableComponent
LogPluginManager: Mounting plugin CustomMeshComponent
LogPluginManager: Mounting plugin EditableMesh
LogPluginManager: Mounting plugin ExampleDeviceProfileSelector
LogPluginManager: Mounting plugin GoogleCloudMessaging
LogPluginManager: Mounting plugin ImmediatePhysics
LogPluginManager: Mounting plugin IOSDeviceProfileSelector
LogPluginManager: Mounting plugin LinuxDeviceProfileSelector
LogPluginManager: Mounting plugin LocationServicesBPLibrary
LogPluginManager: Mounting plugin MobilePatchingUtils
LogPluginManager: Mounting plugin OculusVR
LogPluginManager: Plugin shader directory ../../../Engine/Plugins/Runtime/Oculus/OculusVR/Shaders found
LogPluginManager: Mapping shader source directory ../../../Engine/Plugins/Runtime/Oculus/OculusVR/Shaders to virtual directory /Plugin/OculusVR
LogPluginManager: Mounting plugin PhysXVehicles
LogPluginManager: Mounting plugin ProceduralMeshComponent
LogPluginManager: Mounting plugin RuntimePhysXCooking
LogPluginManager: Mounting plugin SteamVR
LogPluginManager: Mounting plugin WindowsMoviePlayer
LogStreaming: Display: Took  0.629s to configure plugins.
LogInit: Using libcurl 7.55.1-DEV
LogInit:  - built for x86_64-pc-win32
LogInit:  - supports SSL with OpenSSL/1.0.2h
LogInit:  - supports HTTP deflate (compression) using libz 1.2.8
LogInit:  - other features:
LogInit:      CURL_VERSION_SSL
LogInit:      CURL_VERSION_LIBZ
LogInit:      CURL_VERSION_IPV6
LogInit:      CURL_VERSION_ASYNCHDNS
LogInit:      CURL_VERSION_LARGEFILE
LogInit:      CURL_VERSION_IDN
LogInit:  CurlRequestOptions (configurable via config and command line):
LogInit:  - bVerifyPeer = false  - Libcurl will NOT verify peer certificate
LogInit:  - bUseHttpProxy = false  - Libcurl will NOT use HTTP proxy
LogInit:  - bDontReuseConnections = false  - Libcurl will reuse connections
LogInit:  - CertBundlePath = nullptr  - Libcurl will use whatever was configured at build time.
LogInit:  - MaxHostConnections = 16  - Libcurl will limit the number of connections to a host
LogInit:  - LocalHostAddr = Default
LogInit:  - BufferSize = 65536
LogInit: WinSock: version 1.1 (2.2), MaxSocks=32767, MaxUdp=65467
LogInit: Build: ++UE4+Release-4.20-CL-4369336
LogInit: Engine Version: 4.20.3-4369336+++UE4+Release-4.20
LogInit: Compatible Engine Version: 4.20.0-4212847+++UE4+Release-4.20
LogInit: Net CL: 4212847
LogInit: OS: Windows 10 (), CPU: Intel(R) Core(TM) i9-9900K CPU @ 3.60GHz, GPU: NVIDIA GeForce RTX 2070
LogInit: Compiled (64-bit): Sep 17 2018 12:26:19
LogInit: Compiled with Visual C++: 19.13.26129.00
LogInit: Build Configuration: Development
LogInit: Branch Name: ++UE4+Release-4.20
LogInit: Command Line:  
LogInit: Base Directory: C:/Program Files/Epic Games/UE_4.20/Engine/Binaries/Win64/
LogInit: Installed Engine Build: 1
LogDevObjectVersion: Number of dev versions registered: 20
LogDevObjectVersion:   Dev-Blueprints (B0D832E4-1F89-4F0D-ACCF-7EB736FD4AA2): 10
LogDevObjectVersion:   Dev-Build (E1C64328-A22C-4D53-A36C-8E866417BD8C): 0
LogDevObjectVersion:   Dev-Core (375EC13C-06E4-48FB-B500-84F0262A717E): 2
LogDevObjectVersion:   Dev-Editor (E4B068ED-F494-42E9-A231-DA0B2E46BB41): 24
LogDevObjectVersion:   Dev-Framework (CFFC743F-43B0-4480-9391-14DF171D2073): 34
LogDevObjectVersion:   Dev-Mobile (B02B49B5-BB20-44E9-A304-32B752E40360): 2
LogDevObjectVersion:   Dev-Networking (A4E4105C-59A1-49B5-A7C5-40C4547EDFEE): 0
LogDevObjectVersion:   Dev-Online (39C831C9-5AE6-47DC-9A44-9C173E1C8E7C): 0
LogDevObjectVersion:   Dev-Physics (78F01B33-EBEA-4F98-B9B4-84EACCB95AA2): 0
LogDevObjectVersion:   Dev-Platform (6631380F-2D4D-43E0-8009-CF276956A95A): 0
LogDevObjectVersion:   Dev-Rendering (12F88B9F-8875-4AFC-A67C-D90C383ABD29): 26
LogDevObjectVersion:   Dev-Sequencer (7B5AE74C-D270-4C10-A958-57980B212A5A): 9
LogDevObjectVersion:   Dev-VR (D7296918-1DD6-4BDD-9DE2-64A83CC13884): 2
LogDevObjectVersion:   Dev-LoadTimes (C2A15278-BFE7-4AFE-6C17-90FF531DF755): 1
LogDevObjectVersion:   Private-Geometry (6EACA3D4-40EC-4CC1-B786-8BED09428FC5): 3
LogDevObjectVersion:   Dev-AnimPhys (29E575DD-E0A3-4627-9D10-D276232CDCEA): 17
LogDevObjectVersion:   Dev-ReflectionCapture (6B266CEC-1EC7-4B8F-A30B-E4D90942FC07): 1
LogDevObjectVersion:   Dev-Automation (0DF73D61-A23F-47EA-B727-89E90C41499A): 1
LogDevObjectVersion:   FortniteMain (601D1886-AC64-4F84-AA16-D3DE0DEAC7D6): 12
LogDevObjectVersion:   Dev-Enterprise (9DFFBCD6-494F-0158-E221-12823C92A888): 1
LogStreaming: Display: Took  0.003s to delete old logs.
LogInit: Presizing for max 8388607 objects, including 0 objects not considered by GC, pre-allocating 0 bytes for permanent pool.
LogInit: Object subsystem initialized
[2022.06.04-13.19.03:838][  0]LogInit: Selected Device Profile: [Windows]
[2022.06.04-13.19.03:838][  0]LogInit: Applying CVar settings loaded from the selected device profile: [Windows]
[2022.06.04-13.19.03:908][  0]LogHAL: Display: Platform has ~ 32 GB [34270646272 / 34359738368 / 32], which maps to Largest [LargestMinGB=32, LargerMinGB=12, DefaultMinGB=8, SmallerMinGB=6, SmallestMinGB=0)
[2022.06.04-13.19.03:908][  0]LogInit: Setting Device Profile CVar: [[r.Vulkan.UseRealUBs:1]]
[2022.06.04-13.19.03:908][  0]LogInit: Going up to parent DeviceProfile []
[2022.06.04-13.19.03:910][  0]LogInit: Computer: DESKTOP-D64GIAF
[2022.06.04-13.19.03:910][  0]LogInit: User: Admin
[2022.06.04-13.19.03:910][  0]LogInit: CPU Page size=4096, Cores=8
[2022.06.04-13.19.03:910][  0]LogInit: High frequency timer resolution =10.000000 MHz
[2022.06.04-13.19.03:910][  0]LogMemory: Memory total: Physical=31.9GB (32GB approx)
[2022.06.04-13.19.03:910][  0]LogMemory: Platform Memory Stats for Windows
[2022.06.04-13.19.03:910][  0]LogMemory: Process Physical Memory: 106.38 MB used, 106.39 MB peak
[2022.06.04-13.19.03:910][  0]LogMemory: Process Virtual Memory: 91.35 MB used, 91.35 MB peak
[2022.06.04-13.19.03:910][  0]LogMemory: Physical Memory: 7318.29 MB used,  25364.75 MB free, 32683.04 MB total
[2022.06.04-13.19.03:910][  0]LogMemory: Virtual Memory: 4662.83 MB used,  25364.75 MB free, 134217728.00 MB total
[2022.06.04-13.19.04:160][  0]LogInit: Using OS detected language (ru-RU).
[2022.06.04-13.19.04:160][  0]LogInit: Using OS detected locale (ru-RU).
[2022.06.04-13.19.04:161][  0]LogTextLocalizationManager: No specific localization for 'ru-RU' exists, so the 'ru' localization will be used.
[2022.06.04-13.19.04:180][  0]LogStreaming: Display: Took  0.019s to InitEngineTextLocalization.
[2022.06.04-13.19.04:181][  0]LogInit: Setting process to per monitor DPI aware
[2022.06.04-13.19.04:264][  0]LogSlate: New Slate User Created.  User Index 0, Is Virtual User: 0
[2022.06.04-13.19.04:264][  0]LogSlate: Slate User Registered.  User Index 0, Is Virtual User: 0
[2022.06.04-13.19.05:800][  0]LogHMD: Failed to initialize OpenVR with code 110
[2022.06.04-13.19.05:800][  0]LogD3D11RHI: D3D11 adapters:
[2022.06.04-13.19.05:991][  0]LogD3D11RHI:    0. 'NVIDIA GeForce RTX 2070' (Feature Level 11_0)
[2022.06.04-13.19.05:991][  0]LogD3D11RHI:       8031/0/16341 MB DedicatedVideo/DedicatedSystem/SharedSystem, Outputs:2, VendorId:0x10de
[2022.06.04-13.19.05:996][  0]LogD3D11RHI:    1. 'Microsoft Basic Render Driver' (Feature Level 11_0)
[2022.06.04-13.19.05:996][  0]LogD3D11RHI:       0/0/16341 MB DedicatedVideo/DedicatedSystem/SharedSystem, Outputs:0, VendorId:0x1414
[2022.06.04-13.19.05:996][  0]LogD3D11RHI: Chosen D3D11 Adapter: 0
[2022.06.04-13.19.06:002][  0]LogD3D11RHI: Creating new Direct3DDevice
[2022.06.04-13.19.06:002][  0]LogD3D11RHI:     GPU DeviceId: 0x1f07 (for the marketing name, search the web for "GPU Device Id")
[2022.06.04-13.19.06:002][  0]LogWindows: EnumDisplayDevices:
[2022.06.04-13.19.06:002][  0]LogWindows:    0. 'NVIDIA GeForce RTX 2070' (P:1 D:1)
[2022.06.04-13.19.06:002][  0]LogWindows:    1. 'NVIDIA GeForce RTX 2070' (P:0 D:1)
[2022.06.04-13.19.06:002][  0]LogWindows:    2. 'NVIDIA GeForce RTX 2070' (P:0 D:0)
[2022.06.04-13.19.06:003][  0]LogWindows:    3. 'NVIDIA GeForce RTX 2070' (P:0 D:0)
[2022.06.04-13.19.06:003][  0]LogWindows: DebugString: FoundDriverCount:4 
[2022.06.04-13.19.06:003][  0]LogD3D11RHI:     Adapter Name: NVIDIA GeForce RTX 2070
[2022.06.04-13.19.06:004][  0]LogD3D11RHI:   Driver Version: 512.95 (internal:30.0.15.1295, unified:512.95)
[2022.06.04-13.19.06:004][  0]LogD3D11RHI:      Driver Date: 5-19-2022
[2022.06.04-13.19.06:004][  0]LogRHI: Texture pool is 5621 MB (70% of 8031 MB)
[2022.06.04-13.19.06:064][  0]LogD3D11RHI: Async texture creation enabled
[2022.06.04-13.19.06:087][  0]LogD3D11RHI: GPU Timing Frequency: 1000.000000 (Debug: 2 1)
[2022.06.04-13.19.06:090][  0]LogD3D11RHI: HDR output is supported on display 0 (NvId: 0x80061086).
[2022.06.04-13.19.06:091][  0]LogShaderCompilers: Guid format shader working directory is 18 characters bigger than the processId version (D:/UnrealProjectD/NeuralCar/Intermediate/Shaders/WorkingDirectory/16648/).
[2022.06.04-13.19.06:091][  0]LogShaderCompilers: Cleaned the shader compiler working directory 'C:/Users/Admin/AppData/Local/Temp/UnrealShaderWorkingDir/A32286214E8802D628190C9900ED44AC/'.
[2022.06.04-13.19.06:669][  0]LogTemp: Display: Loaded TP AllDesktopTargetPlatform
[2022.06.04-13.19.06:691][  0]LogTemp: Display: Loaded TP MacClientTargetPlatform
[2022.06.04-13.19.06:713][  0]LogTemp: Display: Loaded TP MacNoEditorTargetPlatform
[2022.06.04-13.19.06:733][  0]LogTemp: Display: Loaded TP MacServerTargetPlatform
[2022.06.04-13.19.06:755][  0]LogTemp: Display: Loaded TP MacTargetPlatform
[2022.06.04-13.19.06:777][  0]LogTemp: Display: Loaded TP WindowsClientTargetPlatform
[2022.06.04-13.19.06:798][  0]LogTemp: Display: Loaded TP WindowsNoEditorTargetPlatform
[2022.06.04-13.19.06:819][  0]LogTemp: Display: Loaded TP WindowsServerTargetPlatform
[2022.06.04-13.19.06:835][  0]LogTemp: Display: Loaded TP WindowsTargetPlatform
[2022.06.04-13.19.06:906][  0]LogTemp: Display: Loaded TP AndroidTargetPlatform
[2022.06.04-13.19.06:906][  0]LogTemp: Display: Loaded TP AndroidTargetPlatform
[2022.06.04-13.19.06:906][  0]LogTemp: Display: Loaded TP AndroidTargetPlatform
[2022.06.04-13.19.06:906][  0]LogTemp: Display: Loaded TP AndroidTargetPlatform
[2022.06.04-13.19.06:906][  0]LogTemp: Display: Loaded TP AndroidTargetPlatform
[2022.06.04-13.19.06:906][  0]LogTemp: Display: Loaded TP AndroidTargetPlatform
[2022.06.04-13.19.06:906][  0]LogTemp: Display: Loaded TP AndroidTargetPlatform
[2022.06.04-13.19.06:906][  0]LogTemp: Display: Loaded TP AndroidTargetPlatform
[2022.06.04-13.19.06:906][  0]LogTemp: Display: Loaded TP AndroidTargetPlatform
[2022.06.04-13.19.06:906][  0]LogTemp: Display: Loaded TP AndroidTargetPlatform
[2022.06.04-13.19.06:906][  0]LogTemp: Display: Loaded TP AndroidTargetPlatform
[2022.06.04-13.19.06:906][  0]LogTemp: Display: Loaded TP AndroidTargetPlatform
[2022.06.04-13.19.06:906][  0]LogTemp: Display: Loaded TP AndroidTargetPlatform
[2022.06.04-13.19.06:906][  0]LogTemp: Display: Loaded TP AndroidTargetPlatform
[2022.06.04-13.19.06:906][  0]LogTemp: Display: Loaded TP AndroidTargetPlatform
[2022.06.04-13.19.06:906][  0]LogTemp: Display: Loaded TP AndroidTargetPlatform
[2022.06.04-13.19.06:906][  0]LogTemp: Display: Loaded TP AndroidTargetPlatform
[2022.06.04-13.19.06:907][  0]LogTemp: Display: Loaded TP AndroidTargetPlatform
[2022.06.04-13.19.06:919][  0]LogTemp: Display: Loaded TP HTML5TargetPlatform
[2022.06.04-13.19.07:007][  0]LogTemp: Display: Loaded TP IOSTargetPlatform
[2022.06.04-13.19.07:007][  0]LogTemp: Display: Loaded TP IOSTargetPlatform
[2022.06.04-13.19.07:034][  0]LogTemp: Display: Loaded TP TVOSTargetPlatform
[2022.06.04-13.19.07:034][  0]LogTemp: Display: Loaded TP TVOSTargetPlatform
[2022.06.04-13.19.07:055][  0]LogTemp: Display: Loaded TP LinuxClientTargetPlatform
[2022.06.04-13.19.07:075][  0]LogTemp: Display: Loaded TP LinuxNoEditorTargetPlatform
[2022.06.04-13.19.07:095][  0]LogTemp: Display: Loaded TP LinuxServerTargetPlatform
[2022.06.04-13.19.07:117][  0]LogTemp: Display: Loaded TP LinuxTargetPlatform
[2022.06.04-13.19.07:134][  0]LogTemp: Display: Loaded TP LuminTargetPlatform
[2022.06.04-13.19.07:134][  0]LogTargetPlatformManager: Display: Building Assets For Windows
[2022.06.04-13.19.07:639][  0]LogXGEController: Cleaning working directory: C:/Users/Admin/AppData/Local/Temp/UnrealXGEWorkingDir/
[2022.06.04-13.19.07:639][  0]LogXGEController: Cannot use XGE Controller as Incredibuild is not installed on this machine.
[2022.06.04-13.19.07:639][  0]LogShaderCompilers: Cannot use XGE Shader Compiler as Incredibuild is not installed on this machine.
[2022.06.04-13.19.07:639][  0]LogShaderCompilers: Display: Using Local Shader Compiler.
[2022.06.04-13.19.09:150][  0]LogDerivedDataCache: Display: Max Cache Size: 512 MB
[2022.06.04-13.19.09:516][  0]LogDerivedDataCache: Loaded boot cache 0.37s 87MB C:/Users/Admin/AppData/Local/UnrealEngine/4.20/DerivedDataCache/Boot.ddc.
[2022.06.04-13.19.09:516][  0]LogDerivedDataCache: Display: Loaded Boot cache: C:/Users/Admin/AppData/Local/UnrealEngine/4.20/DerivedDataCache/Boot.ddc
[2022.06.04-13.19.09:516][  0]LogDerivedDataCache: FDerivedDataBackendGraph:  Pak pak cache file D:/UnrealProjectD/NeuralCar/DerivedDataCache/DDC.ddp not found, will not use a pak cache.
[2022.06.04-13.19.09:516][  0]LogDerivedDataCache: Unable to find inner node Pak for hierarchical cache Hierarchy.
[2022.06.04-13.19.09:516][  0]LogDerivedDataCache: FDerivedDataBackendGraph:  CompressedPak pak cache file D:/UnrealProjectD/NeuralCar/DerivedDataCache/Compressed.ddp not found, will not use a pak cache.
[2022.06.04-13.19.09:516][  0]LogDerivedDataCache: Unable to find inner node CompressedPak for hierarchical cache Hierarchy.
[2022.06.04-13.19.09:538][  0]LogDerivedDataCache: Display: Pak cache opened for reading ../../../Engine/DerivedDataCache/Compressed.ddp.
[2022.06.04-13.19.09:551][  0]LogDerivedDataCache: Using Local data cache path C:/Users/Admin/AppData/Local/UnrealEngine/Common/DerivedDataCache: Writable
[2022.06.04-13.19.09:551][  0]LogDerivedDataCache: Shared data cache path not found in *engine.ini, will not use an Shared cache.
[2022.06.04-13.19.09:551][  0]LogDerivedDataCache: Unable to find inner node Shared for hierarchical cache Hierarchy.
[2022.06.04-13.19.09:567][  0]LogMaterial: Verifying Global Shaders for PCD3D_SM5
[2022.06.04-13.19.09:574][  0]LogSlate: Using FreeType 2.6.0
[2022.06.04-13.19.09:587][  0]LogSlate: SlateFontServices - WITH_FREETYPE: 1, WITH_HARFBUZZ: 1
[2022.06.04-13.19.09:747][  0]LogAssetRegistry: FAssetRegistry took 0.0283 seconds to start up
[2022.06.04-13.19.10:038][  0]LogInit: Selected Device Profile: [Windows]
[2022.06.04-13.19.10:430][  0]LogSimplygon: Simplygon DLL not present - disabling.
[2022.06.04-13.19.10:474][  0]LogMeshReduction: Using SimplygonSwarm for distributed automatic mesh merging
[2022.06.04-13.19.10:475][  0]LogMeshReduction: Using ProxyLODMeshReduction for automatic mesh merging
[2022.06.04-13.19.10:475][  0]LogMeshReduction: Using QuadricMeshReduction for automatic static mesh reduction
[2022.06.04-13.19.10:475][  0]LogMeshReduction: No automatic skeletal mesh reduction module available
[2022.06.04-13.19.10:529][  0]LogNetVersion: NeuralCar 1.0.0, NetCL: 4212847, EngineNetVer: 5, GameNetVer: 0 (Checksum: 965436850)
[2022.06.04-13.19.12:108][  0]LogPackageLocalizationCache: Processed 11 localized package path(s) for 2 prioritized culture(s) in 0.530068 seconds
[2022.06.04-13.19.12:123][  0]LogUObjectArray: 38425 objects as part of root set at end of initial load.
[2022.06.04-13.19.12:123][  0]LogUObjectAllocator: 6690872 out of 0 bytes used by permanent object pool.
[2022.06.04-13.19.12:123][  0]LogUObjectArray: CloseDisregardForGC: 0/0 objects in disregard for GC pool
[2022.06.04-13.19.14:847][  0]LogTcpMessaging: Initializing TcpMessaging bridge
[2022.06.04-13.19.14:875][  0]LogUdpMessaging: Initializing bridge on interface 0.0.0.0:0 to multicast group 230.0.0.1:6666.
[2022.06.04-13.19.15:399][  0]SourceControl: Source control is disabled
[2022.06.04-13.19.15:400][  0]SourceControl: Source control is disabled
[2022.06.04-13.19.15:428][  0]SourceControl: Source control is disabled
[2022.06.04-13.19.15:446][  0]SourceControl: Source control is disabled
[2022.06.04-13.19.16:207][  0]LogAndroidPermission: UAndroidPermissionCallbackProxy::GetInstance
[2022.06.04-13.19.16:401][  0]LogOcInput: OculusInput pre-init called
[2022.06.04-13.19.16:561][  0]LogEngine: Initializing Engine...
[2022.06.04-13.19.16:563][  0]LogHMD: Failed to initialize OpenVR with code 110
[2022.06.04-13.19.16:566][  0]LogStats: UGameplayTagsManager::ConstructGameplayTagTree: ImportINI prefixes -  0.001 s
[2022.06.04-13.19.16:566][  0]LogStats: UGameplayTagsManager::ConstructGameplayTagTree: Construct from data asset -  0.000 s
[2022.06.04-13.19.16:567][  0]LogStats: UGameplayTagsManager::ConstructGameplayTagTree: ImportINI -  0.000 s
[2022.06.04-13.19.16:567][  0]LogStats: UGameplayTagsManager::ConstructGameplayTagTree: GameplayTagTreeChangedEvent.Broadcast -  0.000 s
[2022.06.04-13.19.16:867][  0]LogInit: Initializing FReadOnlyCVARCache
[2022.06.04-13.19.16:921][  0]LogAIModule: Creating AISystem for world Untitled
[2022.06.04-13.19.16:977][  0]LogInit: XAudio2 using 'Динамики (Realtek(R) Audio)' : 2 channels at 48 kHz using 32 bits per sample (channel mask 0x3)
[2022.06.04-13.19.17:011][  0]LogInit: FAudioDevice initialized.
[2022.06.04-13.19.17:011][  0]LogNetVersion: Set ProjectVersion to 1.0.0.0. Version Checksum will be recalculated on next use.
[2022.06.04-13.19.17:076][  0]LogDerivedDataCache: Saved boot cache 0.07s 87MB C:/Users/Admin/AppData/Local/UnrealEngine/4.20/DerivedDataCache/Boot.ddc.
[2022.06.04-13.19.17:077][  0]LogInit: Texture streaming: Enabled
[2022.06.04-13.19.17:140][  0]LogEngineSessionManager: EngineSessionManager initialized
[2022.06.04-13.19.17:285][  0]LogInit: Transaction tracking system initialized
[2022.06.04-13.19.17:398][  0]BlueprintLog: New page: Editor Load
[2022.06.04-13.19.17:942][  0]LocalizationService: Localization service is disabled
[2022.06.04-13.19.18:632][  0]LogCook: Display: Max memory allowance for cook 16384mb min free memory 0mb
[2022.06.04-13.19.18:633][  0]LogFileCache: Scanning file cache for directory 'D:/UnrealProjectD/NeuralCar/Content/' took 0.01s
[2022.06.04-13.19.18:633][  0]LogCook: Display: Mobile HDR setting 1
[2022.06.04-13.19.18:633][  0]LogGameplayTags: Display: UGameplayTagsManager::DoneAddingNativeTags. DelegateIsBound: 0
[2022.06.04-13.19.18:633][  0]LogStats: UGameplayTagsManager::ConstructGameplayTagTree: ImportINI prefixes -  0.000 s
[2022.06.04-13.19.18:633][  0]LogStats: UGameplayTagsManager::ConstructGameplayTagTree: Construct from data asset -  0.000 s
[2022.06.04-13.19.18:633][  0]LogStats: UGameplayTagsManager::ConstructGameplayTagTree: ImportINI -  0.000 s
[2022.06.04-13.19.18:633][  0]LogStats: UGameplayTagsManager::ConstructGameplayTagTree: GameplayTagTreeChangedEvent.Broadcast -  0.000 s
[2022.06.04-13.19.19:295][  0]SourceControl: Source control is disabled
[2022.06.04-13.19.19:296][  0]Cmd: MAP LOAD FILE="D:/UnrealProjectD/NeuralCar/Content/VehicleBP/Maps/VehicleExampleMap.umap" TEMPLATE=0 SHOWPROGRESS=1 FEATURELEVEL=3
[2022.06.04-13.19.19:330][  0]LightingResults: New page: Lighting Build
[2022.06.04-13.19.19:341][  0]MapCheck: New page: Map Check
[2022.06.04-13.19.19:341][  0]LightingResults: New page: Lighting Build
[2022.06.04-13.19.21:140][  0]LogAIModule: Creating AISystem for world VehicleExampleMap
[2022.06.04-13.19.21:193][  0]LogEditorServer: Finished looking for orphan Actors (0.000 secs)
[2022.06.04-13.19.21:223][  0]Cmd: MAP CHECKDEP NOCLEARLOG
[2022.06.04-13.19.21:282][  0]MapCheck: Map check complete: 0 Error(s), 0 Warning(s), took 59,449ms to complete.
[2022.06.04-13.19.21:282][  0]LogFileHelpers: Loading map 'VehicleExampleMap' took 1.987
[2022.06.04-13.19.21:825][  0]LogSlate: Updating window title bar state: overlay mode, drag disabled, window buttons hidden, title bar hidden
[2022.06.04-13.19.21:831][  0]LogSlate: Updating window title bar state: overlay mode, drag disabled, window buttons hidden, title bar hidden
[2022.06.04-13.19.21:836][  0]LogSlate: Updating window title bar state: overlay mode, drag disabled, window buttons hidden, title bar hidden
[2022.06.04-13.19.21:840][  0]LogSlate: Updating window title bar state: overlay mode, drag disabled, window buttons hidden, title bar hidden
[2022.06.04-13.19.21:863][  0]LogCollectionManager: Loaded 0 collections in 0.001199 seconds
[2022.06.04-13.19.21:908][  0]LogFileCache: Scanning file cache for directory 'D:/UnrealProjectD/NeuralCar/Saved/Collections/' took 0.01s
[2022.06.04-13.19.21:908][  0]LogFileCache: Scanning file cache for directory 'D:/UnrealProjectD/NeuralCar/Content/Developers/Admin/Collections/' took 0.01s
[2022.06.04-13.19.21:908][  0]LogFileCache: Scanning file cache for directory 'D:/UnrealProjectD/NeuralCar/Content/Collections/' took 0.01s
[2022.06.04-13.19.21:908][  0]LogCollectionManager: Rebuilt the GUID cache for 0 collections in 0.000000 seconds
[2022.06.04-13.19.21:915][  0]LogContentBrowser: Native class hierarchy populated in 0.0066 seconds. Added 2574 classes and 606 folders.
[2022.06.04-13.19.21:921][  0]LogContentBrowser: Native class hierarchy updated for 'WidgetCarousel' in 0.0002 seconds. Added 0 classes and 0 folders.
[2022.06.04-13.19.22:224][  0]LogContentBrowser: Native class hierarchy updated for 'AddContentDialog' in 0.0002 seconds. Added 0 classes and 0 folders.
[2022.06.04-13.19.22:244][  0]LogContentBrowser: Native class hierarchy updated for 'SceneOutliner' in 0.0002 seconds. Added 1 classes and 2 folders.
[2022.06.04-13.19.22:407][  0]LogSlate: Took 0.004537 seconds to synchronously load lazily loaded font '../../../Engine/Content/Slate/Fonts/Roboto-Regular.ttf' (155K)
[2022.06.04-13.19.22:413][  0]LogSlate: Took 0.004653 seconds to synchronously load lazily loaded font '../../../Engine/Content/Slate/Fonts/Roboto-Bold.ttf' (160K)
[2022.06.04-13.19.22:422][  0]LogSlate: Took 0.003780 seconds to synchronously load lazily loaded font '../../../Engine/Content/Editor/Slate/Fonts/FontAwesome.ttf' (139K)
[2022.06.04-13.19.22:531][  0]LogRenderer: Reallocating scene render targets to support 1372x608 Format 10 NumSamples 1 (Frame:1).
[2022.06.04-13.19.22:715][  0]LogContentBrowser: Native class hierarchy updated for 'HierarchicalLODOutliner' in 0.0002 seconds. Added 0 classes and 0 folders.
[2022.06.04-13.19.22:715][  0]LogLoad: (Engine Initialization) Total time: 26.04 seconds
[2022.06.04-13.19.22:715][  0]LogLoad: (Engine Initialization) Total Blueprint compile time: 0.00 seconds
[2022.06.04-13.19.22:731][  0]LogRawInputWindows: Warning: Found device 0 devices
[2022.06.04-13.19.22:731][  0]LogRawInputWindows: Warning: Found device 0 devices
[2022.06.04-13.19.22:732][  0]LogRawInputWindows: Warning: Device was registered succesfully but not connected (Usage:4 UsagePage:1)
[2022.06.04-13.19.22:732][  0]LogRawInputWindows: Warning: Found device 1 devices
[2022.06.04-13.19.22:732][  0]LogRawInputWindows: Warning: Device was registered succesfully but not connected (Usage:5 UsagePage:1)
[2022.06.04-13.19.22:749][  0]LogAssetRegistry: Asset discovery search completed in 13.0247 seconds
[2022.06.04-13.19.22:750][  0]LogCollectionManager: Rebuilt the object cache for 0 collections in 0.000000 seconds (found 0 objects)
[2022.06.04-13.19.22:750][  0]LogCollectionManager: Fixed up redirectors for 0 collections in 0.000044 seconds (updated 0 objects)
[2022.06.04-13.19.22:753][  0]LogContentStreaming: Texture pool size now 1000 MB
[2022.06.04-13.19.22:794][  0]LogSlate: Took 0.009703 seconds to synchronously load lazily loaded font '../../../Engine/Content/Slate/Fonts/Roboto-Light.ttf' (167K)
[2022.06.04-13.19.32:886][454]LogSlate: FSceneViewport::OnFocusLost() reason 0
[2022.06.04-13.19.33:703][552]LogTemp: Repeating last play command: Selected Viewport
[2022.06.04-13.19.33:715][552]LogBlueprintUserMessages: Early PlayInEditor Detection: Level '/Game/VehicleBP/Maps/VehicleExampleMap.VehicleExampleMap:PersistentLevel' has LevelScriptBlueprint '/Game/VehicleBP/Maps/VehicleExampleMap.VehicleExampleMap:PersistentLevel.VehicleExampleMap' with GeneratedClass '/Game/VehicleBP/Maps/VehicleExampleMap.VehicleExampleMap_C' with ClassGeneratedBy '/Game/VehicleBP/Maps/VehicleExampleMap.VehicleExampleMap:PersistentLevel.VehicleExampleMap'
[2022.06.04-13.19.33:715][552]LogPlayLevel: PlayLevel: No blueprints needed recompiling
[2022.06.04-13.19.33:730][552]PIE: New page: PIE session: VehicleExampleMap (4 июня 2022 г., 19:19:33)
[2022.06.04-13.19.33:730][552]LogPlayLevel: Creating play world package: /Game/VehicleBP/Maps/UEDPIE_0_VehicleExampleMap
[2022.06.04-13.19.33:748][552]LogPlayLevel: PIE: StaticDuplicateObject took: (0.017450s)
[2022.06.04-13.19.33:749][552]LogAIModule: Creating AISystem for world VehicleExampleMap
[2022.06.04-13.19.33:749][552]LogPlayLevel: PIE: World Init took: (0.000848s)
[2022.06.04-13.19.33:749][552]LogPlayLevel: PIE: Created PIE world by copying editor world from /Game/VehicleBP/Maps/VehicleExampleMap.VehicleExampleMap to /Game/VehicleBP/Maps/UEDPIE_0_VehicleExampleMap.VehicleExampleMap (0.018470s)
[2022.06.04-13.19.33:814][552]LogInit: XAudio2 using 'Динамики (Realtek(R) Audio)' : 2 channels at 48 kHz using 32 bits per sample (channel mask 0x3)
[2022.06.04-13.19.33:849][552]LogInit: FAudioDevice initialized.
[2022.06.04-13.19.33:895][552]LogLoad: Game class is 'VehicleGameMode_C'
[2022.06.04-13.19.33:903][552]LogWorld: Bringing World /Game/VehicleBP/Maps/UEDPIE_0_VehicleExampleMap.VehicleExampleMap up for play (max tick rate 0) at 2022.06.04-16.19.33
[2022.06.04-13.19.33:904][552]LogWorld: Bringing up level for play took: 0.004931
[2022.06.04-13.19.33:924][552]LogContentBrowser: Native class hierarchy updated for 'MovieSceneCapture' in 0.0002 seconds. Added 10 classes and 0 folders.
[2022.06.04-13.19.33:925][552]PIE: Play in editor start time for /Game/VehicleBP/Maps/UEDPIE_0_VehicleExampleMap -0,564
[2022.06.04-13.19.33:925][552]LogBlueprintUserMessages: Late PlayInEditor Detection: Level '/Game/VehicleBP/Maps/VehicleExampleMap.VehicleExampleMap:PersistentLevel' has LevelScriptBlueprint '/Game/VehicleBP/Maps/VehicleExampleMap.VehicleExampleMap:PersistentLevel.VehicleExampleMap' with GeneratedClass '/Game/VehicleBP/Maps/VehicleExampleMap.VehicleExampleMap_C' with ClassGeneratedBy '/Game/VehicleBP/Maps/VehicleExampleMap.VehicleExampleMap:PersistentLevel.VehicleExampleMap'
[2022.06.04-13.19.50:439][526]LogBlueprintUserMessages: Early EndPlayMap Detection: Level '/Game/VehicleBP/Maps/VehicleExampleMap.VehicleExampleMap:PersistentLevel' has LevelScriptBlueprint '/Game/VehicleBP/Maps/VehicleExampleMap.VehicleExampleMap:PersistentLevel.VehicleExampleMap' with GeneratedClass '/Game/VehicleBP/Maps/VehicleExampleMap.VehicleExampleMap_C' with ClassGeneratedBy '/Game/VehicleBP/Maps/VehicleExampleMap.VehicleExampleMap:PersistentLevel.VehicleExampleMap'
[2022.06.04-13.19.50:441][526]LogSlate: Updating window title bar state: overlay mode, drag disabled, window buttons hidden, title bar hidden
[2022.06.04-13.19.50:469][526]LogPlayLevel: Display: Shutting down PIE online subsystems
[2022.06.04-13.19.50:470][526]LogBlueprintUserMessages: Late EndPlayMap Detection: Level '/Game/VehicleBP/Maps/VehicleExampleMap.VehicleExampleMap:PersistentLevel' has LevelScriptBlueprint '/Game/VehicleBP/Maps/VehicleExampleMap.VehicleExampleMap:PersistentLevel.VehicleExampleMap' with GeneratedClass '/Game/VehicleBP/Maps/VehicleExampleMap.VehicleExampleMap_C' with ClassGeneratedBy '/Game/VehicleBP/Maps/VehicleExampleMap.VehicleExampleMap:PersistentLevel.VehicleExampleMap'
[2022.06.04-13.19.50:498][526]LogSlate: Updating window title bar state: overlay mode, drag disabled, window buttons hidden, title bar hidden
[2022.06.04-13.19.50:543][528]LogPlayLevel: Display: Destroying online subsystem :Context_1
[2022.06.04-13.19.52:756][780]LogSlate: FSceneViewport::OnFocusLost() reason 2
[2022.06.04-13.19.53:801][904]LogBlueprintUserMessages: Early PlayInEditor Detection: Level '/Game/VehicleBP/Maps/VehicleExampleMap.VehicleExampleMap:PersistentLevel' has LevelScriptBlueprint '/Game/VehicleBP/Maps/VehicleExampleMap.VehicleExampleMap:PersistentLevel.VehicleExampleMap' with GeneratedClass '/Game/VehicleBP/Maps/VehicleExampleMap.VehicleExampleMap_C' with ClassGeneratedBy '/Game/VehicleBP/Maps/VehicleExampleMap.VehicleExampleMap:PersistentLevel.VehicleExampleMap'
[2022.06.04-13.19.53:801][904]LogPlayLevel: PlayLevel: No blueprints needed recompiling
[2022.06.04-13.19.53:801][904]PIE: New page: SIE session: VehicleExampleMap (4 июня 2022 г., 19:19:53)
[2022.06.04-13.19.53:801][904]LogPlayLevel: Creating play world package: /Game/VehicleBP/Maps/UEDPIE_0_VehicleExampleMap
[2022.06.04-13.19.53:811][904]LogPlayLevel: PIE: StaticDuplicateObject took: (0.009549s)
[2022.06.04-13.19.53:811][904]LogAIModule: Creating AISystem for world VehicleExampleMap
[2022.06.04-13.19.53:812][904]LogPlayLevel: PIE: World Init took: (0.000679s)
[2022.06.04-13.19.53:812][904]LogPlayLevel: PIE: Created PIE world by copying editor world from /Game/VehicleBP/Maps/VehicleExampleMap.VehicleExampleMap to /Game/VehicleBP/Maps/UEDPIE_0_VehicleExampleMap.VehicleExampleMap (0.010348s)
[2022.06.04-13.19.53:865][904]LogInit: XAudio2 using 'Динамики (Realtek(R) Audio)' : 2 channels at 48 kHz using 32 bits per sample (channel mask 0x3)
[2022.06.04-13.19.53:890][904]LogInit: FAudioDevice initialized.
[2022.06.04-13.19.53:890][904]LogSlate: FSceneViewport::OnFocusLost() reason 2
[2022.06.04-13.19.53:924][904]LogLoad: Game class is 'VehicleGameMode_C'
[2022.06.04-13.19.53:928][904]LogWorld: Bringing World /Game/VehicleBP/Maps/UEDPIE_0_VehicleExampleMap.VehicleExampleMap up for play (max tick rate 0) at 2022.06.04-16.19.53
[2022.06.04-13.19.53:929][904]LogWorld: Bringing up level for play took: 0.001816
[2022.06.04-13.19.53:941][904]PIE: Play in editor start time for /Game/VehicleBP/Maps/UEDPIE_0_VehicleExampleMap -0,548
[2022.06.04-13.19.53:963][904]LogBlueprintUserMessages: Late PlayInEditor Detection: Level '/Game/VehicleBP/Maps/VehicleExampleMap.VehicleExampleMap:PersistentLevel' has LevelScriptBlueprint '/Game/VehicleBP/Maps/VehicleExampleMap.VehicleExampleMap:PersistentLevel.VehicleExampleMap' with GeneratedClass '/Game/VehicleBP/Maps/VehicleExampleMap.VehicleExampleMap_C' with ClassGeneratedBy '/Game/VehicleBP/Maps/VehicleExampleMap.VehicleExampleMap:PersistentLevel.VehicleExampleMap'
[2022.06.04-13.19.54:455][960]LogEditorViewport: Clicking on Actor (LMB): StaticMeshActor (Wall8)
[2022.06.04-13.19.54:897][  2]LogEditorViewport: Clicking on Actor (LMB): Sedan_C (Sedan)
[2022.06.04-13.19.57:609][314]LogSlate: Took 0.003491 seconds to synchronously load lazily loaded font '../../../Engine/Content/Slate/Fonts/Roboto-Italic.ttf' (157K)
[2022.06.04-13.19.58:954][475]LogSlate: FSceneViewport::OnFocusLost() reason 0
[2022.06.04-13.20.05:861][291]LogBlueprintUserMessages: Early EndPlayMap Detection: Level '/Game/VehicleBP/Maps/VehicleExampleMap.VehicleExampleMap:PersistentLevel' has LevelScriptBlueprint '/Game/VehicleBP/Maps/VehicleExampleMap.VehicleExampleMap:PersistentLevel.VehicleExampleMap' with GeneratedClass '/Game/VehicleBP/Maps/VehicleExampleMap.VehicleExampleMap_C' with ClassGeneratedBy '/Game/VehicleBP/Maps/VehicleExampleMap.VehicleExampleMap:PersistentLevel.VehicleExampleMap'
[2022.06.04-13.20.05:891][291]LogSlate: Updating window title bar state: overlay mode, drag disabled, window buttons hidden, title bar hidden
[2022.06.04-13.20.05:924][291]LogPlayLevel: Display: Shutting down PIE online subsystems
[2022.06.04-13.20.05:924][291]LogBlueprintUserMessages: Late EndPlayMap Detection: Level '/Game/VehicleBP/Maps/VehicleExampleMap.VehicleExampleMap:PersistentLevel' has LevelScriptBlueprint '/Game/VehicleBP/Maps/VehicleExampleMap.VehicleExampleMap:PersistentLevel.VehicleExampleMap' with GeneratedClass '/Game/VehicleBP/Maps/VehicleExampleMap.VehicleExampleMap_C' with ClassGeneratedBy '/Game/VehicleBP/Maps/VehicleExampleMap.VehicleExampleMap:PersistentLevel.VehicleExampleMap'
[2022.06.04-13.20.05:964][291]LogSlate: Updating window title bar state: overlay mode, drag disabled, window buttons hidden, title bar hidden
[2022.06.04-13.20.05:977][292]LogPlayLevel: Display: Destroying online subsystem :Context_3
[2022.06.04-13.20.08:235][563]LogEditorViewport: Clicking on Actor (LMB): Sedan_C (Sedan)
[2022.06.04-13.20.11:252][919]LogSlate: FSceneViewport::OnFocusLost() reason 0
[2022.06.04-13.20.30:048][154]LogSlate: Took 0.000129 seconds to synchronously load lazily loaded font '../../../Engine/Content/Slate/Fonts/Roboto-Light.ttf' (167K)
[2022.06.04-13.20.30:053][154]LogAssetEditorManager: Opening Asset editor for Blueprint /Game/NeuralComponent/NeuralComponent.NeuralComponent
[2022.06.04-13.20.30:521][154]LogContentBrowser: Native class hierarchy updated for 'BlueprintGraph' in 0.0005 seconds. Added 116 classes and 0 folders.
[2022.06.04-13.20.31:090][154]LogSlate: Took 0.006742 seconds to synchronously load lazily loaded font '../../../Engine/Content/Slate/Fonts/Roboto-BoldCondensed.ttf' (158K)
[2022.06.04-13.21.02:464][786]LogSlate: Window 'NeuralComponent' being destroyed
[2022.06.04-13.21.07:348][366]LogScript: Warning: Script Msg: Attempted to access index -1 from array 'Count Neural By Layers' of length 2 in '/Game/NeuralComponent/NeuralComponent.NeuralComponent_C:Generate'!
[2022.06.04-13.21.07:348][366]LogScript: Warning: Script Msg: Attempted to access index -1 from array 'Count Neural By Layers' of length 2 in '/Game/NeuralComponent/NeuralComponent.NeuralComponent_C:Generate'!
[2022.06.04-13.21.07:348][366]LogScript: Warning: Script Msg: Attempted to access index -1 from array 'Count Neural By Layers' of length 2 in '/Game/NeuralComponent/NeuralComponent.NeuralComponent_C:Generate'!
[2022.06.04-13.21.07:348][366]LogScript: Warning: Script Msg: Attempted to access index -1 from array 'Count Neural By Layers' of length 2 in '/Game/NeuralComponent/NeuralComponent.NeuralComponent_C:Generate'!
[2022.06.04-13.21.07:348][366]LogScript: Warning: Script Msg: Attempted to access index -1 from array 'Count Neural By Layers' of length 2 in '/Game/NeuralComponent/NeuralComponent.NeuralComponent_C:Generate'!
[2022.06.04-13.21.07:348][366]LogScript: Warning: Script Msg: Attempted to access index -1 from array 'Count Neural By Layers' of length 2 in '/Game/NeuralComponent/NeuralComponent.NeuralComponent_C:Generate'!
[2022.06.04-13.21.07:348][366]LogScript: Warning: Script Msg: Attempted to access index -1 from array 'Count Neural By Layers' of length 2 in '/Game/NeuralComponent/NeuralComponent.NeuralComponent_C:Generate'!
[2022.06.04-13.21.07:348][366]LogScript: Warning: Script Msg: Attempted to access index -1 from array 'Count Neural By Layers' of length 2 in '/Game/NeuralComponent/NeuralComponent.NeuralComponent_C:Generate'!
[2022.06.04-13.22.22:856][382]LogEditorViewport: Clicking on Actor (LMB): StaticMeshActor (Wall13)
[2022.06.04-13.22.47:362][453]LogSlate: FSceneViewport::OnFocusLost() reason 2
[2022.06.04-13.23.00:732][ 12]LogEditorViewport: Clicking on Actor (LMB): Sedan_C (Sedan)
[2022.06.04-13.25.04:401][494]LogSlate: FSceneViewport::OnFocusLost() reason 2
[2022.06.04-13.25.10:130][541]LogSlate: Window 'Save Content' being destroyed
[2022.06.04-13.25.11:885][541]LogSlate: Window 'NeuralCar - Unreal Editor' being destroyed
