Log file open, 05/11/20 20:07:21
LogWindows: Failed to load 'aqProf.dll' (GetLastError=126)
LogWindows: File 'aqProf.dll' does not exist
LogWindows: Failed to load 'VSPerf140.dll' (GetLastError=126)
LogWindows: File 'VSPerf140.dll' does not exist
LogWindows: Failed to load 'VtuneApi.dll' (GetLastError=126)
LogWindows: File 'VtuneApi.dll' does not exist
LogWindows: Failed to load 'VtuneApi32e.dll' (GetLastError=126)
LogWindows: File 'VtuneApi32e.dll' does not exist
LogInit: Display: Running engine for game: NeuralCar
LogPlatformFile: Not using cached read wrapper
LogTaskGraph: Started task graph with 5 named threads and 47 total threads with 3 sets of task threads.
LogStats: Stats thread started at 2.231196
LogD3D11RHI: Loaded GFSDK_Aftermath_Lib.x64.dll
LogICUInternationalization: Display: ICU TimeZone Detection - Raw Offset: +3:00, Platform Override: ''
LogPluginManager: Mounting plugin Paper2D
LogPluginManager: Mounting plugin AISupport
LogPluginManager: Mounting plugin LightPropagationVolume
LogPluginManager: Mounting plugin CLionSourceCodeAccess
LogPluginManager: Mounting plugin CodeLiteSourceCodeAccess
LogPluginManager: Mounting plugin GitSourceControl
LogPluginManager: Mounting plugin KDevelopSourceCodeAccess
LogPluginManager: Mounting plugin NullSourceCodeAccess
LogPluginManager: Mounting plugin PerforceSourceControl
LogPluginManager: Mounting plugin SubversionSourceControl
LogPluginManager: Mounting plugin UObjectPlugin
LogPluginManager: Mounting plugin VisualStudioCodeSourceCodeAccess
LogPluginManager: Mounting plugin VisualStudioSourceCodeAccess
LogPluginManager: Mounting plugin XCodeSourceCodeAccess
LogPluginManager: Mounting plugin AssetManagerEditor
LogPluginManager: Mounting plugin CryptoKeys
LogPluginManager: Mounting plugin DataValidation
LogPluginManager: Mounting plugin FacialAnimation
LogPluginManager: Mounting plugin GameplayTagsEditor
LogPluginManager: Mounting plugin MacGraphicsSwitching
LogPluginManager: Mounting plugin MeshEditor
LogPluginManager: Mounting plugin MobileLauncherProfileWizard
LogPluginManager: Mounting plugin PluginBrowser
LogPluginManager: Mounting plugin SpeedTreeImporter
LogPluginManager: Mounting plugin DatasmithContent
LogPluginManager: Mounting plugin AlembicImporter
LogPluginManager: Mounting plugin AppleImageUtils
LogPluginManager: Mounting plugin AppleVision
LogPluginManager: Mounting plugin BackChannel
LogPluginManager: Mounting plugin CharacterAI
LogPluginManager: Mounting plugin GeometryCache
LogPluginManager: Mounting plugin HTML5Networking
LogPluginManager: Mounting plugin ProxyLODPlugin
LogPluginManager: Mounting plugin RawInput
LogPluginManager: Mounting plugin MagicLeap
LogPluginManager: Mounting plugin MagicLeapEmulator
LogPluginManager: Mounting plugin MagicLeapMedia
LogPluginManager: Mounting plugin AndroidMedia
LogPluginManager: Mounting plugin AvfMedia
LogPluginManager: Mounting plugin ImgMedia
LogPluginManager: Mounting plugin LinearTimecode
LogPluginManager: Mounting plugin MediaCompositing
LogPluginManager: Mounting plugin MediaPlayerEditor
LogPluginManager: Mounting plugin WmfMedia
LogPluginManager: Mounting plugin TcpMessaging
LogPluginManager: Mounting plugin UdpMessaging
LogPluginManager: Mounting plugin ActorSequence
LogPluginManager: Mounting plugin LevelSequenceEditor
LogPluginManager: Mounting plugin MatineeToLevelSequence
LogPluginManager: Mounting plugin NetcodeUnitTest
LogPluginManager: Mounting plugin NUTUnrealEngine4
LogPluginManager: Mounting plugin OnlineSubsystemGooglePlay
LogPluginManager: Mounting plugin OnlineSubsystemIOS
LogPluginManager: Mounting plugin OnlineSubsystem
LogPluginManager: Mounting plugin OnlineSubsystemNull
LogPluginManager: Mounting plugin OnlineSubsystemUtils
LogPluginManager: Mounting plugin LauncherChunkInstaller
LogPluginManager: Mounting plugin AndroidDeviceProfileSelector
LogPluginManager: Mounting plugin AndroidMoviePlayer
LogPluginManager: Mounting plugin AndroidPermission
LogPluginManager: Mounting plugin AppleMoviePlayer
LogPluginManager: Mounting plugin ArchVisCharacter
LogPluginManager: Mounting plugin AudioCapture
LogPluginManager: Mounting plugin CableComponent
LogPluginManager: Mounting plugin CustomMeshComponent
LogPluginManager: Mounting plugin EditableMesh
LogPluginManager: Mounting plugin ExampleDeviceProfileSelector
LogPluginManager: Mounting plugin GoogleCloudMessaging
LogPluginManager: Mounting plugin ImmediatePhysics
LogPluginManager: Mounting plugin IOSDeviceProfileSelector
LogPluginManager: Mounting plugin LinuxDeviceProfileSelector
LogPluginManager: Mounting plugin LocationServicesBPLibrary
LogPluginManager: Mounting plugin MobilePatchingUtils
LogPluginManager: Mounting plugin OculusVR
LogPluginManager: Plugin shader directory ../../../Engine/Plugins/Runtime/Oculus/OculusVR/Shaders found
LogPluginManager: Mapping shader source directory ../../../Engine/Plugins/Runtime/Oculus/OculusVR/Shaders to virtual directory /Plugin/OculusVR
LogPluginManager: Mounting plugin PhysXVehicles
LogPluginManager: Mounting plugin ProceduralMeshComponent
LogPluginManager: Mounting plugin RuntimePhysXCooking
LogPluginManager: Mounting plugin SteamVR
LogPluginManager: Mounting plugin WindowsMoviePlayer
LogStreaming: Display: Took  0.176s to configure plugins.
LogInit: Using libcurl 7.55.1-DEV
LogInit:  - built for x86_64-pc-win32
LogInit:  - supports SSL with OpenSSL/1.0.2h
LogInit:  - supports HTTP deflate (compression) using libz 1.2.8
LogInit:  - other features:
LogInit:      CURL_VERSION_SSL
LogInit:      CURL_VERSION_LIBZ
LogInit:      CURL_VERSION_IPV6
LogInit:      CURL_VERSION_ASYNCHDNS
LogInit:      CURL_VERSION_LARGEFILE
LogInit:      CURL_VERSION_IDN
LogInit:  CurlRequestOptions (configurable via config and command line):
LogInit:  - bVerifyPeer = false  - Libcurl will NOT verify peer certificate
LogInit:  - bUseHttpProxy = false  - Libcurl will NOT use HTTP proxy
LogInit:  - bDontReuseConnections = false  - Libcurl will reuse connections
LogInit:  - CertBundlePath = nullptr  - Libcurl will use whatever was configured at build time.
LogInit:  - MaxHostConnections = 16  - Libcurl will limit the number of connections to a host
LogInit:  - LocalHostAddr = Default
LogInit:  - BufferSize = 65536
LogInit: WinSock: version 1.1 (2.2), MaxSocks=32767, MaxUdp=65467
LogInit: Build: ++UE4+Release-4.20-CL-4369336
LogInit: Engine Version: 4.20.3-4369336+++UE4+Release-4.20
LogInit: Compatible Engine Version: 4.20.0-4212847+++UE4+Release-4.20
LogInit: Net CL: 4212847
LogInit: OS: Windows 10 (), CPU: Intel(R) Core(TM) i9-9900K CPU @ 3.60GHz, GPU: NVIDIA GeForce RTX 2070
LogInit: Compiled (64-bit): Sep 17 2018 12:26:19
LogInit: Compiled with Visual C++: 19.13.26129.00
LogInit: Build Configuration: Development
LogInit: Branch Name: ++UE4+Release-4.20
LogInit: Command Line:  
LogInit: Base Directory: C:/Program Files/Epic Games/UE_4.20/Engine/Binaries/Win64/
LogInit: Installed Engine Build: 1
LogDevObjectVersion: Number of dev versions registered: 20
LogDevObjectVersion:   Dev-Blueprints (B0D832E4-1F89-4F0D-ACCF-7EB736FD4AA2): 10
LogDevObjectVersion:   Dev-Build (E1C64328-A22C-4D53-A36C-8E866417BD8C): 0
LogDevObjectVersion:   Dev-Core (375EC13C-06E4-48FB-B500-84F0262A717E): 2
LogDevObjectVersion:   Dev-Editor (E4B068ED-F494-42E9-A231-DA0B2E46BB41): 24
LogDevObjectVersion:   Dev-Framework (CFFC743F-43B0-4480-9391-14DF171D2073): 34
LogDevObjectVersion:   Dev-Mobile (B02B49B5-BB20-44E9-A304-32B752E40360): 2
LogDevObjectVersion:   Dev-Networking (A4E4105C-59A1-49B5-A7C5-40C4547EDFEE): 0
LogDevObjectVersion:   Dev-Online (39C831C9-5AE6-47DC-9A44-9C173E1C8E7C): 0
LogDevObjectVersion:   Dev-Physics (78F01B33-EBEA-4F98-B9B4-84EACCB95AA2): 0
LogDevObjectVersion:   Dev-Platform (6631380F-2D4D-43E0-8009-CF276956A95A): 0
LogDevObjectVersion:   Dev-Rendering (12F88B9F-8875-4AFC-A67C-D90C383ABD29): 26
LogDevObjectVersion:   Dev-Sequencer (7B5AE74C-D270-4C10-A958-57980B212A5A): 9
LogDevObjectVersion:   Dev-VR (D7296918-1DD6-4BDD-9DE2-64A83CC13884): 2
LogDevObjectVersion:   Dev-LoadTimes (C2A15278-BFE7-4AFE-6C17-90FF531DF755): 1
LogDevObjectVersion:   Private-Geometry (6EACA3D4-40EC-4CC1-B786-8BED09428FC5): 3
LogDevObjectVersion:   Dev-AnimPhys (29E575DD-E0A3-4627-9D10-D276232CDCEA): 17
LogDevObjectVersion:   Dev-ReflectionCapture (6B266CEC-1EC7-4B8F-A30B-E4D90942FC07): 1
LogDevObjectVersion:   Dev-Automation (0DF73D61-A23F-47EA-B727-89E90C41499A): 1
LogDevObjectVersion:   FortniteMain (601D1886-AC64-4F84-AA16-D3DE0DEAC7D6): 12
LogDevObjectVersion:   Dev-Enterprise (9DFFBCD6-494F-0158-E221-12823C92A888): 1
LogStreaming: Display: Took  0.001s to delete old logs.
LogInit: Presizing for max 8388607 objects, including 0 objects not considered by GC, pre-allocating 0 bytes for permanent pool.
LogInit: Object subsystem initialized
[2020.05.11-17.07.22:012][  0]LogInit: Selected Device Profile: [Windows]
[2020.05.11-17.07.22:012][  0]LogInit: Applying CVar settings loaded from the selected device profile: [Windows]
[2020.05.11-17.07.22:036][  0]LogHAL: Display: Platform has ~ 32 GB [34270646272 / 34359738368 / 32], which maps to Largest [LargestMinGB=32, LargerMinGB=12, DefaultMinGB=8, SmallerMinGB=6, SmallestMinGB=0)
[2020.05.11-17.07.22:052][  0]LogInit: Setting Device Profile CVar: [[r.Vulkan.UseRealUBs:1]]
[2020.05.11-17.07.22:053][  0]LogInit: Going up to parent DeviceProfile []
[2020.05.11-17.07.22:062][  0]LogInit: Computer: DESKTOP-D64GIAF
[2020.05.11-17.07.22:062][  0]LogInit: User: Admin
[2020.05.11-17.07.22:062][  0]LogInit: CPU Page size=4096, Cores=8
[2020.05.11-17.07.22:062][  0]LogInit: High frequency timer resolution =10.000000 MHz
[2020.05.11-17.07.22:062][  0]LogMemory: Memory total: Physical=31.9GB (32GB approx)
[2020.05.11-17.07.22:062][  0]LogMemory: Platform Memory Stats for Windows
[2020.05.11-17.07.22:062][  0]LogMemory: Process Physical Memory: 102.96 MB used, 102.97 MB peak
[2020.05.11-17.07.22:062][  0]LogMemory: Process Virtual Memory: 91.11 MB used, 91.11 MB peak
[2020.05.11-17.07.22:062][  0]LogMemory: Physical Memory: 7159.38 MB used,  25523.66 MB free, 32683.04 MB total
[2020.05.11-17.07.22:062][  0]LogMemory: Virtual Memory: 4661.62 MB used,  25523.66 MB free, 134217728.00 MB total
[2020.05.11-17.07.22:334][  0]LogInit: Using OS detected language (ru-RU).
[2020.05.11-17.07.22:335][  0]LogInit: Using OS detected locale (ru-RU).
[2020.05.11-17.07.22:336][  0]LogTextLocalizationManager: No specific localization for 'ru-RU' exists, so the 'ru' localization will be used.
[2020.05.11-17.07.22:357][  0]LogStreaming: Display: Took  0.019s to InitEngineTextLocalization.
[2020.05.11-17.07.22:358][  0]LogInit: Setting process to per monitor DPI aware
[2020.05.11-17.07.22:450][  0]LogSlate: New Slate User Created.  User Index 0, Is Virtual User: 0
[2020.05.11-17.07.22:450][  0]LogSlate: Slate User Registered.  User Index 0, Is Virtual User: 0
[2020.05.11-17.07.23:913][  0]LogHMD: Failed to initialize OpenVR with code 110
[2020.05.11-17.07.23:913][  0]LogD3D11RHI: D3D11 adapters:
[2020.05.11-17.07.23:977][  0]LogD3D11RHI:    0. 'NVIDIA GeForce RTX 2070' (Feature Level 11_0)
[2020.05.11-17.07.23:977][  0]LogD3D11RHI:       8031/0/16341 MB DedicatedVideo/DedicatedSystem/SharedSystem, Outputs:1, VendorId:0x10de
[2020.05.11-17.07.23:979][  0]LogD3D11RHI:    1. 'Microsoft Basic Render Driver' (Feature Level 11_0)
[2020.05.11-17.07.23:979][  0]LogD3D11RHI:       0/0/16341 MB DedicatedVideo/DedicatedSystem/SharedSystem, Outputs:0, VendorId:0x1414
[2020.05.11-17.07.23:979][  0]LogD3D11RHI: Chosen D3D11 Adapter: 0
[2020.05.11-17.07.23:984][  0]LogD3D11RHI: Creating new Direct3DDevice
[2020.05.11-17.07.23:984][  0]LogD3D11RHI:     GPU DeviceId: 0x1f07 (for the marketing name, search the web for "GPU Device Id")
[2020.05.11-17.07.23:985][  0]LogWindows: EnumDisplayDevices:
[2020.05.11-17.07.23:985][  0]LogWindows:    0. 'NVIDIA GeForce RTX 2070' (P:1 D:1)
[2020.05.11-17.07.23:985][  0]LogWindows:    1. 'NVIDIA GeForce RTX 2070' (P:0 D:0)
[2020.05.11-17.07.23:985][  0]LogWindows:    2. 'NVIDIA GeForce RTX 2070' (P:0 D:0)
[2020.05.11-17.07.23:985][  0]LogWindows:    3. 'NVIDIA GeForce RTX 2070' (P:0 D:0)
[2020.05.11-17.07.23:985][  0]LogWindows: DebugString: FoundDriverCount:4 
[2020.05.11-17.07.23:985][  0]LogD3D11RHI:     Adapter Name: NVIDIA GeForce RTX 2070
[2020.05.11-17.07.23:986][  0]LogD3D11RHI:   Driver Version: 445.87 (internal:26.21.14.4587, unified:445.87)
[2020.05.11-17.07.23:986][  0]LogD3D11RHI:      Driver Date: 4-3-2020
[2020.05.11-17.07.23:986][  0]LogRHI: Texture pool is 5621 MB (70% of 8031 MB)
[2020.05.11-17.07.24:062][  0]LogD3D11RHI: Async texture creation enabled
[2020.05.11-17.07.24:142][  0]LogD3D11RHI: GPU Timing Frequency: 1000.000000 (Debug: 2 2)
[2020.05.11-17.07.24:159][  0]LogD3D11RHI: HDR output is supported on display 0 (NvId: 0x80061086).
[2020.05.11-17.07.24:160][  0]LogShaderCompilers: Guid format shader working directory is 19 characters bigger than the processId version (D:/UnrealProjectD/NeuralCar/Intermediate/Shaders/WorkingDirectory/2852/).
[2020.05.11-17.07.24:160][  0]LogShaderCompilers: Cleaned the shader compiler working directory 'C:/Users/Admin/AppData/Local/Temp/UnrealShaderWorkingDir/F16F47D24B994816C42CFA84C2F3382C/'.
[2020.05.11-17.07.24:349][  0]LogTemp: Display: Loaded TP AllDesktopTargetPlatform
[2020.05.11-17.07.24:361][  0]LogTemp: Display: Loaded TP MacClientTargetPlatform
[2020.05.11-17.07.24:371][  0]LogTemp: Display: Loaded TP MacNoEditorTargetPlatform
[2020.05.11-17.07.24:382][  0]LogTemp: Display: Loaded TP MacServerTargetPlatform
[2020.05.11-17.07.24:396][  0]LogTemp: Display: Loaded TP MacTargetPlatform
[2020.05.11-17.07.24:414][  0]LogTemp: Display: Loaded TP WindowsClientTargetPlatform
[2020.05.11-17.07.24:426][  0]LogTemp: Display: Loaded TP WindowsNoEditorTargetPlatform
[2020.05.11-17.07.24:437][  0]LogTemp: Display: Loaded TP WindowsServerTargetPlatform
[2020.05.11-17.07.24:446][  0]LogTemp: Display: Loaded TP WindowsTargetPlatform
[2020.05.11-17.07.24:514][  0]LogTemp: Display: Loaded TP AndroidTargetPlatform
[2020.05.11-17.07.24:514][  0]LogTemp: Display: Loaded TP AndroidTargetPlatform
[2020.05.11-17.07.24:514][  0]LogTemp: Display: Loaded TP AndroidTargetPlatform
[2020.05.11-17.07.24:514][  0]LogTemp: Display: Loaded TP AndroidTargetPlatform
[2020.05.11-17.07.24:514][  0]LogTemp: Display: Loaded TP AndroidTargetPlatform
[2020.05.11-17.07.24:514][  0]LogTemp: Display: Loaded TP AndroidTargetPlatform
[2020.05.11-17.07.24:514][  0]LogTemp: Display: Loaded TP AndroidTargetPlatform
[2020.05.11-17.07.24:514][  0]LogTemp: Display: Loaded TP AndroidTargetPlatform
[2020.05.11-17.07.24:514][  0]LogTemp: Display: Loaded TP AndroidTargetPlatform
[2020.05.11-17.07.24:514][  0]LogTemp: Display: Loaded TP AndroidTargetPlatform
[2020.05.11-17.07.24:514][  0]LogTemp: Display: Loaded TP AndroidTargetPlatform
[2020.05.11-17.07.24:514][  0]LogTemp: Display: Loaded TP AndroidTargetPlatform
[2020.05.11-17.07.24:514][  0]LogTemp: Display: Loaded TP AndroidTargetPlatform
[2020.05.11-17.07.24:514][  0]LogTemp: Display: Loaded TP AndroidTargetPlatform
[2020.05.11-17.07.24:514][  0]LogTemp: Display: Loaded TP AndroidTargetPlatform
[2020.05.11-17.07.24:514][  0]LogTemp: Display: Loaded TP AndroidTargetPlatform
[2020.05.11-17.07.24:514][  0]LogTemp: Display: Loaded TP AndroidTargetPlatform
[2020.05.11-17.07.24:514][  0]LogTemp: Display: Loaded TP AndroidTargetPlatform
[2020.05.11-17.07.24:517][  0]LogTemp: Display: Loaded TP HTML5TargetPlatform
[2020.05.11-17.07.24:582][  0]LogTemp: Display: Loaded TP IOSTargetPlatform
[2020.05.11-17.07.24:582][  0]LogTemp: Display: Loaded TP IOSTargetPlatform
[2020.05.11-17.07.24:599][  0]LogTemp: Display: Loaded TP TVOSTargetPlatform
[2020.05.11-17.07.24:599][  0]LogTemp: Display: Loaded TP TVOSTargetPlatform
[2020.05.11-17.07.24:610][  0]LogTemp: Display: Loaded TP LinuxClientTargetPlatform
[2020.05.11-17.07.24:621][  0]LogTemp: Display: Loaded TP LinuxNoEditorTargetPlatform
[2020.05.11-17.07.24:630][  0]LogTemp: Display: Loaded TP LinuxServerTargetPlatform
[2020.05.11-17.07.24:650][  0]LogTemp: Display: Loaded TP LinuxTargetPlatform
[2020.05.11-17.07.24:658][  0]LogTemp: Display: Loaded TP LuminTargetPlatform
[2020.05.11-17.07.24:658][  0]LogTargetPlatformManager: Display: Building Assets For Windows
[2020.05.11-17.07.24:921][  0]LogXGEController: Cannot use XGE Controller as Incredibuild is not installed on this machine.
[2020.05.11-17.07.24:921][  0]LogShaderCompilers: Cannot use XGE Shader Compiler as Incredibuild is not installed on this machine.
[2020.05.11-17.07.24:921][  0]LogShaderCompilers: Display: Using Local Shader Compiler.
[2020.05.11-17.07.26:628][  0]LogDerivedDataCache: Display: Max Cache Size: 512 MB
[2020.05.11-17.07.27:023][  0]LogDerivedDataCache: Loaded boot cache 0.39s 71MB C:/Users/Admin/AppData/Local/UnrealEngine/4.20/DerivedDataCache/Boot.ddc.
[2020.05.11-17.07.27:023][  0]LogDerivedDataCache: Display: Loaded Boot cache: C:/Users/Admin/AppData/Local/UnrealEngine/4.20/DerivedDataCache/Boot.ddc
[2020.05.11-17.07.27:023][  0]LogDerivedDataCache: FDerivedDataBackendGraph:  Pak pak cache file D:/UnrealProjectD/NeuralCar/DerivedDataCache/DDC.ddp not found, will not use a pak cache.
[2020.05.11-17.07.27:023][  0]LogDerivedDataCache: Unable to find inner node Pak for hierarchical cache Hierarchy.
[2020.05.11-17.07.27:023][  0]LogDerivedDataCache: FDerivedDataBackendGraph:  CompressedPak pak cache file D:/UnrealProjectD/NeuralCar/DerivedDataCache/Compressed.ddp not found, will not use a pak cache.
[2020.05.11-17.07.27:023][  0]LogDerivedDataCache: Unable to find inner node CompressedPak for hierarchical cache Hierarchy.
[2020.05.11-17.07.27:049][  0]LogDerivedDataCache: Display: Pak cache opened for reading ../../../Engine/DerivedDataCache/Compressed.ddp.
[2020.05.11-17.07.27:061][  0]LogDerivedDataCache: Using Local data cache path C:/Users/Admin/AppData/Local/UnrealEngine/Common/DerivedDataCache: Writable
[2020.05.11-17.07.27:061][  0]LogDerivedDataCache: Shared data cache path not found in *engine.ini, will not use an Shared cache.
[2020.05.11-17.07.27:061][  0]LogDerivedDataCache: Unable to find inner node Shared for hierarchical cache Hierarchy.
[2020.05.11-17.07.27:075][  0]LogMaterial: Verifying Global Shaders for PCD3D_SM5
[2020.05.11-17.07.27:082][  0]LogSlate: Using FreeType 2.6.0
[2020.05.11-17.07.27:089][  0]LogSlate: SlateFontServices - WITH_FREETYPE: 1, WITH_HARFBUZZ: 1
[2020.05.11-17.07.27:787][  0]LogAssetRegistry: FAssetRegistry took 0.0275 seconds to start up
[2020.05.11-17.07.28:277][  0]LogInit: Selected Device Profile: [Windows]
[2020.05.11-17.07.28:835][  0]LogSimplygon: Simplygon DLL not present - disabling.
[2020.05.11-17.07.28:860][  0]LogMeshReduction: Using SimplygonSwarm for distributed automatic mesh merging
[2020.05.11-17.07.28:861][  0]LogMeshReduction: Using ProxyLODMeshReduction for automatic mesh merging
[2020.05.11-17.07.28:861][  0]LogMeshReduction: Using QuadricMeshReduction for automatic static mesh reduction
[2020.05.11-17.07.28:861][  0]LogMeshReduction: No automatic skeletal mesh reduction module available
[2020.05.11-17.07.29:053][  0]LogNetVersion: NeuralCar 1.0.0, NetCL: 4212847, EngineNetVer: 5, GameNetVer: 0 (Checksum: 965436850)
[2020.05.11-17.07.30:912][  0]LogPackageLocalizationCache: Processed 11 localized package path(s) for 2 prioritized culture(s) in 0.076937 seconds
[2020.05.11-17.07.30:917][  0]LogUObjectArray: 38425 objects as part of root set at end of initial load.
[2020.05.11-17.07.30:917][  0]LogUObjectAllocator: 6690872 out of 0 bytes used by permanent object pool.
[2020.05.11-17.07.30:917][  0]LogUObjectArray: CloseDisregardForGC: 0/0 objects in disregard for GC pool
[2020.05.11-17.07.33:990][  0]LogTcpMessaging: Initializing TcpMessaging bridge
[2020.05.11-17.07.34:008][  0]LogUdpMessaging: Initializing bridge on interface 0.0.0.0:0 to multicast group 230.0.0.1:6666.
[2020.05.11-17.07.34:355][  0]SourceControl: Source control is disabled
[2020.05.11-17.07.34:356][  0]SourceControl: Source control is disabled
[2020.05.11-17.07.34:372][  0]SourceControl: Source control is disabled
[2020.05.11-17.07.34:378][  0]SourceControl: Source control is disabled
[2020.05.11-17.07.34:987][  0]LogAndroidPermission: UAndroidPermissionCallbackProxy::GetInstance
[2020.05.11-17.07.35:069][  0]LogOcInput: OculusInput pre-init called
[2020.05.11-17.07.35:330][  0]LogEngine: Initializing Engine...
[2020.05.11-17.07.35:332][  0]LogHMD: Failed to initialize OpenVR with code 110
[2020.05.11-17.07.35:335][  0]LogStats: UGameplayTagsManager::ConstructGameplayTagTree: ImportINI prefixes -  0.001 s
[2020.05.11-17.07.35:335][  0]LogStats: UGameplayTagsManager::ConstructGameplayTagTree: Construct from data asset -  0.000 s
[2020.05.11-17.07.35:335][  0]LogStats: UGameplayTagsManager::ConstructGameplayTagTree: ImportINI -  0.000 s
[2020.05.11-17.07.35:336][  0]LogStats: UGameplayTagsManager::ConstructGameplayTagTree: GameplayTagTreeChangedEvent.Broadcast -  0.000 s
[2020.05.11-17.07.36:060][  0]LogInit: Initializing FReadOnlyCVARCache
[2020.05.11-17.07.36:199][  0]LogAIModule: Creating AISystem for world Untitled
[2020.05.11-17.07.36:336][  0]LogInit: XAudio2 using 'PA24A (NVIDIA High Definition Audio)' : 2 channels at 48 kHz using 16 bits per sample (channel mask 0x3)
[2020.05.11-17.07.36:348][  0]LogInit: FAudioDevice initialized.
[2020.05.11-17.07.36:348][  0]LogNetVersion: Set ProjectVersion to 1.0.0.0. Version Checksum will be recalculated on next use.
[2020.05.11-17.07.36:414][  0]LogDerivedDataCache: Saved boot cache 0.07s 71MB C:/Users/Admin/AppData/Local/UnrealEngine/4.20/DerivedDataCache/Boot.ddc.
[2020.05.11-17.07.36:421][  0]LogInit: Texture streaming: Enabled
[2020.05.11-17.07.36:454][  0]LogEngineSessionManager: EngineSessionManager initialized
[2020.05.11-17.07.36:539][  0]LogInit: Transaction tracking system initialized
[2020.05.11-17.07.36:715][  0]BlueprintLog: New page: Editor Load
[2020.05.11-17.07.37:163][  0]LocalizationService: Localization service is disabled
[2020.05.11-17.07.38:173][  0]LogCook: Display: Max memory allowance for cook 16384mb min free memory 0mb
[2020.05.11-17.07.38:173][  0]LogFileCache: Scanning file cache for directory 'D:/UnrealProjectD/NeuralCar/Content/' took 0.01s
[2020.05.11-17.07.38:173][  0]LogCook: Display: Mobile HDR setting 1
[2020.05.11-17.07.38:174][  0]LogGameplayTags: Display: UGameplayTagsManager::DoneAddingNativeTags. DelegateIsBound: 0
[2020.05.11-17.07.38:174][  0]LogStats: UGameplayTagsManager::ConstructGameplayTagTree: ImportINI prefixes -  0.000 s
[2020.05.11-17.07.38:174][  0]LogStats: UGameplayTagsManager::ConstructGameplayTagTree: Construct from data asset -  0.000 s
[2020.05.11-17.07.38:174][  0]LogStats: UGameplayTagsManager::ConstructGameplayTagTree: ImportINI -  0.000 s
[2020.05.11-17.07.38:174][  0]LogStats: UGameplayTagsManager::ConstructGameplayTagTree: GameplayTagTreeChangedEvent.Broadcast -  0.000 s
[2020.05.11-17.07.38:797][  0]SourceControl: Source control is disabled
[2020.05.11-17.07.38:798][  0]Cmd: MAP LOAD FILE="D:/UnrealProjectD/NeuralCar/Content/VehicleBP/Maps/VehicleExampleMap.umap" TEMPLATE=0 SHOWPROGRESS=1 FEATURELEVEL=3
[2020.05.11-17.07.38:820][  0]LightingResults: New page: Lighting Build
[2020.05.11-17.07.38:833][  0]MapCheck: New page: Map Check
[2020.05.11-17.07.38:833][  0]LightingResults: New page: Lighting Build
[2020.05.11-17.07.39:951][  0]LogAIModule: Creating AISystem for world VehicleExampleMap
[2020.05.11-17.07.40:109][  0]LogEditorServer: Finished looking for orphan Actors (0.000 secs)
[2020.05.11-17.07.40:162][  0]Cmd: MAP CHECKDEP NOCLEARLOG
[2020.05.11-17.07.40:237][  0]MapCheck: Map check complete: 0 Error(s), 0 Warning(s), took 75,506ms to complete.
[2020.05.11-17.07.40:237][  0]LogFileHelpers: Loading map 'VehicleExampleMap' took 1.440
[2020.05.11-17.07.40:394][  0]LogSlate: Updating window title bar state: overlay mode, drag disabled, window buttons hidden, title bar hidden
[2020.05.11-17.07.40:400][  0]LogSlate: Updating window title bar state: overlay mode, drag disabled, window buttons hidden, title bar hidden
[2020.05.11-17.07.40:405][  0]LogSlate: Updating window title bar state: overlay mode, drag disabled, window buttons hidden, title bar hidden
[2020.05.11-17.07.40:410][  0]LogSlate: Updating window title bar state: overlay mode, drag disabled, window buttons hidden, title bar hidden
[2020.05.11-17.07.40:425][  0]LogCollectionManager: Loaded 0 collections in 0.001094 seconds
[2020.05.11-17.07.40:508][  0]LogFileCache: Scanning file cache for directory 'D:/UnrealProjectD/NeuralCar/Saved/Collections/' took 0.01s
[2020.05.11-17.07.40:508][  0]LogFileCache: Scanning file cache for directory 'D:/UnrealProjectD/NeuralCar/Content/Developers/Admin/Collections/' took 0.01s
[2020.05.11-17.07.40:508][  0]LogFileCache: Scanning file cache for directory 'D:/UnrealProjectD/NeuralCar/Content/Collections/' took 0.01s
[2020.05.11-17.07.40:508][  0]LogCollectionManager: Rebuilt the GUID cache for 0 collections in 0.000000 seconds
[2020.05.11-17.07.40:518][  0]LogContentBrowser: Native class hierarchy populated in 0.0085 seconds. Added 2574 classes and 606 folders.
[2020.05.11-17.07.40:552][  0]LogContentBrowser: Native class hierarchy updated for 'WidgetCarousel' in 0.0002 seconds. Added 0 classes and 0 folders.
[2020.05.11-17.07.41:009][  0]LogContentBrowser: Native class hierarchy updated for 'AddContentDialog' in 0.0002 seconds. Added 0 classes and 0 folders.
[2020.05.11-17.07.41:072][  0]LogContentBrowser: Native class hierarchy updated for 'SceneOutliner' in 0.0002 seconds. Added 1 classes and 2 folders.
[2020.05.11-17.07.41:221][  0]LogSlate: Took 0.013724 seconds to synchronously load lazily loaded font '../../../Engine/Content/Slate/Fonts/Roboto-Regular.ttf' (155K)
[2020.05.11-17.07.41:230][  0]LogSlate: Took 0.007915 seconds to synchronously load lazily loaded font '../../../Engine/Content/Slate/Fonts/Roboto-Bold.ttf' (160K)
[2020.05.11-17.07.41:240][  0]LogSlate: Took 0.004004 seconds to synchronously load lazily loaded font '../../../Engine/Content/Editor/Slate/Fonts/FontAwesome.ttf' (139K)
[2020.05.11-17.07.41:407][  0]LogRenderer: Reallocating scene render targets to support 996x652 Format 10 NumSamples 1 (Frame:1).
[2020.05.11-17.07.41:670][  0]LogContentBrowser: Native class hierarchy updated for 'HierarchicalLODOutliner' in 0.0002 seconds. Added 0 classes and 0 folders.
[2020.05.11-17.07.41:670][  0]LogLoad: (Engine Initialization) Total time: 26.36 seconds
[2020.05.11-17.07.41:670][  0]LogLoad: (Engine Initialization) Total Blueprint compile time: 0.00 seconds
[2020.05.11-17.07.41:695][  0]LogRawInputWindows: Warning: Found device 0 devices
[2020.05.11-17.07.41:695][  0]LogRawInputWindows: Warning: Found device 0 devices
[2020.05.11-17.07.41:695][  0]LogRawInputWindows: Warning: Device was registered succesfully but not connected (Usage:4 UsagePage:1)
[2020.05.11-17.07.41:695][  0]LogRawInputWindows: Warning: Found device 1 devices
[2020.05.11-17.07.41:695][  0]LogRawInputWindows: Warning: Device was registered succesfully but not connected (Usage:5 UsagePage:1)
[2020.05.11-17.07.41:729][  0]LogContentStreaming: Texture pool size now 1000 MB
[2020.05.11-17.07.41:796][  0]LogSlate: Took 0.011932 seconds to synchronously load lazily loaded font '../../../Engine/Content/Slate/Fonts/Roboto-Light.ttf' (167K)
[2020.05.11-17.07.41:822][  1]LogAssetRegistry: Asset discovery search completed in 14.0570 seconds
[2020.05.11-17.07.41:823][  1]LogCollectionManager: Rebuilt the object cache for 0 collections in 0.000000 seconds (found 0 objects)
[2020.05.11-17.07.41:823][  1]LogCollectionManager: Fixed up redirectors for 0 collections in 0.000033 seconds (updated 0 objects)
[2020.05.11-17.12.48:196][986]LogSlate: FSceneViewport::OnFocusLost() reason 0
[2020.05.11-17.12.48:356][996]LogSlate: Window 'NeuralCar - Unreal Editor' being destroyed
[2020.05.11-17.12.48:357][996]LogWindowsTextInputMethodSystem: Display: IME system now deactivated.
[2020.05.11-17.12.48:536][997]Cmd: QUIT_EDITOR
[2020.05.11-17.12.48:557][997]LogExit: Preparing to exit.
[2020.05.11-17.12.49:217][997]LogExit: Editor shut down
[2020.05.11-17.12.49:217][997]LogExit: Transaction tracking system shut down
[2020.05.11-17.12.51:688][997]LogExit: Object subsystem successfully closed.
[2020.05.11-17.12.51:710][997]LogShaderCompilers: Display: Shaders left to compile 0
[2020.05.11-17.12.51:712][997]LogD3D11RHI: Shutdown
[2020.05.11-17.12.51:712][997]LogD3D11RHI: CleanupD3DDevice
[2020.05.11-17.12.51:713][997]LogD3D11RHI: ~FD3D11DynamicRHI
[2020.05.11-17.12.51:782][997]LogModuleManager: Shutting down and abandoning module HierarchicalLODOutliner (612)
[2020.05.11-17.12.51:782][997]LogModuleManager: Shutting down and abandoning module SceneOutliner (610)
[2020.05.11-17.12.51:782][997]LogModuleManager: Shutting down and abandoning module AddContentDialog (608)
[2020.05.11-17.12.51:783][997]LogModuleManager: Shutting down and abandoning module WidgetCarousel (607)
[2020.05.11-17.12.51:783][997]LogModuleManager: Shutting down and abandoning module EditorWidgets (604)
[2020.05.11-17.12.51:783][997]LogModuleManager: Shutting down and abandoning module CollectionManager (602)
[2020.05.11-17.12.51:783][997]LogModuleManager: Shutting down and abandoning module StatsViewer (600)
[2020.05.11-17.12.51:783][997]LogModuleManager: Shutting down and abandoning module FoliageEdit (598)
[2020.05.11-17.12.51:783][997]LogModuleManager: Shutting down and abandoning module LandscapeEditor (596)
[2020.05.11-17.12.51:785][997]LogModuleManager: Shutting down and abandoning module MeshPaintMode (594)
[2020.05.11-17.12.51:785][997]LogModuleManager: Shutting down and abandoning module SceneDepthPickerMode (592)
[2020.05.11-17.12.51:785][997]LogModuleManager: Shutting down and abandoning module ActorPickerMode (590)
[2020.05.11-17.12.51:785][997]LogModuleManager: Shutting down and abandoning module GeometryMode (588)
[2020.05.11-17.12.51:785][997]LogModuleManager: Shutting down and abandoning module TextureAlignMode (586)
[2020.05.11-17.12.51:785][997]LogModuleManager: Shutting down and abandoning module BspMode (584)
[2020.05.11-17.12.51:785][997]LogModuleManager: Shutting down and abandoning module PIEPreviewDeviceProfileSelector (582)
[2020.05.11-17.12.51:785][997]LogModuleManager: Shutting down and abandoning module SequenceRecorderSections (580)
[2020.05.11-17.12.51:785][997]LogModuleManager: Shutting down and abandoning module AutomationWorker (578)
[2020.05.11-17.12.51:785][997]LogModuleManager: Shutting down and abandoning module AudioCaptureEditor (576)
[2020.05.11-17.12.51:785][997]LogModuleManager: Shutting down and abandoning module SequenceRecorder (575)
[2020.05.11-17.12.51:785][997]LogModuleManager: Shutting down and abandoning module MatineeToLevelSequence (572)
[2020.05.11-17.12.51:785][997]LogModuleManager: Shutting down and abandoning module LevelSequenceEditor (570)
[2020.05.11-17.12.51:785][997]LogModuleManager: Shutting down and abandoning module PlacementMode (569)
[2020.05.11-17.12.51:785][997]LogModuleManager: Shutting down and abandoning module MaterialEditor (568)
[2020.05.11-17.12.51:787][997]LogModuleManager: Shutting down and abandoning module WmfMediaFactory (564)
[2020.05.11-17.12.51:787][997]LogModuleManager: Shutting down and abandoning module WmfMediaEditor (562)
[2020.05.11-17.12.51:787][997]LogModuleManager: Shutting down and abandoning module MediaPlayerEditor (560)
[2020.05.11-17.12.51:787][997]LogModuleManager: Shutting down and abandoning module OpenExrWrapper (558)
[2020.05.11-17.12.51:787][997]LogModuleManager: Shutting down and abandoning module ImgMediaFactory (556)
[2020.05.11-17.12.51:787][997]LogModuleManager: Shutting down and abandoning module ImgMediaEditor (554)
[2020.05.11-17.12.51:787][997]LogModuleManager: Shutting down and abandoning module AvfMediaFactory (552)
[2020.05.11-17.12.51:787][997]LogModuleManager: Shutting down and abandoning module AvfMediaEditor (550)
[2020.05.11-17.12.51:787][997]LogModuleManager: Shutting down and abandoning module AndroidMediaFactory (548)
[2020.05.11-17.12.51:787][997]LogModuleManager: Shutting down and abandoning module AndroidMediaEditor (546)
[2020.05.11-17.12.51:787][997]LogModuleManager: Shutting down and abandoning module MagicLeapCameraPreviewFactory (544)
[2020.05.11-17.12.51:787][997]LogModuleManager: Shutting down and abandoning module MagicLeapMediaFactory (542)
[2020.05.11-17.12.51:787][997]LogModuleManager: Shutting down and abandoning module MagicLeapMediaEditor (540)
[2020.05.11-17.12.51:787][997]LogModuleManager: Shutting down and abandoning module CharacterAI (538)
[2020.05.11-17.12.51:787][997]LogModuleManager: Shutting down and abandoning module SmartSnapping (536)
[2020.05.11-17.12.51:787][997]LogModuleManager: Shutting down and abandoning module SessionServices (534)
[2020.05.11-17.12.51:787][997]LogModuleManager: Shutting down and abandoning module ViewportSnapping (532)
[2020.05.11-17.12.51:787][997]LogModuleManager: Shutting down and abandoning module ViewportInteraction (530)
[2020.05.11-17.12.51:788][997]LogModuleManager: Shutting down and abandoning module ClothPainter (528)
[2020.05.11-17.12.51:788][997]LogModuleManager: Shutting down and abandoning module SkeletalMeshEditor (527)
[2020.05.11-17.12.51:790][997]LogModuleManager: Shutting down and abandoning module LogVisualizer (524)
[2020.05.11-17.12.51:790][997]LogModuleManager: Shutting down and abandoning module IntroTutorials (522)
[2020.05.11-17.12.51:790][997]LogModuleManager: Shutting down and abandoning module GameProjectGeneration (521)
[2020.05.11-17.12.51:790][997]LogModuleManager: Shutting down and abandoning module LuminPlatformEditor (518)
[2020.05.11-17.12.51:790][997]LogModuleManager: Shutting down and abandoning module IOSPlatformEditor (516)
[2020.05.11-17.12.51:791][997]LogModuleManager: Shutting down and abandoning module HTML5PlatformEditor (514)
[2020.05.11-17.12.51:791][997]LogModuleManager: Shutting down and abandoning module AndroidPlatformEditor (512)
[2020.05.11-17.12.51:791][997]LogModuleManager: Shutting down and abandoning module AndroidDeviceDetection (511)
[2020.05.11-17.12.52:576][997]LogModuleManager: Shutting down and abandoning module WindowsPlatformEditor (508)
[2020.05.11-17.12.52:576][997]LogModuleManager: Shutting down and abandoning module LuminRuntimeSettings (506)
[2020.05.11-17.12.52:576][997]LogModuleManager: Shutting down and abandoning module IOSRuntimeSettings (504)
[2020.05.11-17.12.52:576][997]LogModuleManager: Shutting down and abandoning module AndroidRuntimeSettings (502)
[2020.05.11-17.12.52:576][997]LogModuleManager: Shutting down and abandoning module InputBindingEditor (500)
[2020.05.11-17.12.52:581][997]LogModuleManager: Shutting down and abandoning module MergeActors (498)
[2020.05.11-17.12.52:582][997]LogModuleManager: Shutting down and abandoning module LocalizationDashboard (496)
[2020.05.11-17.12.52:582][997]LogModuleManager: Shutting down and abandoning module LocalizationService (495)
[2020.05.11-17.12.52:582][997]LogModuleManager: Shutting down and abandoning module HardwareTargeting (492)
[2020.05.11-17.12.52:582][997]LogModuleManager: Shutting down and abandoning module DeviceProfileEditor (490)
[2020.05.11-17.12.52:582][997]LogModuleManager: Shutting down and abandoning module UndoHistory (488)
[2020.05.11-17.12.52:582][997]LogModuleManager: Shutting down and abandoning module XmlParser (486)
[2020.05.11-17.12.52:582][997]LogModuleManager: Shutting down and abandoning module Blutility (484)
[2020.05.11-17.12.52:582][997]LogModuleManager: Shutting down and abandoning module ProjectSettingsViewer (482)
[2020.05.11-17.12.52:582][997]LogModuleManager: Shutting down and abandoning module ProjectTargetPlatformEditor (481)
[2020.05.11-17.12.52:582][997]LogModuleManager: Shutting down and abandoning module EditorSettingsViewer (478)
[2020.05.11-17.12.52:582][997]LogModuleManager: Shutting down and abandoning module SettingsEditor (476)
[2020.05.11-17.12.52:582][997]LogModuleManager: Shutting down and abandoning module ProjectLauncher (474)
[2020.05.11-17.12.52:582][997]LogModuleManager: Shutting down and abandoning module SessionFrontend (472)
[2020.05.11-17.12.52:583][997]LogModuleManager: Shutting down and abandoning module ProfilerClient (470)
[2020.05.11-17.12.52:583][997]LogModuleManager: Shutting down and abandoning module DeviceManager (468)
[2020.05.11-17.12.52:583][997]LogModuleManager: Shutting down and abandoning module TargetDeviceServices (467)
[2020.05.11-17.12.52:638][997]LogModuleManager: Shutting down and abandoning module AutomationController (464)
[2020.05.11-17.12.52:638][997]LogModuleManager: Shutting down and abandoning module AutomationWindow (462)
[2020.05.11-17.12.52:639][997]LogModuleManager: Shutting down and abandoning module Layers (460)
[2020.05.11-17.12.52:640][997]LogModuleManager: Shutting down and abandoning module ComponentVisualizers (458)
[2020.05.11-17.12.52:640][997]LogModuleManager: Shutting down and abandoning module DetailCustomizations (456)
[2020.05.11-17.12.52:640][997]LogModuleManager: Shutting down and abandoning module PackagesDialog (454)
[2020.05.11-17.12.52:641][997]LogModuleManager: Shutting down and abandoning module Persona (452)
[2020.05.11-17.12.52:641][997]LogModuleManager: Shutting down and abandoning module AdvancedPreviewScene (451)
[2020.05.11-17.12.52:641][997]LogModuleManager: Shutting down and abandoning module AnimGraph (449)
[2020.05.11-17.12.52:641][997]LogModuleManager: Shutting down and abandoning module Kismet (446)
[2020.05.11-17.12.52:642][997]LogModuleManager: Shutting down and abandoning module GraphEditor (444)
[2020.05.11-17.12.52:644][997]LogModuleManager: Shutting down and abandoning module ClassViewer (442)
[2020.05.11-17.12.52:644][997]LogModuleManager: Shutting down and abandoning module Toolbox (440)
[2020.05.11-17.12.52:644][997]LogModuleManager: Shutting down and abandoning module ModuleUI (438)
[2020.05.11-17.12.52:644][997]LogModuleManager: Shutting down and abandoning module MovieSceneTools (436)
[2020.05.11-17.12.52:644][997]LogModuleManager: Shutting down and abandoning module OutputLog (434)
[2020.05.11-17.12.52:644][997]LogModuleManager: Shutting down and abandoning module GammaUI (432)
[2020.05.11-17.12.52:644][997]LogModuleManager: Shutting down and abandoning module Documentation (430)
[2020.05.11-17.12.52:644][997]LogModuleManager: Shutting down and abandoning module MovieSceneTracks (428)
[2020.05.11-17.12.52:645][997]LogModuleManager: Shutting down and abandoning module MovieScene (426)
[2020.05.11-17.12.52:645][997]LogModuleManager: Shutting down and abandoning module StreamingPauseRendering (424)
[2020.05.11-17.12.52:645][997]LogModuleManager: Shutting down and abandoning module LauncherPlatform (422)
[2020.05.11-17.12.52:645][997]LogModuleManager: Shutting down and abandoning module AnalyticsET (420)
[2020.05.11-17.12.52:645][997]LogModuleManager: Shutting down and abandoning module PortalServices (418)
[2020.05.11-17.12.52:645][997]LogModuleManager: Shutting down and abandoning module PortalRpc (416)
[2020.05.11-17.12.52:645][997]LogModuleManager: Shutting down and abandoning module MessagingRpc (414)
[2020.05.11-17.12.52:645][997]LogModuleManager: Shutting down and abandoning module AIModule (412)
[2020.05.11-17.12.52:645][997]LogModuleManager: Shutting down and abandoning module GameplayDebugger (411)
[2020.05.11-17.12.52:645][997]LogModuleManager: Shutting down and abandoning module AITestSuite (409)
[2020.05.11-17.12.52:645][997]LogModuleManager: Shutting down and abandoning module NavigationSystem (407)
[2020.05.11-17.12.52:645][997]LogModuleManager: Shutting down and abandoning module DesktopPlatform (404)
[2020.05.11-17.12.52:645][997]LogModuleManager: Shutting down and abandoning module ProfilerService (402)
[2020.05.11-17.12.52:797][997]LogModuleManager: Shutting down and abandoning module TaskGraph (400)
[2020.05.11-17.12.52:797][997]LogModuleManager: Shutting down and abandoning module SteamVRController (398)
[2020.05.11-17.12.52:797][997]LogModuleManager: Shutting down and abandoning module ProceduralMeshComponentEditor (396)
[2020.05.11-17.12.52:797][997]LogModuleManager: Shutting down and abandoning module ProceduralMeshComponent (394)
[2020.05.11-17.12.52:797][997]LogModuleManager: Shutting down and abandoning module OculusInput (392)
[2020.05.11-17.12.52:797][997]LogModuleManager: Shutting down and abandoning module MobilePatchingUtils (390)
[2020.05.11-17.12.52:797][997]LogModuleManager: Shutting down and abandoning module EditableMesh (388)
[2020.05.11-17.12.52:803][997]LogModuleManager: Shutting down and abandoning module CustomMeshComponent (386)
[2020.05.11-17.12.52:803][997]LogModuleManager: Shutting down and abandoning module CableComponent (384)
[2020.05.11-17.12.52:803][997]LogModuleManager: Shutting down and abandoning module AudioCapture (382)
[2020.05.11-17.12.52:803][997]LogModuleManager: Shutting down and abandoning module ArchVisCharacter (380)
[2020.05.11-17.12.52:803][997]LogModuleManager: Shutting down and abandoning module AndroidPermission (378)
[2020.05.11-17.12.52:803][997]LogModuleManager: Shutting down and abandoning module NUTUnrealEngine4 (376)
[2020.05.11-17.12.52:803][997]LogModuleManager: Shutting down and abandoning module NetcodeUnitTest (374)
[2020.05.11-17.12.52:804][997]LogModuleManager: Shutting down and abandoning module MediaCompositingEditor (372)
[2020.05.11-17.12.52:804][997]LogModuleManager: Shutting down and abandoning module MediaCompositing (370)
[2020.05.11-17.12.52:804][997]LogModuleManager: Shutting down and abandoning module LinearTimecode (368)
[2020.05.11-17.12.52:804][997]LogModuleManager: Shutting down and abandoning module ImgMedia (366)
[2020.05.11-17.12.52:807][997]LogModuleManager: Shutting down and abandoning module RawInput (364)
[2020.05.11-17.12.52:807][997]LogModuleManager: Shutting down and abandoning module HTML5Networking (362)
[2020.05.11-17.12.52:807][997]LogModuleManager: Shutting down and abandoning module GeometryCacheTracks (360)
[2020.05.11-17.12.52:807][997]LogModuleManager: Shutting down and abandoning module GeometryCacheSequencer (358)
[2020.05.11-17.12.52:807][997]LogModuleManager: Shutting down and abandoning module BackChannel (356)
[2020.05.11-17.12.52:807][997]LogModuleManager: Shutting down and abandoning module AppleVision (354)
[2020.05.11-17.12.52:807][997]LogModuleManager: Shutting down and abandoning module AppleImageUtils (352)
[2020.05.11-17.12.52:807][997]LogModuleManager: Shutting down and abandoning module AlembicImporter (350)
[2020.05.11-17.12.52:807][997]LogModuleManager: Shutting down and abandoning module AlembicLibrary (349)
[2020.05.11-17.12.52:807][997]LogModuleManager: Shutting down and abandoning module GeometryCache (348)
[2020.05.11-17.12.52:807][997]LogModuleManager: Shutting down and abandoning module GeometryCacheEd (347)
[2020.05.11-17.12.52:807][997]LogModuleManager: Shutting down and abandoning module DatasmithContentEditor (342)
[2020.05.11-17.12.52:807][997]LogModuleManager: Shutting down and abandoning module DatasmithContent (340)
[2020.05.11-17.12.52:807][997]LogModuleManager: Shutting down and abandoning module SpeedTreeImporter (338)
[2020.05.11-17.12.52:807][997]LogModuleManager: Shutting down and abandoning module PluginBrowser (336)
[2020.05.11-17.12.52:807][997]LogModuleManager: Shutting down and abandoning module MobileLauncherProfileWizard (334)
[2020.05.11-17.12.52:808][997]LogModuleManager: Shutting down and abandoning module PolygonModeling (332)
[2020.05.11-17.12.52:808][997]LogModuleManager: Shutting down and abandoning module MeshEditor (330)
[2020.05.11-17.12.52:808][997]LogModuleManager: Shutting down and abandoning module CryptoKeysOpenSSL (328)
[2020.05.11-17.12.52:808][997]LogModuleManager: Shutting down and abandoning module CryptoKeys (326)
[2020.05.11-17.12.52:808][997]LogModuleManager: Shutting down and abandoning module VisualStudioSourceCodeAccess (324)
[2020.05.11-17.12.52:808][997]LogModuleManager: Shutting down and abandoning module VisualStudioCodeSourceCodeAccess (322)
[2020.05.11-17.12.52:808][997]LogModuleManager: Shutting down and abandoning module UObjectPlugin (320)
[2020.05.11-17.12.52:808][997]LogModuleManager: Shutting down and abandoning module SubversionSourceControl (318)
[2020.05.11-17.12.52:808][997]LogModuleManager: Shutting down and abandoning module PerforceSourceControl (316)
[2020.05.11-17.12.52:808][997]LogModuleManager: Shutting down and abandoning module GitSourceControl (314)
[2020.05.11-17.12.52:808][997]LogModuleManager: Shutting down and abandoning module SourceControl (313)
[2020.05.11-17.12.52:808][997]LogModuleManager: Shutting down and abandoning module CLionSourceCodeAccess (310)
[2020.05.11-17.12.52:808][997]LogModuleManager: Shutting down and abandoning module LightPropagationVolumeEditor (308)
[2020.05.11-17.12.52:808][997]LogModuleManager: Shutting down and abandoning module PaperTiledImporter (306)
[2020.05.11-17.12.52:808][997]LogModuleManager: Shutting down and abandoning module PaperSpriteSheetImporter (304)
[2020.05.11-17.12.52:808][997]LogModuleManager: Shutting down and abandoning module Paper2DEditor (302)
[2020.05.11-17.12.52:809][997]LogModuleManager: Shutting down and abandoning module MeshPaint (301)
[2020.05.11-17.12.52:809][997]LogModuleManager: Shutting down and abandoning module RuntimePhysXCooking (298)
[2020.05.11-17.12.52:809][997]LogModuleManager: Shutting down and abandoning module PhysXVehiclesEditor (296)
[2020.05.11-17.12.52:809][997]LogModuleManager: Shutting down and abandoning module PhysXVehicles (294)
[2020.05.11-17.12.52:809][997]LogModuleManager: Shutting down and abandoning module OculusEditor (292)
[2020.05.11-17.12.52:809][997]LogModuleManager: Shutting down and abandoning module LocationServicesBPLibrary (290)
[2020.05.11-17.12.52:809][997]LogModuleManager: Shutting down and abandoning module ImmediatePhysicsEditor (288)
[2020.05.11-17.12.52:809][997]LogModuleManager: Shutting down and abandoning module ImmediatePhysics (286)
[2020.05.11-17.12.52:809][997]LogModuleManager: Shutting down and abandoning module ActorSequence (284)
[2020.05.11-17.12.52:809][997]LogModuleManager: Shutting down and abandoning module UdpMessaging (282)
[2020.05.11-17.12.52:910][997]LogModuleManager: Shutting down and abandoning module TcpMessaging (280)
[2020.05.11-17.12.53:011][997]LogModuleManager: Shutting down and abandoning module MagicLeapAudio (278)
[2020.05.11-17.12.53:011][997]LogModuleManager: Shutting down and abandoning module GameplayTagsEditor (276)
[2020.05.11-17.12.53:019][997]LogModuleManager: Shutting down and abandoning module FacialAnimationEditor (274)
[2020.05.11-17.12.53:019][997]LogModuleManager: Shutting down and abandoning module FacialAnimation (272)
[2020.05.11-17.12.53:019][997]LogModuleManager: Shutting down and abandoning module DataValidation (270)
[2020.05.11-17.12.53:019][997]LogModuleManager: Shutting down and abandoning module AssetManagerEditor (268)
[2020.05.11-17.12.53:020][997]LogModuleManager: Shutting down and abandoning module LevelEditor (267)
[2020.05.11-17.12.53:021][997]LogModuleManager: Shutting down and abandoning module PixelInspectorModule (266)
[2020.05.11-17.12.53:021][997]LogModuleManager: Shutting down and abandoning module CommonMenuExtensions (264)
[2020.05.11-17.12.53:022][997]LogModuleManager: Shutting down and abandoning module MainFrame (262)
[2020.05.11-17.12.53:022][997]LogModuleManager: Shutting down and abandoning module HotReload (261)
[2020.05.11-17.12.53:022][997]LogModuleManager: Shutting down and abandoning module ContentBrowser (257)
[2020.05.11-17.12.53:024][997]LogModuleManager: Shutting down and abandoning module TreeMap (255)
[2020.05.11-17.12.53:024][997]LogModuleManager: Shutting down and abandoning module LightPropagationVolumeRuntime (252)
[2020.05.11-17.12.53:024][997]LogModuleManager: Shutting down and abandoning module AISupportModule (250)
[2020.05.11-17.12.53:024][997]LogModuleManager: Shutting down and abandoning module Paper2D (248)
[2020.05.11-17.12.53:024][997]LogModuleManager: Shutting down and abandoning module WindowsMoviePlayer (246)
[2020.05.11-17.12.53:024][997]LogModuleManager: Shutting down and abandoning module WmfMedia (244)
[2020.05.11-17.12.53:027][997]LogModuleManager: Shutting down and abandoning module Media (243)
[2020.05.11-17.12.53:033][997]LogModuleManager: Shutting down and abandoning module PacketHandler (240)
[2020.05.11-17.12.53:033][997]LogModuleManager: Shutting down and abandoning module ClothingSystemEditor (238)
[2020.05.11-17.12.53:033][997]LogModuleManager: Shutting down and abandoning module ClothingSystemRuntime (236)
[2020.05.11-17.12.53:034][997]LogModuleManager: Shutting down and abandoning module MediaAssets (234)
[2020.05.11-17.12.53:034][997]LogModuleManager: Shutting down and abandoning module Overlay (232)
[2020.05.11-17.12.53:034][997]LogModuleManager: Shutting down and abandoning module OverlayEditor (231)
[2020.05.11-17.12.53:034][997]LogModuleManager: Shutting down and abandoning module VREditor (228)
[2020.05.11-17.12.53:035][997]LogModuleManager: Shutting down and abandoning module StringTableEditor (226)
[2020.05.11-17.12.53:035][997]LogModuleManager: Shutting down and abandoning module GameplayTasksEditor (224)
[2020.05.11-17.12.53:035][997]LogModuleManager: Shutting down and abandoning module BehaviorTreeEditor (222)
[2020.05.11-17.12.53:036][997]LogModuleManager: Shutting down and abandoning module FunctionalTesting (220)
[2020.05.11-17.12.53:036][997]LogModuleManager: Shutting down and abandoning module CollisionAnalyzer (218)
[2020.05.11-17.12.53:036][997]LogModuleManager: Shutting down and abandoning module WorkspaceMenuStructure (217)
[2020.05.11-17.12.53:036][997]LogModuleManager: Shutting down and abandoning module UMG (214)
[2020.05.11-17.12.53:037][997]LogModuleManager: Shutting down and abandoning module UMGEditor (213)
[2020.05.11-17.12.53:038][997]LogModuleManager: Shutting down and abandoning module Sequencer (212)
[2020.05.11-17.12.53:039][997]LogModuleManager: Shutting down and abandoning module MessageLog (209)
[2020.05.11-17.12.53:039][997]LogModuleManager: Shutting down and abandoning module SlateReflector (204)
[2020.05.11-17.12.53:040][997]LogModuleManager: Shutting down and abandoning module Slate (202)
[2020.05.11-17.12.53:040][997]LogModuleManager: Shutting down and abandoning module EditorStyle (200)
[2020.05.11-17.12.53:044][997]LogModuleManager: Shutting down and abandoning module MRMesh (198)
[2020.05.11-17.12.53:044][997]LogModuleManager: Shutting down and abandoning module SourceCodeAccess (196)
[2020.05.11-17.12.53:044][997]LogModuleManager: Shutting down and abandoning module HeadMountedDisplay (194)
[2020.05.11-17.12.53:044][997]LogModuleManager: Shutting down and abandoning module XAudio2 (192)
[2020.05.11-17.12.53:044][997]LogModuleManager: Shutting down and abandoning module Networking (190)
[2020.05.11-17.12.53:044][997]LogModuleManager: Shutting down and abandoning module Core (188)
[2020.05.11-17.12.53:044][997]LogModuleManager: Shutting down and abandoning module LevelSequence (186)
[2020.05.11-17.12.53:044][997]LogModuleManager: Shutting down and abandoning module KismetCompiler (184)
[2020.05.11-17.12.53:044][997]LogModuleManager: Shutting down and abandoning module MeshUtilities (182)
[2020.05.11-17.12.53:044][997]LogModuleManager: Shutting down and abandoning module MeshMergeUtilities (181)
[2020.05.11-17.12.53:044][997]LogModuleManager: Shutting down and abandoning module MeshReductionInterface (180)
[2020.05.11-17.12.53:045][997]LogModuleManager: Shutting down and abandoning module SimplygonSwarm (179)
[2020.05.11-17.12.53:045][997]LogModuleManager: Shutting down and abandoning module ProxyLODMeshReduction (177)
[2020.05.11-17.12.53:046][997]LogModuleManager: Shutting down and abandoning module SimplygonMeshReduction (175)
[2020.05.11-17.12.53:046][997]LogModuleManager: Shutting down and abandoning module QuadricMeshReduction (173)
[2020.05.11-17.12.53:047][997]LogModuleManager: Shutting down and abandoning module MaterialBaking (169)
[2020.05.11-17.12.53:047][997]LogModuleManager: Shutting down and abandoning module DirectoryWatcher (165)
[2020.05.11-17.12.53:047][997]LogModuleManager: Shutting down and abandoning module DerivedDataCache (162)
[2020.05.11-17.12.53:120][997]LogDerivedDataCache: Shutdown
[2020.05.11-17.12.53:120][997]LogModuleManager: Shutting down and abandoning module XGEController (160)
[2020.05.11-17.12.53:120][997]LogModuleManager: Shutting down and abandoning module TargetPlatform (158)
[2020.05.11-17.12.53:120][997]LogModuleManager: Shutting down and abandoning module VulkanShaderFormat (157)
[2020.05.11-17.12.53:120][997]LogModuleManager: Shutting down and abandoning module ShaderFormatVectorVM (155)
[2020.05.11-17.12.53:120][997]LogModuleManager: Shutting down and abandoning module ShaderFormatOpenGL (153)
[2020.05.11-17.12.53:125][997]LogModuleManager: Shutting down and abandoning module ShaderFormatD3D (151)
[2020.05.11-17.12.53:125][997]LogModuleManager: Shutting down and abandoning module MetalShaderFormat (149)
[2020.05.11-17.12.53:126][997]LogModuleManager: Shutting down and abandoning module TextureFormatUncompressed (147)
[2020.05.11-17.12.53:126][997]LogModuleManager: Shutting down and abandoning module TextureFormatPVR (145)
[2020.05.11-17.12.53:126][997]LogModuleManager: Shutting down and abandoning module TextureFormatDXT (143)
[2020.05.11-17.12.53:126][997]LogModuleManager: Shutting down and abandoning module TextureFormatIntelISPCTexComp (141)
[2020.05.11-17.12.53:126][997]LogModuleManager: Shutting down and abandoning module TextureFormatASTC (139)
[2020.05.11-17.12.53:126][997]LogModuleManager: Shutting down and abandoning module ImageWrapper (138)
[2020.05.11-17.12.53:126][997]LogModuleManager: Shutting down and abandoning module TextureFormatAndroid (135)
[2020.05.11-17.12.53:126][997]LogModuleManager: Shutting down and abandoning module AudioFormatOpus (133)
[2020.05.11-17.12.53:126][997]LogModuleManager: Shutting down and abandoning module AudioFormatOgg (131)
[2020.05.11-17.12.53:126][997]LogModuleManager: Shutting down and abandoning module AudioFormatADPCM (129)
[2020.05.11-17.12.53:126][997]LogModuleManager: Shutting down and abandoning module LuminTargetPlatform (127)
[2020.05.11-17.12.53:126][997]LogModuleManager: Shutting down and abandoning module LinuxTargetPlatform (125)
[2020.05.11-17.12.53:126][997]LogModuleManager: Shutting down and abandoning module LinuxServerTargetPlatform (123)
[2020.05.11-17.12.53:126][997]LogModuleManager: Shutting down and abandoning module LinuxNoEditorTargetPlatform (121)
[2020.05.11-17.12.53:126][997]LogModuleManager: Shutting down and abandoning module LinuxClientTargetPlatform (119)
[2020.05.11-17.12.53:126][997]LogModuleManager: Shutting down and abandoning module TVOSTargetPlatform (117)
[2020.05.11-17.12.53:127][997]LogModuleManager: Shutting down and abandoning module Messaging (115)
[2020.05.11-17.12.53:127][997]LogModuleManager: Shutting down and abandoning module IOSTargetPlatform (113)
[2020.05.11-17.12.53:127][997]LogModuleManager: Shutting down and abandoning module HTML5TargetPlatform (111)
[2020.05.11-17.12.53:127][997]LogModuleManager: Shutting down and abandoning module AndroidTargetPlatform (109)
[2020.05.11-17.12.53:131][997]LogModuleManager: Shutting down and abandoning module WindowsTargetPlatform (107)
[2020.05.11-17.12.53:131][997]LogModuleManager: Shutting down and abandoning module WindowsServerTargetPlatform (105)
[2020.05.11-17.12.53:131][997]LogModuleManager: Shutting down and abandoning module WindowsNoEditorTargetPlatform (103)
[2020.05.11-17.12.53:131][997]LogModuleManager: Shutting down and abandoning module WindowsClientTargetPlatform (101)
[2020.05.11-17.12.53:131][997]LogModuleManager: Shutting down and abandoning module MacTargetPlatform (99)
[2020.05.11-17.12.53:131][997]LogModuleManager: Shutting down and abandoning module MacServerTargetPlatform (97)
[2020.05.11-17.12.53:131][997]LogModuleManager: Shutting down and abandoning module MacNoEditorTargetPlatform (95)
[2020.05.11-17.12.53:131][997]LogModuleManager: Shutting down and abandoning module MacClientTargetPlatform (93)
[2020.05.11-17.12.53:131][997]LogModuleManager: Shutting down and abandoning module AllDesktopTargetPlatform (91)
[2020.05.11-17.12.53:131][997]LogModuleManager: Shutting down and abandoning module InputCore (88)
[2020.05.11-17.12.53:131][997]LogModuleManager: Shutting down and abandoning module Settings (86)
[2020.05.11-17.12.53:131][997]LogModuleManager: Shutting down and abandoning module PhysXCooking (84)
[2020.05.11-17.12.53:131][997]LogModuleManager: Shutting down and abandoning module SteamVR (82)
[2020.05.11-17.12.53:131][997]LogModuleManager: Shutting down and abandoning module OculusHMD (80)
[2020.05.11-17.12.53:131][997]LogModuleManager: Shutting down and abandoning module ExampleDeviceProfileSelector (78)
[2020.05.11-17.12.53:131][997]LogModuleManager: Shutting down and abandoning module LauncherChunkInstaller (76)
[2020.05.11-17.12.53:131][997]LogModuleManager: Shutting down and abandoning module OnlineBlueprintSupport (74)
[2020.05.11-17.12.53:131][997]LogModuleManager: Shutting down and abandoning module OnlineSubsystem (70)
[2020.05.11-17.12.53:133][997]LogModuleManager: Shutting down and abandoning module XMPP (65)
[2020.05.11-17.12.53:133][997]LogModuleManager: Shutting down and abandoning module WebSockets (64)
[2020.05.11-17.12.53:149][997]LogModuleManager: Shutting down and abandoning module HTTP (61)
[2020.05.11-17.12.53:149][997]LogHttp: Display: Http module shutting down, but needs to wait on 1 outstanding Http requests:
[2020.05.11-17.12.53:149][997]LogHttp: Display: 	verb=[POST] url=[https://datarouter.ol.epicgames.com/datarouter/api/v1/public/data?SessionID=%7B97B185F1-49B4-CCDA-3A5D-8AA7ED70BC62%7D&AppID=UEEditor.Rocket.Release&AppVersion=4.20.3-4369336%2B%2B%2BUE4%2BRelease-4.20&UserID=0476ee8a420b7a20cab273a5f8b05d56%7C7f3f167daf384797b56d38b99b8bd9f3%7Cab4e915a-5b18-4605-a28b-c04c0053b0d7&AppEnvironment=datacollector-binary&UploadType=eteventstream] status=Processing
[2020.05.11-17.12.53:175][997]LogModuleManager: Shutting down and abandoning module SSL (60)
[2020.05.11-17.12.53:176][997]LogModuleManager: Shutting down and abandoning module MagicLeapEmulator (56)
[2020.05.11-17.12.53:176][997]LogModuleManager: Shutting down and abandoning module MagicLeapPrivileges (54)
[2020.05.11-17.12.53:176][997]LogModuleManager: Shutting down and abandoning module MagicLeapIdentity (52)
[2020.05.11-17.12.53:176][997]LogModuleManager: Shutting down and abandoning module MagicLeapHelperVulkan (50)
[2020.05.11-17.12.53:176][997]LogModuleManager: Shutting down and abandoning module MagicLeapHelperOpenGL (48)
[2020.05.11-17.12.53:176][997]LogModuleManager: Shutting down and abandoning module MagicLeapSecureStorage (46)
[2020.05.11-17.12.53:176][997]LogModuleManager: Shutting down and abandoning module MagicLeapGestures (44)
[2020.05.11-17.12.53:176][997]LogModuleManager: Shutting down and abandoning module MagicLeapEyeTracker (42)
[2020.05.11-17.12.53:176][997]LogModuleManager: Shutting down and abandoning module MagicLeapController (40)
[2020.05.11-17.12.53:176][997]LogSlate: Slate User Destroyed.  User Index 0, Is Virtual User: 0
[2020.05.11-17.12.53:176][997]LogModuleManager: Shutting down and abandoning module MagicLeap (38)
[2020.05.11-17.12.53:176][997]LogModuleManager: Shutting down and abandoning module AnimationModifiers (36)
[2020.05.11-17.12.53:177][997]LogModuleManager: Shutting down and abandoning module PropertyEditor (35)
[2020.05.11-17.12.53:177][997]LogModuleManager: Shutting down and abandoning module AudioEditor (32)
[2020.05.11-17.12.53:178][997]LogModuleManager: Shutting down and abandoning module TextureCompressor (30)
[2020.05.11-17.12.53:178][997]LogModuleManager: Shutting down and abandoning module ShaderCore (28)
[2020.05.11-17.12.53:178][997]LogModuleManager: Shutting down and abandoning module Landscape (26)
[2020.05.11-17.12.53:178][997]LogModuleManager: Shutting down and abandoning module SlateRHIRenderer (24)
[2020.05.11-17.12.53:179][997]LogModuleManager: Shutting down and abandoning module OpenGLDrv (22)
[2020.05.11-17.12.53:179][997]LogModuleManager: Shutting down and abandoning module D3D11RHI (20)
[2020.05.11-17.12.53:179][997]LogModuleManager: Shutting down and abandoning module AnimGraphRuntime (18)
[2020.05.11-17.12.53:179][997]LogModuleManager: Shutting down and abandoning module Renderer (16)
[2020.05.11-17.12.53:179][997]LogModuleManager: Shutting down and abandoning module Engine (14)
[2020.05.11-17.12.53:179][997]LogModuleManager: Shutting down and abandoning module CoreUObject (12)
[2020.05.11-17.12.53:179][997]LogModuleManager: Shutting down and abandoning module NetworkFile (10)
[2020.05.11-17.12.53:179][997]LogModuleManager: Shutting down and abandoning module CookedIterativeFile (8)
[2020.05.11-17.12.53:179][997]LogModuleManager: Shutting down and abandoning module StreamingFile (6)
[2020.05.11-17.12.53:179][997]LogModuleManager: Shutting down and abandoning module SandboxFile (4)
[2020.05.11-17.12.53:179][997]LogModuleManager: Shutting down and abandoning module PakFile (2)
[2020.05.11-17.12.53:188][997]LogExit: Exiting.
[2020.05.11-17.12.53:194][997]Log file closed, 05/11/20 20:12:53
